{"meta": {"format": 3, "version": "7.11.3", "timestamp": "2025-11-13T16:27:08.467140", "branch_coverage": false, "show_contexts": false}, "files": {"DOCSTRING_TEMPLATES.py": {"executed_lines": [], "summary": {"covered_lines": 0, "num_statements": 9, "percent_covered": 0.0, "percent_covered_display": "0.00", "missing_lines": 9, "excluded_lines": 0}, "missing_lines": [20, 66, 127, 171, 205, 273, 365, 441, 511], "excluded_lines": [], "functions": {"FileIngester.__init__": {"executed_lines": [], "summary": {"covered_lines": 0, "num_statements": 0, "percent_covered": 100.0, "percent_covered_display": "100.00", "missing_lines": 0, "excluded_lines": 0}, "missing_lines": [], "excluded_lines": []}, "infer_column_type": {"executed_lines": [], "summary": {"covered_lines": 0, "num_statements": 0, "percent_covered": 100.0, "percent_covered_display": "100.00", "missing_lines": 0, "excluded_lines": 0}, "missing_lines": [], "excluded_lines": []}, "calculate_statistics": {"executed_lines": [], "summary": {"covered_lines": 0, "num_statements": 0, "percent_covered": 100.0, "percent_covered_display": "100.00", "missing_lines": 0, "excluded_lines": 0}, "missing_lines": [], "excluded_lines": []}, "get_profile": {"executed_lines": [], "summary": {"covered_lines": 0, "num_statements": 0, "percent_covered": 100.0, "percent_covered_display": "100.00", "missing_lines": 0, "excluded_lines": 0}, "missing_lines": [], "excluded_lines": []}, "": {"executed_lines": [], "summary": {"covered_lines": 0, "num_statements": 9, "percent_covered": 0.0, "percent_covered_display": "0.00", "missing_lines": 9, "excluded_lines": 0}, "missing_lines": [20, 66, 127, 171, 205, 273, 365, 441, 511], "excluded_lines": []}}, "classes": {"FileIngester": {"executed_lines": [], "summary": {"covered_lines": 0, "num_statements": 0, "percent_covered": 100.0, "percent_covered_display": "100.00", "missing_lines": 0, "excluded_lines": 0}, "missing_lines": [], "excluded_lines": []}, "ProfilingError": {"executed_lines": [], "summary": {"covered_lines": 0, "num_statements": 0, "percent_covered": 100.0, "percent_covered_display": "100.00", "missing_lines": 0, "excluded_lines": 0}, "missing_lines": [], "excluded_lines": []}, "ColumnProfile": {"executed_lines": [], "summary": {"covered_lines": 0, "num_statements": 0, "percent_covered": 100.0, "percent_covered_display": "100.00", "missing_lines": 0, "excluded_lines": 0}, "missing_lines": [], "excluded_lines": []}, "": {"executed_lines": [], "summary": {"covered_lines": 0, "num_statements": 9, "percent_covered": 0.0, "percent_covered_display": "0.00", "missing_lines": 9, "excluded_lines": 0}, "missing_lines": [20, 66, 127, 171, 205, 273, 365, 441, 511], "excluded_lines": []}}}, "app.py": {"executed_lines": [1, 7, 8, 10, 11, 12, 14, 15, 18, 21, 31, 45, 46, 68, 69, 78, 86, 90, 91, 107, 108, 118, 119, 126], "summary": {"covered_lines": 23, "num_statements": 29, "percent_covered": 79.3103448275862, "percent_covered_display": "79.31", "missing_lines": 6, "excluded_lines": 0}, "missing_lines": [57, 98, 99, 102, 103, 114], "excluded_lines": [], "functions": {"global_exception_handler": {"executed_lines": [], "summary": {"covered_lines": 0, "num_statements": 1, "percent_covered": 0.0, "percent_covered_display": "0.00", "missing_lines": 1, "excluded_lines": 0}, "missing_lines": [57], "excluded_lines": []}, "health_check": {"executed_lines": [78], "summary": {"covered_lines": 1, "num_statements": 1, "percent_covered": 100.0, "percent_covered_display": "100.00", "missing_lines": 0, "excluded_lines": 0}, "missing_lines": [], "excluded_lines": []}, "startup_event": {"executed_lines": [], "summary": {"covered_lines": 0, "num_statements": 4, "percent_covered": 0.0, "percent_covered_display": "0.00", "missing_lines": 4, "excluded_lines": 0}, "missing_lines": [98, 99, 102, 103], "excluded_lines": []}, "shutdown_event": {"executed_lines": [], "summary": {"covered_lines": 0, "num_statements": 1, "percent_covered": 0.0, "percent_covered_display": "0.00", "missing_lines": 1, "excluded_lines": 0}, "missing_lines": [114], "excluded_lines": []}, "root": {"executed_lines": [126], "summary": {"covered_lines": 1, "num_statements": 1, "percent_covered": 100.0, "percent_covered_display": "100.00", "missing_lines": 0, "excluded_lines": 0}, "missing_lines": [], "excluded_lines": []}, "": {"executed_lines": [1, 7, 8, 10, 11, 12, 14, 15, 18, 21, 31, 45, 46, 68, 69, 86, 90, 91, 107, 108, 118, 119], "summary": {"covered_lines": 21, "num_statements": 21, "percent_covered": 100.0, "percent_covered_display": "100.00", "missing_lines": 0, "excluded_lines": 0}, "missing_lines": [], "excluded_lines": []}}, "classes": {"": {"executed_lines": [1, 7, 8, 10, 11, 12, 14, 15, 18, 21, 31, 45, 46, 68, 69, 78, 86, 90, 91, 107, 108, 118, 119, 126], "summary": {"covered_lines": 23, "num_statements": 29, "percent_covered": 79.3103448275862, "percent_covered_display": "79.31", "missing_lines": 6, "excluded_lines": 0}, "missing_lines": [57, 98, 99, 102, 103, 114], "excluded_lines": []}}}, "models/run.py": {"executed_lines": [1, 7, 8, 9, 10, 12, 15, 16, 17, 18, 19, 20, 23, 24, 26, 31, 35, 40, 41, 50, 51, 53, 54, 55, 57, 58, 67, 68, 70, 71, 72, 74, 75, 84, 85, 87, 88, 89, 90, 91, 92, 93, 94, 95, 97, 98, 124, 125, 127, 128, 129, 131, 132, 141, 142, 144, 145, 146, 148, 149], "summary": {"covered_lines": 52, "num_statements": 52, "percent_covered": 100.0, "percent_covered_display": "100.00", "missing_lines": 0, "excluded_lines": 0}, "missing_lines": [], "excluded_lines": [], "functions": {"": {"executed_lines": [1, 7, 8, 9, 10, 12, 15, 16, 17, 18, 19, 20, 23, 24, 26, 31, 35, 40, 41, 50, 51, 53, 54, 55, 57, 58, 67, 68, 70, 71, 72, 74, 75, 84, 85, 87, 88, 89, 90, 91, 92, 93, 94, 95, 97, 98, 124, 125, 127, 128, 129, 131, 132, 141, 142, 144, 145, 146, 148, 149], "summary": {"covered_lines": 52, "num_statements": 52, "percent_covered": 100.0, "percent_covered_display": "100.00", "missing_lines": 0, "excluded_lines": 0}, "missing_lines": [], "excluded_lines": []}}, "classes": {"RunState": {"executed_lines": [], "summary": {"covered_lines": 0, "num_statements": 0, "percent_covered": 100.0, "percent_covered_display": "100.00", "missing_lines": 0, "excluded_lines": 0}, "missing_lines": [], "excluded_lines": []}, "RunCreate": {"executed_lines": [], "summary": {"covered_lines": 0, "num_statements": 0, "percent_covered": 100.0, "percent_covered_display": "100.00", "missing_lines": 0, "excluded_lines": 0}, "missing_lines": [], "excluded_lines": []}, "RunCreate.Config": {"executed_lines": [], "summary": {"covered_lines": 0, "num_statements": 0, "percent_covered": 100.0, "percent_covered_display": "100.00", "missing_lines": 0, "excluded_lines": 0}, "missing_lines": [], "excluded_lines": []}, "RunResponse": {"executed_lines": [], "summary": {"covered_lines": 0, "num_statements": 0, "percent_covered": 100.0, "percent_covered_display": "100.00", "missing_lines": 0, "excluded_lines": 0}, "missing_lines": [], "excluded_lines": []}, "RunResponse.Config": {"executed_lines": [], "summary": {"covered_lines": 0, "num_statements": 0, "percent_covered": 100.0, "percent_covered_display": "100.00", "missing_lines": 0, "excluded_lines": 0}, "missing_lines": [], "excluded_lines": []}, "ErrorDetail": {"executed_lines": [], "summary": {"covered_lines": 0, "num_statements": 0, "percent_covered": 100.0, "percent_covered_display": "100.00", "missing_lines": 0, "excluded_lines": 0}, "missing_lines": [], "excluded_lines": []}, "ErrorDetail.Config": {"executed_lines": [], "summary": {"covered_lines": 0, "num_statements": 0, "percent_covered": 100.0, "percent_covered_display": "100.00", "missing_lines": 0, "excluded_lines": 0}, "missing_lines": [], "excluded_lines": []}, "RunStatus": {"executed_lines": [], "summary": {"covered_lines": 0, "num_statements": 0, "percent_covered": 100.0, "percent_covered_display": "100.00", "missing_lines": 0, "excluded_lines": 0}, "missing_lines": [], "excluded_lines": []}, "RunStatus.Config": {"executed_lines": [], "summary": {"covered_lines": 0, "num_statements": 0, "percent_covered": 100.0, "percent_covered_display": "100.00", "missing_lines": 0, "excluded_lines": 0}, "missing_lines": [], "excluded_lines": []}, "FileUploadResponse": {"executed_lines": [], "summary": {"covered_lines": 0, "num_statements": 0, "percent_covered": 100.0, "percent_covered_display": "100.00", "missing_lines": 0, "excluded_lines": 0}, "missing_lines": [], "excluded_lines": []}, "FileUploadResponse.Config": {"executed_lines": [], "summary": {"covered_lines": 0, "num_statements": 0, "percent_covered": 100.0, "percent_covered_display": "100.00", "missing_lines": 0, "excluded_lines": 0}, "missing_lines": [], "excluded_lines": []}, "HealthResponse": {"executed_lines": [], "summary": {"covered_lines": 0, "num_statements": 0, "percent_covered": 100.0, "percent_covered_display": "100.00", "missing_lines": 0, "excluded_lines": 0}, "missing_lines": [], "excluded_lines": []}, "HealthResponse.Config": {"executed_lines": [], "summary": {"covered_lines": 0, "num_statements": 0, "percent_covered": 100.0, "percent_covered_display": "100.00", "missing_lines": 0, "excluded_lines": 0}, "missing_lines": [], "excluded_lines": []}, "": {"executed_lines": [1, 7, 8, 9, 10, 12, 15, 16, 17, 18, 19, 20, 23, 24, 26, 31, 35, 40, 41, 50, 51, 53, 54, 55, 57, 58, 67, 68, 70, 71, 72, 74, 75, 84, 85, 87, 88, 89, 90, 91, 92, 93, 94, 95, 97, 98, 124, 125, 127, 128, 129, 131, 132, 141, 142, 144, 145, 146, 148, 149], "summary": {"covered_lines": 52, "num_statements": 52, "percent_covered": 100.0, "percent_covered_display": "100.00", "missing_lines": 0, "excluded_lines": 0}, "missing_lines": [], "excluded_lines": []}}}, "routers/runs.py": {"executed_lines": [1, 7, 8, 9, 10, 11, 12, 13, 14, 16, 17, 19, 27, 35, 36, 43, 44, 47, 50, 53, 56, 59, 62, 64, 67, 68, 84, 85, 86, 92, 104, 109, 126, 129, 130, 136, 137, 144, 145, 151, 152, 153, 154, 159, 161, 164, 165, 166, 167, 168, 169, 175, 178, 181, 183, 189, 190, 204, 229, 230, 231, 234, 235, 237, 238, 241, 242, 243, 245, 246, 247, 249, 250, 255, 258, 259, 261, 262, 263, 264, 267, 269, 270, 273, 274, 277, 284, 287, 296, 297, 307, 316, 317, 326, 334, 335, 345, 347, 350, 352, 355, 381, 383, 385, 386, 387, 389, 391, 392, 400, 403, 405, 406, 407, 410, 413, 424, 427, 428, 430, 437, 440, 441, 452, 453, 454, 456, 461, 462, 476, 479, 480, 481, 482, 485, 486, 489, 490, 491, 499, 500, 510, 512, 521, 524, 542, 543, 558, 560, 561, 566, 567, 574, 575, 577], "summary": {"covered_lines": 154, "num_statements": 185, "percent_covered": 83.24324324324324, "percent_covered_display": "83.24", "missing_lines": 31, "excluded_lines": 0}, "missing_lines": [54, 55, 97, 98, 138, 191, 193, 194, 198, 244, 248, 252, 308, 327, 414, 442, 444, 445, 449, 457, 458, 464, 465, 470, 526, 528, 529, 533, 535, 536, 568], "excluded_lines": [], "functions": {"get_workspace": {"executed_lines": [53, 56], "summary": {"covered_lines": 2, "num_statements": 4, "percent_covered": 50.0, "percent_covered_display": "50.00", "missing_lines": 2, "excluded_lines": 0}, "missing_lines": [54, 55], "excluded_lines": []}, "set_workspace": {"executed_lines": [62], "summary": {"covered_lines": 1, "num_statements": 1, "percent_covered": 100.0, "percent_covered_display": "100.00", "missing_lines": 0, "excluded_lines": 0}, "missing_lines": [], "excluded_lines": []}, "create_run": {"executed_lines": [84, 85, 86, 92], "summary": {"covered_lines": 4, "num_statements": 6, "percent_covered": 66.66666666666667, "percent_covered_display": "66.67", "missing_lines": 2, "excluded_lines": 0}, "missing_lines": [97, 98], "excluded_lines": []}, "upload_file": {"executed_lines": [126, 129, 130, 136, 137, 144, 145, 151, 152, 153, 154, 159, 161, 164, 165, 166, 167, 168, 169, 175, 178, 181, 183, 189, 190], "summary": {"covered_lines": 25, "num_statements": 30, "percent_covered": 83.33333333333333, "percent_covered_display": "83.33", "missing_lines": 5, "excluded_lines": 0}, "missing_lines": [138, 191, 193, 194, 198], "excluded_lines": []}, "profile_columns": {"executed_lines": [229, 230, 231, 234, 235, 237, 238, 241, 242, 243, 245, 246, 247, 249, 250, 255, 258, 259, 261, 262, 263, 264, 267, 269, 270, 273, 274, 277, 284, 287, 296, 297, 307, 316, 317, 326, 334, 335, 345, 347, 350, 352], "summary": {"covered_lines": 42, "num_statements": 47, "percent_covered": 89.36170212765957, "percent_covered_display": "89.36", "missing_lines": 5, "excluded_lines": 0}, "missing_lines": [244, 248, 252, 308, 327], "excluded_lines": []}, "process_file": {"executed_lines": [381, 383, 385, 386, 387, 389, 391, 392, 400, 403, 405, 406, 407, 410, 413, 424, 427, 428, 430, 437, 440, 441, 452, 453, 454, 456, 461, 462, 476, 479, 480, 481, 482, 485, 486, 489, 490, 491, 499, 500, 510, 512, 521, 524], "summary": {"covered_lines": 44, "num_statements": 60, "percent_covered": 73.33333333333333, "percent_covered_display": "73.33", "missing_lines": 16, "excluded_lines": 0}, "missing_lines": [414, 442, 444, 445, 449, 457, 458, 464, 465, 470, 526, 528, 529, 533, 535, 536], "excluded_lines": []}, "get_run_status": {"executed_lines": [558, 560, 561, 566, 567, 574, 575, 577], "summary": {"covered_lines": 8, "num_statements": 9, "percent_covered": 88.88888888888889, "percent_covered_display": "88.89", "missing_lines": 1, "excluded_lines": 0}, "missing_lines": [568], "excluded_lines": []}, "": {"executed_lines": [1, 7, 8, 9, 10, 11, 12, 13, 14, 16, 17, 19, 27, 35, 36, 43, 44, 47, 50, 59, 64, 67, 68, 104, 109, 204, 355, 542, 543], "summary": {"covered_lines": 28, "num_statements": 28, "percent_covered": 100.0, "percent_covered_display": "100.00", "missing_lines": 0, "excluded_lines": 0}, "missing_lines": [], "excluded_lines": []}}, "classes": {"": {"executed_lines": [1, 7, 8, 9, 10, 11, 12, 13, 14, 16, 17, 19, 27, 35, 36, 43, 44, 47, 50, 53, 56, 59, 62, 64, 67, 68, 84, 85, 86, 92, 104, 109, 126, 129, 130, 136, 137, 144, 145, 151, 152, 153, 154, 159, 161, 164, 165, 166, 167, 168, 169, 175, 178, 181, 183, 189, 190, 204, 229, 230, 231, 234, 235, 237, 238, 241, 242, 243, 245, 246, 247, 249, 250, 255, 258, 259, 261, 262, 263, 264, 267, 269, 270, 273, 274, 277, 284, 287, 296, 297, 307, 316, 317, 326, 334, 335, 345, 347, 350, 352, 355, 381, 383, 385, 386, 387, 389, 391, 392, 400, 403, 405, 406, 407, 410, 413, 424, 427, 428, 430, 437, 440, 441, 452, 453, 454, 456, 461, 462, 476, 479, 480, 481, 482, 485, 486, 489, 490, 491, 499, 500, 510, 512, 521, 524, 542, 543, 558, 560, 561, 566, 567, 574, 575, 577], "summary": {"covered_lines": 154, "num_statements": 185, "percent_covered": 83.24324324324324, "percent_covered_display": "83.24", "missing_lines": 31, "excluded_lines": 0}, "missing_lines": [54, 55, 97, 98, 138, 191, 193, 194, 198, 244, 248, 252, 308, 327, 414, 442, 444, 445, 449, 457, 458, 464, 465, 470, 526, 528, 529, 533, 535, 536, 568], "excluded_lines": []}}}, "services/distincts.py": {"executed_lines": [1, 10, 11, 12, 13, 14, 15, 18, 19, 20, 35, 36, 37, 38, 39, 40, 41, 42, 43, 45, 55, 60, 63, 64, 72, 88, 89, 90, 91, 92, 93, 95, 113, 114, 116, 117, 118, 119, 122, 123, 126, 127, 129, 130, 131, 134, 135, 136, 139, 140, 141, 144, 145, 147, 148, 151, 152, 154, 157, 158, 160, 161, 163, 164, 166, 178, 180, 184, 185, 188, 189, 193, 201, 206, 208, 218, 221, 225, 232, 234, 241, 244, 245, 247, 248, 249, 251, 253, 255, 256, 257, 259, 260, 261, 265, 267, 269, 270, 273, 284, 285, 287, 291, 299, 304, 305, 308, 323, 324, 326, 329, 336, 337, 340, 351, 352, 354, 356, 360, 361, 363, 366, 382, 383, 385, 388, 395, 396, 398], "summary": {"covered_lines": 124, "num_statements": 129, "percent_covered": 96.12403100775194, "percent_covered_display": "96.12", "missing_lines": 5, "excluded_lines": 0}, "missing_lines": [181, 219, 242, 262, 263], "excluded_lines": [], "functions": {"DistinctCountResult.get_top_n": {"executed_lines": [55, 60], "summary": {"covered_lines": 2, "num_statements": 2, "percent_covered": 100.0, "percent_covered_display": "100.00", "missing_lines": 0, "excluded_lines": 0}, "missing_lines": [], "excluded_lines": []}, "DistinctCounter.__init__": {"executed_lines": [88, 89, 90, 91, 92, 93], "summary": {"covered_lines": 6, "num_statements": 6, "percent_covered": 100.0, "percent_covered_display": "100.00", "missing_lines": 0, "excluded_lines": 0}, "missing_lines": [], "excluded_lines": []}, "DistinctCounter.count_distincts": {"executed_lines": [113, 114, 116, 117, 118, 119, 122, 123, 126, 127, 129, 130, 131, 134, 135, 136, 139, 140, 141, 144, 145, 147, 148, 151, 152, 154, 157, 158, 160, 161, 163, 164, 166], "summary": {"covered_lines": 33, "num_statements": 33, "percent_covered": 100.0, "percent_covered_display": "100.00", "missing_lines": 0, "excluded_lines": 0}, "missing_lines": [], "excluded_lines": []}, "DistinctCounter._init_sqlite_storage": {"executed_lines": [180, 184, 185, 188, 189, 193, 201, 206], "summary": {"covered_lines": 8, "num_statements": 9, "percent_covered": 88.88888888888889, "percent_covered_display": "88.89", "missing_lines": 1, "excluded_lines": 0}, "missing_lines": [181], "excluded_lines": []}, "DistinctCounter._insert_or_increment_sqlite": {"executed_lines": [218, 221, 225, 232], "summary": {"covered_lines": 4, "num_statements": 5, "percent_covered": 80.0, "percent_covered_display": "80.00", "missing_lines": 1, "excluded_lines": 0}, "missing_lines": [219], "excluded_lines": []}, "DistinctCounter._get_all_frequencies_sqlite": {"executed_lines": [241, 244, 245, 247, 248, 249, 251], "summary": {"covered_lines": 7, "num_statements": 8, "percent_covered": 87.5, "percent_covered_display": "87.50", "missing_lines": 1, "excluded_lines": 0}, "missing_lines": [242], "excluded_lines": []}, "DistinctCounter.cleanup": {"executed_lines": [255, 256, 257, 259, 260, 261, 265], "summary": {"covered_lines": 7, "num_statements": 9, "percent_covered": 77.77777777777777, "percent_covered_display": "77.78", "missing_lines": 2, "excluded_lines": 0}, "missing_lines": [262, 263], "excluded_lines": []}, "DistinctCounter.__del__": {"executed_lines": [269, 270], "summary": {"covered_lines": 2, "num_statements": 2, "percent_covered": 100.0, "percent_covered_display": "100.00", "missing_lines": 0, "excluded_lines": 0}, "missing_lines": [], "excluded_lines": []}, "create_column_table": {"executed_lines": [284, 285, 287, 291, 299, 304, 305], "summary": {"covered_lines": 7, "num_statements": 7, "percent_covered": 100.0, "percent_covered_display": "100.00", "missing_lines": 0, "excluded_lines": 0}, "missing_lines": [], "excluded_lines": []}, "insert_or_increment": {"executed_lines": [323, 324, 326, 329, 336, 337], "summary": {"covered_lines": 6, "num_statements": 6, "percent_covered": 100.0, "percent_covered_display": "100.00", "missing_lines": 0, "excluded_lines": 0}, "missing_lines": [], "excluded_lines": []}, "get_distinct_count": {"executed_lines": [351, 352, 354, 356, 360, 361, 363], "summary": {"covered_lines": 7, "num_statements": 7, "percent_covered": 100.0, "percent_covered_display": "100.00", "missing_lines": 0, "excluded_lines": 0}, "missing_lines": [], "excluded_lines": []}, "get_top_values": {"executed_lines": [382, 383, 385, 388, 395, 396, 398], "summary": {"covered_lines": 7, "num_statements": 7, "percent_covered": 100.0, "percent_covered_display": "100.00", "missing_lines": 0, "excluded_lines": 0}, "missing_lines": [], "excluded_lines": []}, "": {"executed_lines": [1, 10, 11, 12, 13, 14, 15, 18, 19, 20, 35, 36, 37, 38, 39, 40, 41, 42, 43, 45, 63, 64, 72, 95, 178, 208, 234, 253, 267, 273, 308, 340, 366], "summary": {"covered_lines": 28, "num_statements": 28, "percent_covered": 100.0, "percent_covered_display": "100.00", "missing_lines": 0, "excluded_lines": 0}, "missing_lines": [], "excluded_lines": []}}, "classes": {"DistinctCountResult": {"executed_lines": [55, 60], "summary": {"covered_lines": 2, "num_statements": 2, "percent_covered": 100.0, "percent_covered_display": "100.00", "missing_lines": 0, "excluded_lines": 0}, "missing_lines": [], "excluded_lines": []}, "DistinctCounter": {"executed_lines": [88, 89, 90, 91, 92, 93, 113, 114, 116, 117, 118, 119, 122, 123, 126, 127, 129, 130, 131, 134, 135, 136, 139, 140, 141, 144, 145, 147, 148, 151, 152, 154, 157, 158, 160, 161, 163, 164, 166, 180, 184, 185, 188, 189, 193, 201, 206, 218, 221, 225, 232, 241, 244, 245, 247, 248, 249, 251, 255, 256, 257, 259, 260, 261, 265, 269, 270], "summary": {"covered_lines": 67, "num_statements": 72, "percent_covered": 93.05555555555556, "percent_covered_display": "93.06", "missing_lines": 5, "excluded_lines": 0}, "missing_lines": [181, 219, 242, 262, 263], "excluded_lines": []}, "": {"executed_lines": [1, 10, 11, 12, 13, 14, 15, 18, 19, 20, 35, 36, 37, 38, 39, 40, 41, 42, 43, 45, 63, 64, 72, 95, 178, 208, 234, 253, 267, 273, 284, 285, 287, 291, 299, 304, 305, 308, 323, 324, 326, 329, 336, 337, 340, 351, 352, 354, 356, 360, 361, 363, 366, 382, 383, 385, 388, 395, 396, 398], "summary": {"covered_lines": 55, "num_statements": 55, "percent_covered": 100.0, "percent_covered_display": "100.00", "missing_lines": 0, "excluded_lines": 0}, "missing_lines": [], "excluded_lines": []}}}, "services/errors.py": {"executed_lines": [1, 8, 9, 12, 13, 16, 17, 18, 21, 22, 23, 24, 25, 28, 29, 33, 52, 59, 60, 61, 63, 64, 65, 66, 67, 68, 69, 72, 73, 74, 76, 77, 78, 79, 80, 81, 84, 85, 93, 95, 96, 97, 98, 100, 121, 122, 125, 128, 139, 142, 143, 146, 148, 155, 157, 167, 169, 176, 178, 185, 187, 194, 195, 196, 197, 198, 201, 202, 203, 205, 217, 218, 220, 227, 229, 236, 238, 245, 247, 254, 255, 270, 272, 273, 274, 275], "summary": {"covered_lines": 74, "num_statements": 74, "percent_covered": 100.0, "percent_covered_display": "100.00", "missing_lines": 0, "excluded_lines": 0}, "missing_lines": [], "excluded_lines": [], "functions": {"ErrorAggregator.__init__": {"executed_lines": [95, 96, 97, 98], "summary": {"covered_lines": 4, "num_statements": 4, "percent_covered": 100.0, "percent_covered_display": "100.00", "missing_lines": 0, "excluded_lines": 0}, "missing_lines": [], "excluded_lines": []}, "ErrorAggregator.record": {"executed_lines": [121, 122, 125, 128, 139, 142, 143, 146], "summary": {"covered_lines": 8, "num_statements": 8, "percent_covered": 100.0, "percent_covered_display": "100.00", "missing_lines": 0, "excluded_lines": 0}, "missing_lines": [], "excluded_lines": []}, "ErrorAggregator.set_total_rows": {"executed_lines": [155], "summary": {"covered_lines": 1, "num_statements": 1, "percent_covered": 100.0, "percent_covered_display": "100.00", "missing_lines": 0, "excluded_lines": 0}, "missing_lines": [], "excluded_lines": []}, "ErrorAggregator.get_error_count": {"executed_lines": [167], "summary": {"covered_lines": 1, "num_statements": 1, "percent_covered": 100.0, "percent_covered_display": "100.00", "missing_lines": 0, "excluded_lines": 0}, "missing_lines": [], "excluded_lines": []}, "ErrorAggregator.get_error_rollup": {"executed_lines": [176], "summary": {"covered_lines": 1, "num_statements": 1, "percent_covered": 100.0, "percent_covered_display": "100.00", "missing_lines": 0, "excluded_lines": 0}, "missing_lines": [], "excluded_lines": []}, "ErrorAggregator.get_errors": {"executed_lines": [185], "summary": {"covered_lines": 1, "num_statements": 1, "percent_covered": 100.0, "percent_covered_display": "100.00", "missing_lines": 0, "excluded_lines": 0}, "missing_lines": [], "excluded_lines": []}, "ErrorAggregator.get_summaries": {"executed_lines": [194, 195, 196, 197, 198, 201, 202, 203, 205, 217, 218], "summary": {"covered_lines": 11, "num_statements": 11, "percent_covered": 100.0, "percent_covered_display": "100.00", "missing_lines": 0, "excluded_lines": 0}, "missing_lines": [], "excluded_lines": []}, "ErrorAggregator.has_catastrophic_errors": {"executed_lines": [227], "summary": {"covered_lines": 1, "num_statements": 1, "percent_covered": 100.0, "percent_covered_display": "100.00", "missing_lines": 0, "excluded_lines": 0}, "missing_lines": [], "excluded_lines": []}, "ErrorAggregator.has_errors": {"executed_lines": [236], "summary": {"covered_lines": 1, "num_statements": 1, "percent_covered": 100.0, "percent_covered_display": "100.00", "missing_lines": 0, "excluded_lines": 0}, "missing_lines": [], "excluded_lines": []}, "ErrorAggregator.get_error_count_total": {"executed_lines": [245], "summary": {"covered_lines": 1, "num_statements": 1, "percent_covered": 100.0, "percent_covered_display": "100.00", "missing_lines": 0, "excluded_lines": 0}, "missing_lines": [], "excluded_lines": []}, "ErrorAggregator.to_dict": {"executed_lines": [254, 255], "summary": {"covered_lines": 2, "num_statements": 2, "percent_covered": 100.0, "percent_covered_display": "100.00", "missing_lines": 0, "excluded_lines": 0}, "missing_lines": [], "excluded_lines": []}, "ErrorAggregator.clear": {"executed_lines": [272, 273, 274, 275], "summary": {"covered_lines": 4, "num_statements": 4, "percent_covered": 100.0, "percent_covered_display": "100.00", "missing_lines": 0, "excluded_lines": 0}, "missing_lines": [], "excluded_lines": []}, "": {"executed_lines": [1, 8, 9, 12, 13, 16, 17, 18, 21, 22, 23, 24, 25, 28, 29, 33, 52, 59, 60, 61, 63, 64, 65, 66, 67, 68, 69, 72, 73, 74, 76, 77, 78, 79, 80, 81, 84, 85, 93, 100, 148, 157, 169, 178, 187, 220, 229, 238, 247, 270], "summary": {"covered_lines": 38, "num_statements": 38, "percent_covered": 100.0, "percent_covered_display": "100.00", "missing_lines": 0, "excluded_lines": 0}, "missing_lines": [], "excluded_lines": []}}, "classes": {"ErrorCode": {"executed_lines": [], "summary": {"covered_lines": 0, "num_statements": 0, "percent_covered": 100.0, "percent_covered_display": "100.00", "missing_lines": 0, "excluded_lines": 0}, "missing_lines": [], "excluded_lines": []}, "ErrorRecord": {"executed_lines": [], "summary": {"covered_lines": 0, "num_statements": 0, "percent_covered": 100.0, "percent_covered_display": "100.00", "missing_lines": 0, "excluded_lines": 0}, "missing_lines": [], "excluded_lines": []}, "ErrorSummary": {"executed_lines": [], "summary": {"covered_lines": 0, "num_statements": 0, "percent_covered": 100.0, "percent_covered_display": "100.00", "missing_lines": 0, "excluded_lines": 0}, "missing_lines": [], "excluded_lines": []}, "ErrorAggregator": {"executed_lines": [95, 96, 97, 98, 121, 122, 125, 128, 139, 142, 143, 146, 155, 167, 176, 185, 194, 195, 196, 197, 198, 201, 202, 203, 205, 217, 218, 227, 236, 245, 254, 255, 272, 273, 274, 275], "summary": {"covered_lines": 36, "num_statements": 36, "percent_covered": 100.0, "percent_covered_display": "100.00", "missing_lines": 0, "excluded_lines": 0}, "missing_lines": [], "excluded_lines": []}, "": {"executed_lines": [1, 8, 9, 12, 13, 16, 17, 18, 21, 22, 23, 24, 25, 28, 29, 33, 52, 59, 60, 61, 63, 64, 65, 66, 67, 68, 69, 72, 73, 74, 76, 77, 78, 79, 80, 81, 84, 85, 93, 100, 148, 157, 169, 178, 187, 220, 229, 238, 247, 270], "summary": {"covered_lines": 38, "num_statements": 38, "percent_covered": 100.0, "percent_covered_display": "100.00", "missing_lines": 0, "excluded_lines": 0}, "missing_lines": [], "excluded_lines": []}}}, "services/ingest.py": {"executed_lines": [1, 7, 8, 9, 10, 11, 14, 15, 16, 17, 18, 19, 22, 23, 24, 25, 26, 27, 28, 31, 32, 33, 34, 35, 36, 37, 38, 39, 40, 42, 44, 55, 56, 64, 66, 74, 75, 77, 84, 85, 86, 89, 92, 93, 94, 95, 97, 98, 103, 104, 105, 108, 109, 110, 112, 113, 118, 121, 123, 124, 125, 128, 130, 131, 138, 140, 141, 143, 144, 146, 149, 156, 158, 159, 162, 163, 164, 165, 167, 170, 172, 174, 176, 187, 189, 191, 194, 195, 196, 197, 204, 207, 208, 209, 214, 217, 220, 227, 233, 236, 240, 246, 253, 256, 257, 264, 280, 281, 282, 283, 284, 286, 293, 295, 296, 297, 298, 299, 300, 302, 303, 304, 305, 307, 309, 310, 313, 314, 315, 318, 319, 321, 324, 325, 326, 328, 329, 331, 332, 333, 334, 336, 337, 338, 340, 341, 343, 346, 347, 349, 350, 353, 354, 355, 356, 357, 358, 359, 360, 361, 362, 363, 364, 365, 367, 370, 371, 372, 381, 386, 388, 398, 406, 407, 408, 411, 412, 414, 417, 418, 419, 420, 421, 422, 423, 426, 427, 428, 429, 430, 431, 432, 435, 436, 442, 458, 459, 460, 461, 462, 464, 466, 467, 468, 469, 472, 473, 480, 492, 493, 494, 495, 496, 497, 500, 501, 503, 505, 516, 519, 528, 530, 531, 532, 534, 548, 549, 556, 563, 565, 571, 583, 591, 592, 601, 609, 610, 611, 612, 613, 615, 619, 620, 623, 626, 627, 634, 641, 645, 647, 649, 651, 653, 654, 656, 657, 665, 672, 673, 674, 676, 678, 693, 700, 702, 709, 710, 711, 712], "summary": {"covered_lines": 253, "num_statements": 273, "percent_covered": 92.67399267399267, "percent_covered_display": "92.67", "missing_lines": 20, "excluded_lines": 0}, "missing_lines": [100, 133, 221, 228, 241, 247, 368, 369, 374, 375, 377, 378, 539, 541, 557, 584, 642, 643, 658, 691], "excluded_lines": [], "functions": {"LineEndingResult.to_audit_dict": {"executed_lines": [44], "summary": {"covered_lines": 1, "num_statements": 1, "percent_covered": 100.0, "percent_covered_display": "100.00", "missing_lines": 0, "excluded_lines": 0}, "missing_lines": [], "excluded_lines": []}, "UTF8Validator.__init__": {"executed_lines": [74, 75], "summary": {"covered_lines": 2, "num_statements": 2, "percent_covered": 100.0, "percent_covered_display": "100.00", "missing_lines": 0, "excluded_lines": 0}, "missing_lines": [], "excluded_lines": []}, "UTF8Validator.validate": {"executed_lines": [84, 85, 86, 89, 92, 93, 94, 95, 97, 98, 103, 104, 105, 108, 109, 110, 112, 113, 118, 121, 123, 124, 125, 128, 130, 131, 138, 140, 141, 143, 144, 146, 149, 156, 158, 159, 162, 163, 164, 165, 167, 170, 172, 174], "summary": {"covered_lines": 44, "num_statements": 46, "percent_covered": 95.65217391304348, "percent_covered_display": "95.65", "missing_lines": 2, "excluded_lines": 0}, "missing_lines": [100, 133], "excluded_lines": []}, "UTF8Validator._validate_sequence": {"executed_lines": [187, 189, 191, 194, 195, 196, 197, 204, 207, 208, 209, 214, 217, 220, 227, 233, 236, 240, 246, 253], "summary": {"covered_lines": 20, "num_statements": 24, "percent_covered": 83.33333333333333, "percent_covered_display": "83.33", "missing_lines": 4, "excluded_lines": 0}, "missing_lines": [221, 228, 241, 247], "excluded_lines": []}, "CRLFDetector.__init__": {"executed_lines": [280, 281, 282, 283, 284], "summary": {"covered_lines": 5, "num_statements": 5, "percent_covered": 100.0, "percent_covered_display": "100.00", "missing_lines": 0, "excluded_lines": 0}, "missing_lines": [], "excluded_lines": []}, "CRLFDetector.detect": {"executed_lines": [293, 295, 296, 297, 298, 299, 300, 302, 303, 304, 305, 307, 309, 310, 313, 314, 315, 318, 319, 321, 324, 325, 326, 328, 329, 331, 332, 333, 334, 336, 337, 338, 340, 341, 343, 346, 347, 349, 350, 353, 354, 355, 356, 357, 358, 359, 360, 361, 362, 363, 364, 365, 367, 370, 371, 372, 381, 386, 388], "summary": {"covered_lines": 59, "num_statements": 65, "percent_covered": 90.76923076923077, "percent_covered_display": "90.77", "missing_lines": 6, "excluded_lines": 0}, "missing_lines": [368, 369, 374, 375, 377, 378], "excluded_lines": []}, "CRLFDetector.normalize": {"executed_lines": [406, 407, 408, 411, 412, 414], "summary": {"covered_lines": 6, "num_statements": 6, "percent_covered": 100.0, "percent_covered_display": "100.00", "missing_lines": 0, "excluded_lines": 0}, "missing_lines": [], "excluded_lines": []}, "ParserError.__init__": {"executed_lines": [458, 459, 460, 461, 462], "summary": {"covered_lines": 5, "num_statements": 5, "percent_covered": 100.0, "percent_covered_display": "100.00", "missing_lines": 0, "excluded_lines": 0}, "missing_lines": [], "excluded_lines": []}, "ParserError.__str__": {"executed_lines": [466, 467, 468, 469], "summary": {"covered_lines": 4, "num_statements": 4, "percent_covered": 100.0, "percent_covered_display": "100.00", "missing_lines": 0, "excluded_lines": 0}, "missing_lines": [], "excluded_lines": []}, "CSVParser.__init__": {"executed_lines": [492, 493, 494, 495, 496, 497, 500, 501, 503], "summary": {"covered_lines": 9, "num_statements": 9, "percent_covered": 100.0, "percent_covered_display": "100.00", "missing_lines": 0, "excluded_lines": 0}, "missing_lines": [], "excluded_lines": []}, "CSVParser.parse_header": {"executed_lines": [516, 519, 528, 530, 531, 532, 534, 548, 549, 556, 563, 565], "summary": {"covered_lines": 12, "num_statements": 15, "percent_covered": 80.0, "percent_covered_display": "80.00", "missing_lines": 3, "excluded_lines": 0}, "missing_lines": [539, 541, 557], "excluded_lines": []}, "CSVParser.parse_rows": {"executed_lines": [583, 591, 592, 601, 609, 610, 611, 612, 613, 615, 619, 620, 623, 626, 627, 634, 641, 645, 647, 649, 651, 653, 654, 656, 657, 665, 672, 673, 674, 676], "summary": {"covered_lines": 30, "num_statements": 34, "percent_covered": 88.23529411764706, "percent_covered_display": "88.24", "missing_lines": 4, "excluded_lines": 0}, "missing_lines": [584, 642, 643, 658], "excluded_lines": []}, "CSVParser._validate_quoting": {"executed_lines": [], "summary": {"covered_lines": 0, "num_statements": 1, "percent_covered": 0.0, "percent_covered_display": "0.00", "missing_lines": 1, "excluded_lines": 0}, "missing_lines": [691], "excluded_lines": []}, "CSVParser.get_errors": {"executed_lines": [700], "summary": {"covered_lines": 1, "num_statements": 1, "percent_covered": 100.0, "percent_covered_display": "100.00", "missing_lines": 0, "excluded_lines": 0}, "missing_lines": [], "excluded_lines": []}, "CSVParser.get_error_rollup": {"executed_lines": [709, 710, 711, 712], "summary": {"covered_lines": 4, "num_statements": 4, "percent_covered": 100.0, "percent_covered_display": "100.00", "missing_lines": 0, "excluded_lines": 0}, "missing_lines": [], "excluded_lines": []}, "": {"executed_lines": [1, 7, 8, 9, 10, 11, 14, 15, 16, 17, 18, 19, 22, 23, 24, 25, 26, 27, 28, 31, 32, 33, 34, 35, 36, 37, 38, 39, 40, 42, 55, 56, 64, 66, 77, 176, 256, 257, 264, 286, 398, 417, 418, 419, 420, 421, 422, 423, 426, 427, 428, 429, 430, 431, 432, 435, 436, 442, 464, 472, 473, 480, 505, 571, 678, 693, 702], "summary": {"covered_lines": 51, "num_statements": 51, "percent_covered": 100.0, "percent_covered_display": "100.00", "missing_lines": 0, "excluded_lines": 0}, "missing_lines": [], "excluded_lines": []}}, "classes": {"LineEndingStyle": {"executed_lines": [], "summary": {"covered_lines": 0, "num_statements": 0, "percent_covered": 100.0, "percent_covered_display": "100.00", "missing_lines": 0, "excluded_lines": 0}, "missing_lines": [], "excluded_lines": []}, "ValidationResult": {"executed_lines": [], "summary": {"covered_lines": 0, "num_statements": 0, "percent_covered": 100.0, "percent_covered_display": "100.00", "missing_lines": 0, "excluded_lines": 0}, "missing_lines": [], "excluded_lines": []}, "LineEndingResult": {"executed_lines": [44], "summary": {"covered_lines": 1, "num_statements": 1, "percent_covered": 100.0, "percent_covered_display": "100.00", "missing_lines": 0, "excluded_lines": 0}, "missing_lines": [], "excluded_lines": []}, "UTF8Validator": {"executed_lines": [74, 75, 84, 85, 86, 89, 92, 93, 94, 95, 97, 98, 103, 104, 105, 108, 109, 110, 112, 113, 118, 121, 123, 124, 125, 128, 130, 131, 138, 140, 141, 143, 144, 146, 149, 156, 158, 159, 162, 163, 164, 165, 167, 170, 172, 174, 187, 189, 191, 194, 195, 196, 197, 204, 207, 208, 209, 214, 217, 220, 227, 233, 236, 240, 246, 253], "summary": {"covered_lines": 66, "num_statements": 72, "percent_covered": 91.66666666666667, "percent_covered_display": "91.67", "missing_lines": 6, "excluded_lines": 0}, "missing_lines": [100, 133, 221, 228, 241, 247], "excluded_lines": []}, "CRLFDetector": {"executed_lines": [280, 281, 282, 283, 284, 293, 295, 296, 297, 298, 299, 300, 302, 303, 304, 305, 307, 309, 310, 313, 314, 315, 318, 319, 321, 324, 325, 326, 328, 329, 331, 332, 333, 334, 336, 337, 338, 340, 341, 343, 346, 347, 349, 350, 353, 354, 355, 356, 357, 358, 359, 360, 361, 362, 363, 364, 365, 367, 370, 371, 372, 381, 386, 388, 406, 407, 408, 411, 412, 414], "summary": {"covered_lines": 70, "num_statements": 76, "percent_covered": 92.10526315789474, "percent_covered_display": "92.11", "missing_lines": 6, "excluded_lines": 0}, "missing_lines": [368, 369, 374, 375, 377, 378], "excluded_lines": []}, "ParserConfig": {"executed_lines": [], "summary": {"covered_lines": 0, "num_statements": 0, "percent_covered": 100.0, "percent_covered_display": "100.00", "missing_lines": 0, "excluded_lines": 0}, "missing_lines": [], "excluded_lines": []}, "ParserResult": {"executed_lines": [], "summary": {"covered_lines": 0, "num_statements": 0, "percent_covered": 100.0, "percent_covered_display": "100.00", "missing_lines": 0, "excluded_lines": 0}, "missing_lines": [], "excluded_lines": []}, "ParserError": {"executed_lines": [458, 459, 460, 461, 462, 466, 467, 468, 469], "summary": {"covered_lines": 9, "num_statements": 9, "percent_covered": 100.0, "percent_covered_display": "100.00", "missing_lines": 0, "excluded_lines": 0}, "missing_lines": [], "excluded_lines": []}, "CSVParser": {"executed_lines": [492, 493, 494, 495, 496, 497, 500, 501, 503, 516, 519, 528, 530, 531, 532, 534, 548, 549, 556, 563, 565, 583, 591, 592, 601, 609, 610, 611, 612, 613, 615, 619, 620, 623, 626, 627, 634, 641, 645, 647, 649, 651, 653, 654, 656, 657, 665, 672, 673, 674, 676, 700, 709, 710, 711, 712], "summary": {"covered_lines": 56, "num_statements": 64, "percent_covered": 87.5, "percent_covered_display": "87.50", "missing_lines": 8, "excluded_lines": 0}, "missing_lines": [539, 541, 557, 584, 642, 643, 658, 691], "excluded_lines": []}, "": {"executed_lines": [1, 7, 8, 9, 10, 11, 14, 15, 16, 17, 18, 19, 22, 23, 24, 25, 26, 27, 28, 31, 32, 33, 34, 35, 36, 37, 38, 39, 40, 42, 55, 56, 64, 66, 77, 176, 256, 257, 264, 286, 398, 417, 418, 419, 420, 421, 422, 423, 426, 427, 428, 429, 430, 431, 432, 435, 436, 442, 464, 472, 473, 480, 505, 571, 678, 693, 702], "summary": {"covered_lines": 51, "num_statements": 51, "percent_covered": 100.0, "percent_covered_display": "100.00", "missing_lines": 0, "excluded_lines": 0}, "missing_lines": [], "excluded_lines": []}}}, "services/profile.py": {"executed_lines": [1, 16, 17, 18, 19, 20, 21, 22, 25, 26, 28, 29, 36, 37, 38, 39, 40, 41, 42, 43, 44, 45, 46, 47, 48, 49, 50, 53, 54, 55, 56, 57, 58, 59, 60, 61, 62, 63, 66, 67, 68, 69, 70, 71, 72, 73, 74, 75, 76, 77, 78, 79, 80, 81, 82, 83, 86, 87, 88, 89, 90, 91, 92, 93, 94, 95, 96, 97, 98, 99, 101, 103, 104, 113, 114, 115, 116, 117, 120, 121, 122, 123, 124, 125, 126, 133, 134, 141, 143, 144, 145, 146, 148, 155, 156, 157, 158, 159, 162, 164, 171, 174, 175, 176, 178, 185, 188, 190, 200, 202, 204, 206, 207, 218, 221, 222, 223, 225, 226, 228, 229, 230, 237, 238, 245, 247, 254, 255, 256, 257, 258, 259, 261, 269, 274, 275, 276, 279, 280, 286, 289, 290, 291, 292, 294, 301, 302, 303, 306, 309, 311, 326, 333, 336, 340, 344, 345, 347, 349, 350, 352, 354, 355, 356, 357, 359, 361, 368, 370, 389, 390, 396, 403, 404, 405, 406, 407, 408, 409, 410, 411, 413, 421, 425, 426, 429, 432, 433, 435, 436, 437, 438, 441, 442, 445, 446, 447, 448, 449, 451, 452, 454, 462, 465, 467, 483, 484, 490, 492, 494, 495, 496, 497, 498, 499, 500, 501, 502, 504, 514, 516, 526, 531, 534, 535, 537, 585, 595, 596, 599, 600, 601, 603, 606, 607, 608, 610, 613, 614, 615, 616, 617, 619, 620, 621, 622, 623, 625, 626, 627, 628, 629, 632, 634, 635, 636, 637, 638, 639, 640, 647, 648, 649, 663, 680, 681, 689, 699, 701, 717, 718, 719, 720, 723, 724, 725, 726, 727, 728, 729, 730, 731, 732, 733, 735, 745, 747, 787, 798, 802, 803, 804, 805, 806, 811, 819, 821, 831, 832, 834, 835, 839, 842, 843, 844, 845, 846, 847, 852, 853, 862, 866, 867, 868, 871, 872, 879, 880, 882, 889, 900, 901, 902, 903, 905, 917, 918, 919, 921, 922, 925, 928, 930, 931, 932, 935, 936, 937, 938, 941, 944, 945, 946, 949, 950, 951, 953, 954, 955, 957, 959, 961, 962, 963, 964, 965, 966, 971, 974, 975, 976, 979, 980, 982, 1005, 1006, 1012, 1014, 1015, 1017, 1024, 1026, 1033, 1040, 1041, 1047, 1049, 1050, 1052, 1059, 1061, 1068, 1075, 1076, 1077, 1078, 1079, 1080, 1081, 1082, 1083, 1084, 1085, 1086, 1089, 1090, 1096, 1103, 1104, 1105, 1106, 1107, 1108, 1109, 1111, 1119, 1120, 1121, 1123, 1124, 1127, 1130, 1131, 1133, 1134, 1135, 1136, 1138, 1146, 1149, 1152, 1155, 1156, 1158], "summary": {"covered_lines": 407, "num_statements": 500, "percent_covered": 81.4, "percent_covered_display": "81.40", "missing_lines": 93, "excluded_lines": 0}, "missing_lines": [27, 172, 186, 203, 219, 270, 271, 281, 282, 283, 334, 337, 341, 372, 375, 377, 379, 380, 381, 382, 422, 423, 443, 450, 527, 532, 547, 548, 551, 552, 556, 557, 561, 562, 566, 567, 572, 573, 574, 575, 580, 643, 644, 758, 759, 762, 763, 764, 765, 766, 768, 769, 770, 771, 772, 775, 776, 777, 778, 779, 780, 781, 782, 783, 785, 799, 807, 808, 812, 813, 814, 815, 816, 817, 836, 837, 848, 849, 854, 855, 857, 858, 859, 860, 863, 876, 907, 908, 923, 942, 943, 967, 968], "excluded_lines": [], "functions": {"MoneyValidationResult.get_summary": {"executed_lines": [103, 104], "summary": {"covered_lines": 2, "num_statements": 2, "percent_covered": 100.0, "percent_covered_display": "100.00", "missing_lines": 0, "excluded_lines": 0}, "missing_lines": [], "excluded_lines": []}, "WelfordAggregator.__init__": {"executed_lines": [143, 144, 145, 146], "summary": {"covered_lines": 4, "num_statements": 4, "percent_covered": 100.0, "percent_covered_display": "100.00", "missing_lines": 0, "excluded_lines": 0}, "missing_lines": [], "excluded_lines": []}, "WelfordAggregator.update": {"executed_lines": [155, 156, 157, 158, 159, 162], "summary": {"covered_lines": 6, "num_statements": 6, "percent_covered": 100.0, "percent_covered_display": "100.00", "missing_lines": 0, "excluded_lines": 0}, "missing_lines": [], "excluded_lines": []}, "WelfordAggregator.finalize": {"executed_lines": [171, 174, 175, 176], "summary": {"covered_lines": 4, "num_statements": 5, "percent_covered": 80.0, "percent_covered_display": "80.00", "missing_lines": 1, "excluded_lines": 0}, "missing_lines": [172], "excluded_lines": []}, "WelfordAggregator.get_quantiles": {"executed_lines": [185, 188, 190], "summary": {"covered_lines": 3, "num_statements": 4, "percent_covered": 75.0, "percent_covered_display": "75.00", "missing_lines": 1, "excluded_lines": 0}, "missing_lines": [186], "excluded_lines": []}, "WelfordAggregator.get_median": {"executed_lines": [202, 204], "summary": {"covered_lines": 2, "num_statements": 3, "percent_covered": 66.66666666666667, "percent_covered_display": "66.67", "missing_lines": 1, "excluded_lines": 0}, "missing_lines": [203], "excluded_lines": []}, "WelfordAggregator._percentile": {"executed_lines": [218, 221, 222, 223, 225, 226, 228, 229, 230], "summary": {"covered_lines": 9, "num_statements": 10, "percent_covered": 90.0, "percent_covered_display": "90.00", "missing_lines": 1, "excluded_lines": 0}, "missing_lines": [219], "excluded_lines": []}, "NumericProfiler.__init__": {"executed_lines": [254, 255, 256, 257, 258, 259], "summary": {"covered_lines": 6, "num_statements": 6, "percent_covered": 100.0, "percent_covered_display": "100.00", "missing_lines": 0, "excluded_lines": 0}, "missing_lines": [], "excluded_lines": []}, "NumericProfiler.update": {"executed_lines": [269, 274, 275, 276, 279, 280, 286, 289, 290, 291, 292], "summary": {"covered_lines": 11, "num_statements": 16, "percent_covered": 68.75, "percent_covered_display": "68.75", "missing_lines": 5, "excluded_lines": 0}, "missing_lines": [270, 271, 281, 282, 283], "excluded_lines": []}, "NumericProfiler.finalize": {"executed_lines": [301, 302, 303, 306, 309, 311], "summary": {"covered_lines": 6, "num_statements": 6, "percent_covered": 100.0, "percent_covered_display": "100.00", "missing_lines": 0, "excluded_lines": 0}, "missing_lines": [], "excluded_lines": []}, "NumericProfiler._compute_histogram": {"executed_lines": [333, 336, 340, 344, 345, 347, 349, 350, 352, 354, 355, 356, 357, 359], "summary": {"covered_lines": 14, "num_statements": 17, "percent_covered": 82.3529411764706, "percent_covered_display": "82.35", "missing_lines": 3, "excluded_lines": 0}, "missing_lines": [334, 337, 341], "excluded_lines": []}, "NumericProfiler._test_gaussian": {"executed_lines": [368, 370], "summary": {"covered_lines": 2, "num_statements": 9, "percent_covered": 22.22222222222222, "percent_covered_display": "22.22", "missing_lines": 7, "excluded_lines": 0}, "missing_lines": [372, 375, 377, 379, 380, 381, 382], "excluded_lines": []}, "StringProfiler.__init__": {"executed_lines": [403, 404, 405, 406, 407, 408, 409, 410, 411], "summary": {"covered_lines": 9, "num_statements": 9, "percent_covered": 100.0, "percent_covered_display": "100.00", "missing_lines": 0, "excluded_lines": 0}, "missing_lines": [], "excluded_lines": []}, "StringProfiler.update": {"executed_lines": [421, 425, 426, 429, 432, 433, 435, 436, 437, 438, 441, 442, 445, 446, 447, 448, 449, 451, 452], "summary": {"covered_lines": 19, "num_statements": 23, "percent_covered": 82.6086956521739, "percent_covered_display": "82.61", "missing_lines": 4, "excluded_lines": 0}, "missing_lines": [422, 423, 443, 450], "excluded_lines": []}, "StringProfiler.finalize": {"executed_lines": [462, 465, 467], "summary": {"covered_lines": 3, "num_statements": 3, "percent_covered": 100.0, "percent_covered_display": "100.00", "missing_lines": 0, "excluded_lines": 0}, "missing_lines": [], "excluded_lines": []}, "MoneyValidator.__init__": {"executed_lines": [494, 495, 496, 497, 498, 499, 500, 501, 502], "summary": {"covered_lines": 9, "num_statements": 9, "percent_covered": 100.0, "percent_covered_display": "100.00", "missing_lines": 0, "excluded_lines": 0}, "missing_lines": [], "excluded_lines": []}, "MoneyValidator.is_null": {"executed_lines": [514], "summary": {"covered_lines": 1, "num_statements": 1, "percent_covered": 100.0, "percent_covered_display": "100.00", "missing_lines": 0, "excluded_lines": 0}, "missing_lines": [], "excluded_lines": []}, "MoneyValidator.is_valid": {"executed_lines": [526, 531, 534, 535], "summary": {"covered_lines": 4, "num_statements": 6, "percent_covered": 66.66666666666667, "percent_covered_display": "66.67", "missing_lines": 2, "excluded_lines": 0}, "missing_lines": [527, 532], "excluded_lines": []}, "MoneyValidator.validate_value": {"executed_lines": [], "summary": {"covered_lines": 0, "num_statements": 15, "percent_covered": 0.0, "percent_covered_display": "0.00", "missing_lines": 15, "excluded_lines": 0}, "missing_lines": [547, 548, 551, 552, 556, 557, 561, 562, 566, 567, 572, 573, 574, 575, 580], "excluded_lines": []}, "MoneyValidator.validate_column": {"executed_lines": [595, 596, 599, 600, 601, 603, 606, 607, 608, 610, 613, 614, 615, 616, 617, 619, 620, 621, 622, 623, 625, 626, 627, 628, 629, 632, 634, 635, 636, 637, 638, 639, 640, 647, 648, 649, 663], "summary": {"covered_lines": 37, "num_statements": 39, "percent_covered": 94.87179487179488, "percent_covered_display": "94.87", "missing_lines": 2, "excluded_lines": 0}, "missing_lines": [643, 644], "excluded_lines": []}, "DateValidator.__init__": {"executed_lines": [717, 718, 719, 720, 723, 724, 725, 726, 727, 728, 729, 730, 731, 732, 733], "summary": {"covered_lines": 15, "num_statements": 15, "percent_covered": 100.0, "percent_covered_display": "100.00", "missing_lines": 0, "excluded_lines": 0}, "missing_lines": [], "excluded_lines": []}, "DateValidator.is_null": {"executed_lines": [745], "summary": {"covered_lines": 1, "num_statements": 1, "percent_covered": 100.0, "percent_covered_display": "100.00", "missing_lines": 0, "excluded_lines": 0}, "missing_lines": [], "excluded_lines": []}, "DateValidator.is_valid": {"executed_lines": [], "summary": {"covered_lines": 0, "num_statements": 22, "percent_covered": 0.0, "percent_covered_display": "0.00", "missing_lines": 22, "excluded_lines": 0}, "missing_lines": [758, 759, 762, 763, 764, 765, 766, 768, 769, 770, 771, 772, 775, 776, 777, 778, 779, 780, 781, 782, 783, 785], "excluded_lines": []}, "DateValidator.parse_date": {"executed_lines": [798, 802, 803, 804, 805, 806, 811, 819], "summary": {"covered_lines": 8, "num_statements": 17, "percent_covered": 47.05882352941177, "percent_covered_display": "47.06", "missing_lines": 9, "excluded_lines": 0}, "missing_lines": [799, 807, 808, 812, 813, 814, 815, 816, 817], "excluded_lines": []}, "DateValidator.detect_format": {"executed_lines": [831, 832, 834, 835, 839, 842, 843, 844, 845, 846, 847, 852, 853, 862, 866, 867, 868, 871, 872, 879, 880, 882], "summary": {"covered_lines": 22, "num_statements": 34, "percent_covered": 64.70588235294117, "percent_covered_display": "64.71", "missing_lines": 12, "excluded_lines": 0}, "missing_lines": [836, 837, 848, 849, 854, 855, 857, 858, 859, 860, 863, 876], "excluded_lines": []}, "DateValidator.validate_column": {"executed_lines": [900, 901, 902, 903, 905, 917, 918, 919, 921, 922, 925, 928, 930, 931, 932, 935, 936, 937, 938, 941, 944, 945, 946, 949, 950, 951, 953, 954, 955, 957, 959, 961, 962, 963, 964, 965, 966, 971, 974, 975, 976, 979, 980, 982], "summary": {"covered_lines": 44, "num_statements": 51, "percent_covered": 86.27450980392157, "percent_covered_display": "86.27", "missing_lines": 7, "excluded_lines": 0}, "missing_lines": [907, 908, 923, 942, 943, 967, 968], "excluded_lines": []}, "DateProfiler.__init__": {"executed_lines": [1014, 1015], "summary": {"covered_lines": 2, "num_statements": 2, "percent_covered": 100.0, "percent_covered_display": "100.00", "missing_lines": 0, "excluded_lines": 0}, "missing_lines": [], "excluded_lines": []}, "DateProfiler.update": {"executed_lines": [1024], "summary": {"covered_lines": 1, "num_statements": 1, "percent_covered": 100.0, "percent_covered_display": "100.00", "missing_lines": 0, "excluded_lines": 0}, "missing_lines": [], "excluded_lines": []}, "DateProfiler.finalize": {"executed_lines": [1033], "summary": {"covered_lines": 1, "num_statements": 1, "percent_covered": 100.0, "percent_covered_display": "100.00", "missing_lines": 0, "excluded_lines": 0}, "missing_lines": [], "excluded_lines": []}, "MoneyProfiler.__init__": {"executed_lines": [1049, 1050], "summary": {"covered_lines": 2, "num_statements": 2, "percent_covered": 100.0, "percent_covered_display": "100.00", "missing_lines": 0, "excluded_lines": 0}, "missing_lines": [], "excluded_lines": []}, "MoneyProfiler.update": {"executed_lines": [1059], "summary": {"covered_lines": 1, "num_statements": 1, "percent_covered": 100.0, "percent_covered_display": "100.00", "missing_lines": 0, "excluded_lines": 0}, "missing_lines": [], "excluded_lines": []}, "MoneyProfiler.finalize": {"executed_lines": [1068], "summary": {"covered_lines": 1, "num_statements": 1, "percent_covered": 100.0, "percent_covered_display": "100.00", "missing_lines": 0, "excluded_lines": 0}, "missing_lines": [], "excluded_lines": []}, "CodeProfiler.__init__": {"executed_lines": [1103, 1104, 1105, 1106, 1107, 1108, 1109], "summary": {"covered_lines": 7, "num_statements": 7, "percent_covered": 100.0, "percent_covered_display": "100.00", "missing_lines": 0, "excluded_lines": 0}, "missing_lines": [], "excluded_lines": []}, "CodeProfiler.update": {"executed_lines": [1119, 1120, 1121, 1123, 1124, 1127, 1130, 1131, 1133, 1134, 1135, 1136], "summary": {"covered_lines": 12, "num_statements": 12, "percent_covered": 100.0, "percent_covered_display": "100.00", "missing_lines": 0, "excluded_lines": 0}, "missing_lines": [], "excluded_lines": []}, "CodeProfiler.finalize": {"executed_lines": [1146, 1149, 1152, 1155, 1156, 1158], "summary": {"covered_lines": 6, "num_statements": 6, "percent_covered": 100.0, "percent_covered_display": "100.00", "missing_lines": 0, "excluded_lines": 0}, "missing_lines": [], "excluded_lines": []}, "": {"executed_lines": [1, 16, 17, 18, 19, 20, 21, 22, 25, 26, 28, 29, 36, 37, 38, 39, 40, 41, 42, 43, 44, 45, 46, 47, 48, 49, 50, 53, 54, 55, 56, 57, 58, 59, 60, 61, 62, 63, 66, 67, 68, 69, 70, 71, 72, 73, 74, 75, 76, 77, 78, 79, 80, 81, 82, 83, 86, 87, 88, 89, 90, 91, 92, 93, 94, 95, 96, 97, 98, 99, 101, 113, 114, 115, 116, 117, 120, 121, 122, 123, 124, 125, 126, 133, 134, 141, 148, 164, 178, 200, 206, 207, 237, 238, 245, 247, 261, 294, 326, 361, 389, 390, 396, 413, 454, 483, 484, 490, 492, 504, 516, 537, 585, 680, 681, 689, 699, 701, 735, 747, 787, 821, 889, 1005, 1006, 1012, 1017, 1026, 1040, 1041, 1047, 1052, 1061, 1075, 1076, 1077, 1078, 1079, 1080, 1081, 1082, 1083, 1084, 1085, 1086, 1089, 1090, 1096, 1111, 1138], "summary": {"covered_lines": 133, "num_statements": 134, "percent_covered": 99.25373134328358, "percent_covered_display": "99.25", "missing_lines": 1, "excluded_lines": 0}, "missing_lines": [27], "excluded_lines": []}}, "classes": {"NumericStats": {"executed_lines": [], "summary": {"covered_lines": 0, "num_statements": 0, "percent_covered": 100.0, "percent_covered_display": "100.00", "missing_lines": 0, "excluded_lines": 0}, "missing_lines": [], "excluded_lines": []}, "StringStats": {"executed_lines": [], "summary": {"covered_lines": 0, "num_statements": 0, "percent_covered": 100.0, "percent_covered_display": "100.00", "missing_lines": 0, "excluded_lines": 0}, "missing_lines": [], "excluded_lines": []}, "DateStats": {"executed_lines": [], "summary": {"covered_lines": 0, "num_statements": 0, "percent_covered": 100.0, "percent_covered_display": "100.00", "missing_lines": 0, "excluded_lines": 0}, "missing_lines": [], "excluded_lines": []}, "MoneyValidationResult": {"executed_lines": [103, 104], "summary": {"covered_lines": 2, "num_statements": 2, "percent_covered": 100.0, "percent_covered_display": "100.00", "missing_lines": 0, "excluded_lines": 0}, "missing_lines": [], "excluded_lines": []}, "ValueValidationResult": {"executed_lines": [], "summary": {"covered_lines": 0, "num_statements": 0, "percent_covered": 100.0, "percent_covered_display": "100.00", "missing_lines": 0, "excluded_lines": 0}, "missing_lines": [], "excluded_lines": []}, "FormatDetectionResult": {"executed_lines": [], "summary": {"covered_lines": 0, "num_statements": 0, "percent_covered": 100.0, "percent_covered_display": "100.00", "missing_lines": 0, "excluded_lines": 0}, "missing_lines": [], "excluded_lines": []}, "WelfordAggregator": {"executed_lines": [143, 144, 145, 146, 155, 156, 157, 158, 159, 162, 171, 174, 175, 176, 185, 188, 190, 202, 204, 218, 221, 222, 223, 225, 226, 228, 229, 230], "summary": {"covered_lines": 28, "num_statements": 32, "percent_covered": 87.5, "percent_covered_display": "87.50", "missing_lines": 4, "excluded_lines": 0}, "missing_lines": [172, 186, 203, 219], "excluded_lines": []}, "NumericProfiler": {"executed_lines": [254, 255, 256, 257, 258, 259, 269, 274, 275, 276, 279, 280, 286, 289, 290, 291, 292, 301, 302, 303, 306, 309, 311, 333, 336, 340, 344, 345, 347, 349, 350, 352, 354, 355, 356, 357, 359, 368, 370], "summary": {"covered_lines": 39, "num_statements": 54, "percent_covered": 72.22222222222223, "percent_covered_display": "72.22", "missing_lines": 15, "excluded_lines": 0}, "missing_lines": [270, 271, 281, 282, 283, 334, 337, 341, 372, 375, 377, 379, 380, 381, 382], "excluded_lines": []}, "StringProfiler": {"executed_lines": [403, 404, 405, 406, 407, 408, 409, 410, 411, 421, 425, 426, 429, 432, 433, 435, 436, 437, 438, 441, 442, 445, 446, 447, 448, 449, 451, 452, 462, 465, 467], "summary": {"covered_lines": 31, "num_statements": 35, "percent_covered": 88.57142857142857, "percent_covered_display": "88.57", "missing_lines": 4, "excluded_lines": 0}, "missing_lines": [422, 423, 443, 450], "excluded_lines": []}, "MoneyValidator": {"executed_lines": [494, 495, 496, 497, 498, 499, 500, 501, 502, 514, 526, 531, 534, 535, 595, 596, 599, 600, 601, 603, 606, 607, 608, 610, 613, 614, 615, 616, 617, 619, 620, 621, 622, 623, 625, 626, 627, 628, 629, 632, 634, 635, 636, 637, 638, 639, 640, 647, 648, 649, 663], "summary": {"covered_lines": 51, "num_statements": 70, "percent_covered": 72.85714285714286, "percent_covered_display": "72.86", "missing_lines": 19, "excluded_lines": 0}, "missing_lines": [527, 532, 547, 548, 551, 552, 556, 557, 561, 562, 566, 567, 572, 573, 574, 575, 580, 643, 644], "excluded_lines": []}, "DateValidator": {"executed_lines": [717, 718, 719, 720, 723, 724, 725, 726, 727, 728, 729, 730, 731, 732, 733, 745, 798, 802, 803, 804, 805, 806, 811, 819, 831, 832, 834, 835, 839, 842, 843, 844, 845, 846, 847, 852, 853, 862, 866, 867, 868, 871, 872, 879, 880, 882, 900, 901, 902, 903, 905, 917, 918, 919, 921, 922, 925, 928, 930, 931, 932, 935, 936, 937, 938, 941, 944, 945, 946, 949, 950, 951, 953, 954, 955, 957, 959, 961, 962, 963, 964, 965, 966, 971, 974, 975, 976, 979, 980, 982], "summary": {"covered_lines": 90, "num_statements": 140, "percent_covered": 64.28571428571429, "percent_covered_display": "64.29", "missing_lines": 50, "excluded_lines": 0}, "missing_lines": [758, 759, 762, 763, 764, 765, 766, 768, 769, 770, 771, 772, 775, 776, 777, 778, 779, 780, 781, 782, 783, 785, 799, 807, 808, 812, 813, 814, 815, 816, 817, 836, 837, 848, 849, 854, 855, 857, 858, 859, 860, 863, 876, 907, 908, 923, 942, 943, 967, 968], "excluded_lines": []}, "DateProfiler": {"executed_lines": [1014, 1015, 1024, 1033], "summary": {"covered_lines": 4, "num_statements": 4, "percent_covered": 100.0, "percent_covered_display": "100.00", "missing_lines": 0, "excluded_lines": 0}, "missing_lines": [], "excluded_lines": []}, "MoneyProfiler": {"executed_lines": [1049, 1050, 1059, 1068], "summary": {"covered_lines": 4, "num_statements": 4, "percent_covered": 100.0, "percent_covered_display": "100.00", "missing_lines": 0, "excluded_lines": 0}, "missing_lines": [], "excluded_lines": []}, "CodeStats": {"executed_lines": [], "summary": {"covered_lines": 0, "num_statements": 0, "percent_covered": 100.0, "percent_covered_display": "100.00", "missing_lines": 0, "excluded_lines": 0}, "missing_lines": [], "excluded_lines": []}, "CodeProfiler": {"executed_lines": [1103, 1104, 1105, 1106, 1107, 1108, 1109, 1119, 1120, 1121, 1123, 1124, 1127, 1130, 1131, 1133, 1134, 1135, 1136, 1146, 1149, 1152, 1155, 1156, 1158], "summary": {"covered_lines": 25, "num_statements": 25, "percent_covered": 100.0, "percent_covered_display": "100.00", "missing_lines": 0, "excluded_lines": 0}, "missing_lines": [], "excluded_lines": []}, "": {"executed_lines": [1, 16, 17, 18, 19, 20, 21, 22, 25, 26, 28, 29, 36, 37, 38, 39, 40, 41, 42, 43, 44, 45, 46, 47, 48, 49, 50, 53, 54, 55, 56, 57, 58, 59, 60, 61, 62, 63, 66, 67, 68, 69, 70, 71, 72, 73, 74, 75, 76, 77, 78, 79, 80, 81, 82, 83, 86, 87, 88, 89, 90, 91, 92, 93, 94, 95, 96, 97, 98, 99, 101, 113, 114, 115, 116, 117, 120, 121, 122, 123, 124, 125, 126, 133, 134, 141, 148, 164, 178, 200, 206, 207, 237, 238, 245, 247, 261, 294, 326, 361, 389, 390, 396, 413, 454, 483, 484, 490, 492, 504, 516, 537, 585, 680, 681, 689, 699, 701, 735, 747, 787, 821, 889, 1005, 1006, 1012, 1017, 1026, 1040, 1041, 1047, 1052, 1061, 1075, 1076, 1077, 1078, 1079, 1080, 1081, 1082, 1083, 1084, 1085, 1086, 1089, 1090, 1096, 1111, 1138], "summary": {"covered_lines": 133, "num_statements": 134, "percent_covered": 99.25373134328358, "percent_covered_display": "99.25", "missing_lines": 1, "excluded_lines": 0}, "missing_lines": [27], "excluded_lines": []}}}, "services/types.py": {"executed_lines": [1, 15, 16, 17, 18, 19, 20, 21, 24, 25, 26, 28, 29, 30, 31, 32, 33, 34, 35, 38, 39, 40, 42, 43, 46, 47, 55, 56, 57, 60, 69, 70, 71, 72, 74, 81, 83, 98, 101, 102, 103, 105, 109, 110, 113, 114, 115, 117, 118, 119, 122, 127, 130, 131, 134, 135, 138, 139, 141, 146, 153, 155, 156, 158, 168, 172, 179, 180, 182, 184, 185, 186, 187, 188, 191, 192, 193, 196, 197, 198, 201, 202, 203, 206, 211, 212, 213, 216, 217, 220, 222, 226, 227, 230, 232, 234, 238, 241, 242, 245, 246, 249, 251, 254, 255, 256, 259, 261, 264, 267, 272, 273, 274, 282, 283, 285, 287, 288, 289, 293, 295, 298, 303, 315, 317, 329, 331, 341, 343, 356, 359, 362, 364, 380, 381, 384, 387, 388, 392, 404, 405, 407, 408, 409, 413, 415, 428, 429, 433, 434, 437, 438, 441, 444, 446, 456, 457, 459, 461, 463, 475, 476, 477, 480, 493, 494, 496, 497, 498, 500, 503, 513, 514, 516, 520, 521, 522, 525, 526, 527, 530, 533, 542, 544, 545, 546, 553], "summary": {"covered_lines": 181, "num_statements": 206, "percent_covered": 87.86407766990291, "percent_covered_display": "87.86", "missing_lines": 25, "excluded_lines": 0}, "missing_lines": [106, 123, 124, 142, 143, 169, 207, 208, 278, 279, 294, 301, 360, 390, 410, 412, 442, 460, 478, 495, 501, 517, 531, 547, 549], "excluded_lines": [], "functions": {"TypeInferrer.__init__": {"executed_lines": [81], "summary": {"covered_lines": 1, "num_statements": 1, "percent_covered": 100.0, "percent_covered_display": "100.00", "missing_lines": 0, "excluded_lines": 0}, "missing_lines": [], "excluded_lines": []}, "TypeInferrer.infer_column_types": {"executed_lines": [98, 101, 102, 103, 105, 109, 110, 113, 114, 115, 117, 118, 119, 122, 127, 130, 131, 134, 135, 138, 139, 141, 146, 153, 155, 156], "summary": {"covered_lines": 26, "num_statements": 31, "percent_covered": 83.87096774193549, "percent_covered_display": "83.87", "missing_lines": 5, "excluded_lines": 0}, "missing_lines": [106, 123, 124, 142, 143], "excluded_lines": []}, "TypeInferrer._detect_type": {"executed_lines": [168, 172, 179, 180, 182, 184, 185, 186, 187, 188, 191, 192, 193, 196, 197, 198, 201, 202, 203, 206, 211, 212, 213, 216, 217, 220, 222, 226, 227, 230, 232, 234, 238, 241, 242, 245, 246, 249, 251, 254, 255, 256, 259, 261, 264, 267, 272, 273, 274, 282, 283, 285, 287, 288, 289, 293, 295, 298], "summary": {"covered_lines": 58, "num_statements": 65, "percent_covered": 89.23076923076923, "percent_covered_display": "89.23", "missing_lines": 7, "excluded_lines": 0}, "missing_lines": [169, 207, 208, 278, 279, 294, 301], "excluded_lines": []}, "TypeInferrer._is_numeric": {"executed_lines": [315], "summary": {"covered_lines": 1, "num_statements": 1, "percent_covered": 100.0, "percent_covered_display": "100.00", "missing_lines": 0, "excluded_lines": 0}, "missing_lines": [], "excluded_lines": []}, "TypeInferrer._is_money": {"executed_lines": [329], "summary": {"covered_lines": 1, "num_statements": 1, "percent_covered": 100.0, "percent_covered_display": "100.00", "missing_lines": 0, "excluded_lines": 0}, "missing_lines": [], "excluded_lines": []}, "TypeInferrer._is_alpha": {"executed_lines": [341], "summary": {"covered_lines": 1, "num_statements": 1, "percent_covered": 100.0, "percent_covered_display": "100.00", "missing_lines": 0, "excluded_lines": 0}, "missing_lines": [], "excluded_lines": []}, "TypeInferrer._is_numeric_like_with_violations": {"executed_lines": [356, 359, 362], "summary": {"covered_lines": 3, "num_statements": 4, "percent_covered": 75.0, "percent_covered_display": "75.00", "missing_lines": 1, "excluded_lines": 0}, "missing_lines": [360], "excluded_lines": []}, "TypeInferrer._is_money_like_with_violations": {"executed_lines": [380, 381, 384, 387, 388], "summary": {"covered_lines": 5, "num_statements": 6, "percent_covered": 83.33333333333333, "percent_covered_display": "83.33", "missing_lines": 1, "excluded_lines": 0}, "missing_lines": [390], "excluded_lines": []}, "TypeInferrer._detect_date_format": {"executed_lines": [404, 405, 407, 408, 409, 413], "summary": {"covered_lines": 6, "num_statements": 8, "percent_covered": 75.0, "percent_covered_display": "75.00", "missing_lines": 2, "excluded_lines": 0}, "missing_lines": [410, 412], "excluded_lines": []}, "TypeInferrer._is_code_type": {"executed_lines": [428, 429, 433, 434, 437, 438, 441, 444], "summary": {"covered_lines": 8, "num_statements": 9, "percent_covered": 88.88888888888889, "percent_covered_display": "88.89", "missing_lines": 1, "excluded_lines": 0}, "missing_lines": [442], "excluded_lines": []}, "TypeInferrer._count_numeric_violations": {"executed_lines": [456, 457, 459, 461], "summary": {"covered_lines": 4, "num_statements": 5, "percent_covered": 80.0, "percent_covered_display": "80.00", "missing_lines": 1, "excluded_lines": 0}, "missing_lines": [460], "excluded_lines": []}, "TypeInferrer._has_explicit_money_violations": {"executed_lines": [475, 476, 477], "summary": {"covered_lines": 3, "num_statements": 4, "percent_covered": 75.0, "percent_covered_display": "75.00", "missing_lines": 1, "excluded_lines": 0}, "missing_lines": [478], "excluded_lines": []}, "TypeInferrer._has_wrong_decimal_counts": {"executed_lines": [493, 494, 496, 497, 498, 500], "summary": {"covered_lines": 6, "num_statements": 8, "percent_covered": 75.0, "percent_covered_display": "75.00", "missing_lines": 2, "excluded_lines": 0}, "missing_lines": [495, 501], "excluded_lines": []}, "TypeInferrer._count_money_violations": {"executed_lines": [513, 514, 516, 520, 521, 522, 525, 526, 527, 530, 533], "summary": {"covered_lines": 11, "num_statements": 13, "percent_covered": 84.61538461538461, "percent_covered_display": "84.62", "missing_lines": 2, "excluded_lines": 0}, "missing_lines": [517, 531], "excluded_lines": []}, "_lazy_import_validators": {"executed_lines": [544, 545, 546], "summary": {"covered_lines": 3, "num_statements": 5, "percent_covered": 60.0, "percent_covered_display": "60.00", "missing_lines": 2, "excluded_lines": 0}, "missing_lines": [547, 549], "excluded_lines": []}, "": {"executed_lines": [1, 15, 16, 17, 18, 19, 20, 21, 24, 25, 26, 28, 29, 30, 31, 32, 33, 34, 35, 38, 39, 40, 42, 43, 46, 47, 55, 56, 57, 60, 69, 70, 71, 72, 74, 83, 158, 303, 317, 331, 343, 364, 392, 415, 446, 463, 480, 503, 542, 553], "summary": {"covered_lines": 44, "num_statements": 44, "percent_covered": 100.0, "percent_covered_display": "100.00", "missing_lines": 0, "excluded_lines": 0}, "missing_lines": [], "excluded_lines": []}}, "classes": {"ColumnTypeInfo": {"executed_lines": [], "summary": {"covered_lines": 0, "num_statements": 0, "percent_covered": 100.0, "percent_covered_display": "100.00", "missing_lines": 0, "excluded_lines": 0}, "missing_lines": [], "excluded_lines": []}, "TypeInferenceResult": {"executed_lines": [], "summary": {"covered_lines": 0, "num_statements": 0, "percent_covered": 100.0, "percent_covered_display": "100.00", "missing_lines": 0, "excluded_lines": 0}, "missing_lines": [], "excluded_lines": []}, "TypeInferrer": {"executed_lines": [81, 98, 101, 102, 103, 105, 109, 110, 113, 114, 115, 117, 118, 119, 122, 127, 130, 131, 134, 135, 138, 139, 141, 146, 153, 155, 156, 168, 172, 179, 180, 182, 184, 185, 186, 187, 188, 191, 192, 193, 196, 197, 198, 201, 202, 203, 206, 211, 212, 213, 216, 217, 220, 222, 226, 227, 230, 232, 234, 238, 241, 242, 245, 246, 249, 251, 254, 255, 256, 259, 261, 264, 267, 272, 273, 274, 282, 283, 285, 287, 288, 289, 293, 295, 298, 315, 329, 341, 356, 359, 362, 380, 381, 384, 387, 388, 404, 405, 407, 408, 409, 413, 428, 429, 433, 434, 437, 438, 441, 444, 456, 457, 459, 461, 475, 476, 477, 493, 494, 496, 497, 498, 500, 513, 514, 516, 520, 521, 522, 525, 526, 527, 530, 533], "summary": {"covered_lines": 134, "num_statements": 157, "percent_covered": 85.35031847133757, "percent_covered_display": "85.35", "missing_lines": 23, "excluded_lines": 0}, "missing_lines": [106, 123, 124, 142, 143, 169, 207, 208, 278, 279, 294, 301, 360, 390, 410, 412, 442, 460, 478, 495, 501, 517, 531], "excluded_lines": []}, "": {"executed_lines": [1, 15, 16, 17, 18, 19, 20, 21, 24, 25, 26, 28, 29, 30, 31, 32, 33, 34, 35, 38, 39, 40, 42, 43, 46, 47, 55, 56, 57, 60, 69, 70, 71, 72, 74, 83, 158, 303, 317, 331, 343, 364, 392, 415, 446, 463, 480, 503, 542, 544, 545, 546, 553], "summary": {"covered_lines": 47, "num_statements": 49, "percent_covered": 95.91836734693878, "percent_covered_display": "95.92", "missing_lines": 2, "excluded_lines": 0}, "missing_lines": [547, 549], "excluded_lines": []}}}, "storage/workspace.py": {"executed_lines": [1, 7, 8, 9, 10, 11, 12, 13, 15, 18, 19, 20, 22, 23, 24, 25, 26, 27, 28, 29, 30, 31, 32, 33, 34, 36, 38, 39, 40, 41, 42, 43, 45, 47, 49, 50, 51, 52, 53, 54, 56, 57, 60, 61, 62, 63, 64, 65, 68, 69, 76, 83, 84, 85, 87, 104, 105, 107, 117, 118, 121, 123, 125, 135, 137, 147, 149, 159, 161, 171, 173, 183, 184, 187, 188, 190, 192, 199, 200, 201, 203, 217, 218, 221, 223, 224, 227, 228, 229, 230, 231, 232, 234, 236, 244, 245, 249, 250, 252, 257, 259, 261, 269, 270, 274, 275, 277, 282, 284, 286, 294, 295, 298, 299, 301, 313, 316, 317, 320, 321, 322, 323, 325, 327, 338], "summary": {"covered_lines": 119, "num_statements": 138, "percent_covered": 86.23188405797102, "percent_covered_display": "86.23", "missing_lines": 19, "excluded_lines": 0}, "missing_lines": [185, 219, 246, 254, 271, 279, 296, 334, 335, 336, 345, 346, 347, 348, 349, 350, 351, 353, 354], "excluded_lines": [], "functions": {"RunMetadata.__post_init__": {"executed_lines": [38, 39, 40, 41, 42, 43], "summary": {"covered_lines": 6, "num_statements": 6, "percent_covered": 100.0, "percent_covered_display": "100.00", "missing_lines": 0, "excluded_lines": 0}, "missing_lines": [], "excluded_lines": []}, "RunMetadata.to_dict": {"executed_lines": [47, 49, 50, 51, 52, 53, 54], "summary": {"covered_lines": 7, "num_statements": 7, "percent_covered": 100.0, "percent_covered_display": "100.00", "missing_lines": 0, "excluded_lines": 0}, "missing_lines": [], "excluded_lines": []}, "RunMetadata.from_dict": {"executed_lines": [60, 61, 62, 63, 64, 65], "summary": {"covered_lines": 6, "num_statements": 6, "percent_covered": 100.0, "percent_covered_display": "100.00", "missing_lines": 0, "excluded_lines": 0}, "missing_lines": [], "excluded_lines": []}, "WorkspaceManager.__init__": {"executed_lines": [83, 84, 85], "summary": {"covered_lines": 3, "num_statements": 3, "percent_covered": 100.0, "percent_covered_display": "100.00", "missing_lines": 0, "excluded_lines": 0}, "missing_lines": [], "excluded_lines": []}, "WorkspaceManager.create_run": {"executed_lines": [104, 105, 107, 117, 118, 121, 123], "summary": {"covered_lines": 7, "num_statements": 7, "percent_covered": 100.0, "percent_covered_display": "100.00", "missing_lines": 0, "excluded_lines": 0}, "missing_lines": [], "excluded_lines": []}, "WorkspaceManager.get_run_dir": {"executed_lines": [135], "summary": {"covered_lines": 1, "num_statements": 1, "percent_covered": 100.0, "percent_covered_display": "100.00", "missing_lines": 0, "excluded_lines": 0}, "missing_lines": [], "excluded_lines": []}, "WorkspaceManager.get_metadata_path": {"executed_lines": [147], "summary": {"covered_lines": 1, "num_statements": 1, "percent_covered": 100.0, "percent_covered_display": "100.00", "missing_lines": 0, "excluded_lines": 0}, "missing_lines": [], "excluded_lines": []}, "WorkspaceManager.get_uploaded_file_path": {"executed_lines": [159], "summary": {"covered_lines": 1, "num_statements": 1, "percent_covered": 100.0, "percent_covered_display": "100.00", "missing_lines": 0, "excluded_lines": 0}, "missing_lines": [], "excluded_lines": []}, "WorkspaceManager.run_exists": {"executed_lines": [171], "summary": {"covered_lines": 1, "num_statements": 1, "percent_covered": 100.0, "percent_covered_display": "100.00", "missing_lines": 0, "excluded_lines": 0}, "missing_lines": [], "excluded_lines": []}, "WorkspaceManager.load_metadata": {"executed_lines": [183, 184, 187, 188, 190], "summary": {"covered_lines": 5, "num_statements": 6, "percent_covered": 83.33333333333333, "percent_covered_display": "83.33", "missing_lines": 1, "excluded_lines": 0}, "missing_lines": [185], "excluded_lines": []}, "WorkspaceManager.save_metadata": {"executed_lines": [199, 200, 201], "summary": {"covered_lines": 3, "num_statements": 3, "percent_covered": 100.0, "percent_covered_display": "100.00", "missing_lines": 0, "excluded_lines": 0}, "missing_lines": [], "excluded_lines": []}, "WorkspaceManager.update_state": {"executed_lines": [217, 218, 221, 223, 224, 227, 228, 229, 230, 231, 232, 234], "summary": {"covered_lines": 12, "num_statements": 13, "percent_covered": 92.3076923076923, "percent_covered_display": "92.31", "missing_lines": 1, "excluded_lines": 0}, "missing_lines": [219], "excluded_lines": []}, "WorkspaceManager.add_error": {"executed_lines": [244, 245, 249, 250, 252, 257, 259], "summary": {"covered_lines": 7, "num_statements": 9, "percent_covered": 77.77777777777777, "percent_covered_display": "77.78", "missing_lines": 2, "excluded_lines": 0}, "missing_lines": [246, 254], "excluded_lines": []}, "WorkspaceManager.add_warning": {"executed_lines": [269, 270, 274, 275, 277, 282, 284], "summary": {"covered_lines": 7, "num_statements": 9, "percent_covered": 77.77777777777777, "percent_covered_display": "77.78", "missing_lines": 2, "excluded_lines": 0}, "missing_lines": [271, 279], "excluded_lines": []}, "WorkspaceManager.save_column_profiles": {"executed_lines": [294, 295, 298, 299], "summary": {"covered_lines": 4, "num_statements": 5, "percent_covered": 80.0, "percent_covered_display": "80.00", "missing_lines": 1, "excluded_lines": 0}, "missing_lines": [296], "excluded_lines": []}, "WorkspaceManager.save_uploaded_file": {"executed_lines": [313, 316, 317, 320, 321, 322, 323, 325], "summary": {"covered_lines": 8, "num_statements": 8, "percent_covered": 100.0, "percent_covered_display": "100.00", "missing_lines": 0, "excluded_lines": 0}, "missing_lines": [], "excluded_lines": []}, "WorkspaceManager.cleanup_run": {"executed_lines": [], "summary": {"covered_lines": 0, "num_statements": 3, "percent_covered": 0.0, "percent_covered_display": "0.00", "missing_lines": 3, "excluded_lines": 0}, "missing_lines": [334, 335, 336], "excluded_lines": []}, "WorkspaceManager.list_runs": {"executed_lines": [], "summary": {"covered_lines": 0, "num_statements": 9, "percent_covered": 0.0, "percent_covered_display": "0.00", "missing_lines": 9, "excluded_lines": 0}, "missing_lines": [345, 346, 347, 348, 349, 350, 351, 353, 354], "excluded_lines": []}, "": {"executed_lines": [1, 7, 8, 9, 10, 11, 12, 13, 15, 18, 19, 20, 22, 23, 24, 25, 26, 27, 28, 29, 30, 31, 32, 33, 34, 36, 45, 56, 57, 68, 69, 76, 87, 125, 137, 149, 161, 173, 192, 203, 236, 261, 286, 301, 327, 338], "summary": {"covered_lines": 40, "num_statements": 40, "percent_covered": 100.0, "percent_covered_display": "100.00", "missing_lines": 0, "excluded_lines": 0}, "missing_lines": [], "excluded_lines": []}}, "classes": {"RunMetadata": {"executed_lines": [38, 39, 40, 41, 42, 43, 47, 49, 50, 51, 52, 53, 54, 60, 61, 62, 63, 64, 65], "summary": {"covered_lines": 19, "num_statements": 19, "percent_covered": 100.0, "percent_covered_display": "100.00", "missing_lines": 0, "excluded_lines": 0}, "missing_lines": [], "excluded_lines": []}, "WorkspaceManager": {"executed_lines": [83, 84, 85, 104, 105, 107, 117, 118, 121, 123, 135, 147, 159, 171, 183, 184, 187, 188, 190, 199, 200, 201, 217, 218, 221, 223, 224, 227, 228, 229, 230, 231, 232, 234, 244, 245, 249, 250, 252, 257, 259, 269, 270, 274, 275, 277, 282, 284, 294, 295, 298, 299, 313, 316, 317, 320, 321, 322, 323, 325], "summary": {"covered_lines": 60, "num_statements": 79, "percent_covered": 75.9493670886076, "percent_covered_display": "75.95", "missing_lines": 19, "excluded_lines": 0}, "missing_lines": [185, 219, 246, 254, 271, 279, 296, 334, 335, 336, 345, 346, 347, 348, 349, 350, 351, 353, 354], "excluded_lines": []}, "": {"executed_lines": [1, 7, 8, 9, 10, 11, 12, 13, 15, 18, 19, 20, 22, 23, 24, 25, 26, 27, 28, 29, 30, 31, 32, 33, 34, 36, 45, 56, 57, 68, 69, 76, 87, 125, 137, 149, 161, 173, 192, 203, 236, 261, 286, 301, 327, 338], "summary": {"covered_lines": 40, "num_statements": 40, "percent_covered": 100.0, "percent_covered_display": "100.00", "missing_lines": 0, "excluded_lines": 0}, "missing_lines": [], "excluded_lines": []}}}}, "totals": {"covered_lines": 1387, "num_statements": 1595, "percent_covered": 86.95924764890282, "percent_covered_display": "86.96", "missing_lines": 208, "excluded_lines": 0}}