{"meta": {"format": 3, "version": "7.11.3", "timestamp": "2025-11-13T18:02:18.510584", "branch_coverage": false, "show_contexts": false}, "files": {"DOCSTRING_TEMPLATES.py": {"executed_lines": [], "summary": {"covered_lines": 0, "num_statements": 9, "percent_covered": 0.0, "percent_covered_display": "0.00", "missing_lines": 9, "excluded_lines": 0}, "missing_lines": [20, 66, 127, 171, 205, 273, 365, 441, 511], "excluded_lines": [], "functions": {"FileIngester.__init__": {"executed_lines": [], "summary": {"covered_lines": 0, "num_statements": 0, "percent_covered": 100.0, "percent_covered_display": "100.00", "missing_lines": 0, "excluded_lines": 0}, "missing_lines": [], "excluded_lines": []}, "infer_column_type": {"executed_lines": [], "summary": {"covered_lines": 0, "num_statements": 0, "percent_covered": 100.0, "percent_covered_display": "100.00", "missing_lines": 0, "excluded_lines": 0}, "missing_lines": [], "excluded_lines": []}, "calculate_statistics": {"executed_lines": [], "summary": {"covered_lines": 0, "num_statements": 0, "percent_covered": 100.0, "percent_covered_display": "100.00", "missing_lines": 0, "excluded_lines": 0}, "missing_lines": [], "excluded_lines": []}, "get_profile": {"executed_lines": [], "summary": {"covered_lines": 0, "num_statements": 0, "percent_covered": 100.0, "percent_covered_display": "100.00", "missing_lines": 0, "excluded_lines": 0}, "missing_lines": [], "excluded_lines": []}, "": {"executed_lines": [], "summary": {"covered_lines": 0, "num_statements": 9, "percent_covered": 0.0, "percent_covered_display": "0.00", "missing_lines": 9, "excluded_lines": 0}, "missing_lines": [20, 66, 127, 171, 205, 273, 365, 441, 511], "excluded_lines": []}}, "classes": {"FileIngester": {"executed_lines": [], "summary": {"covered_lines": 0, "num_statements": 0, "percent_covered": 100.0, "percent_covered_display": "100.00", "missing_lines": 0, "excluded_lines": 0}, "missing_lines": [], "excluded_lines": []}, "ProfilingError": {"executed_lines": [], "summary": {"covered_lines": 0, "num_statements": 0, "percent_covered": 100.0, "percent_covered_display": "100.00", "missing_lines": 0, "excluded_lines": 0}, "missing_lines": [], "excluded_lines": []}, "ColumnProfile": {"executed_lines": [], "summary": {"covered_lines": 0, "num_statements": 0, "percent_covered": 100.0, "percent_covered_display": "100.00", "missing_lines": 0, "excluded_lines": 0}, "missing_lines": [], "excluded_lines": []}, "": {"executed_lines": [], "summary": {"covered_lines": 0, "num_statements": 9, "percent_covered": 0.0, "percent_covered_display": "0.00", "missing_lines": 9, "excluded_lines": 0}, "missing_lines": [20, 66, 127, 171, 205, 273, 365, 441, 511], "excluded_lines": []}}}, "app.py": {"executed_lines": [], "summary": {"covered_lines": 0, "num_statements": 29, "percent_covered": 0.0, "percent_covered_display": "0.00", "missing_lines": 29, "excluded_lines": 0}, "missing_lines": [7, 8, 10, 11, 12, 14, 15, 18, 21, 31, 45, 46, 57, 68, 69, 78, 86, 90, 91, 98, 99, 102, 103, 107, 108, 114, 118, 119, 126], "excluded_lines": [], "functions": {"global_exception_handler": {"executed_lines": [], "summary": {"covered_lines": 0, "num_statements": 1, "percent_covered": 0.0, "percent_covered_display": "0.00", "missing_lines": 1, "excluded_lines": 0}, "missing_lines": [57], "excluded_lines": []}, "health_check": {"executed_lines": [], "summary": {"covered_lines": 0, "num_statements": 1, "percent_covered": 0.0, "percent_covered_display": "0.00", "missing_lines": 1, "excluded_lines": 0}, "missing_lines": [78], "excluded_lines": []}, "startup_event": {"executed_lines": [], "summary": {"covered_lines": 0, "num_statements": 4, "percent_covered": 0.0, "percent_covered_display": "0.00", "missing_lines": 4, "excluded_lines": 0}, "missing_lines": [98, 99, 102, 103], "excluded_lines": []}, "shutdown_event": {"executed_lines": [], "summary": {"covered_lines": 0, "num_statements": 1, "percent_covered": 0.0, "percent_covered_display": "0.00", "missing_lines": 1, "excluded_lines": 0}, "missing_lines": [114], "excluded_lines": []}, "root": {"executed_lines": [], "summary": {"covered_lines": 0, "num_statements": 1, "percent_covered": 0.0, "percent_covered_display": "0.00", "missing_lines": 1, "excluded_lines": 0}, "missing_lines": [126], "excluded_lines": []}, "": {"executed_lines": [], "summary": {"covered_lines": 0, "num_statements": 21, "percent_covered": 0.0, "percent_covered_display": "0.00", "missing_lines": 21, "excluded_lines": 0}, "missing_lines": [7, 8, 10, 11, 12, 14, 15, 18, 21, 31, 45, 46, 68, 69, 86, 90, 91, 107, 108, 118, 119], "excluded_lines": []}}, "classes": {"": {"executed_lines": [], "summary": {"covered_lines": 0, "num_statements": 29, "percent_covered": 0.0, "percent_covered_display": "0.00", "missing_lines": 29, "excluded_lines": 0}, "missing_lines": [7, 8, 10, 11, 12, 14, 15, 18, 21, 31, 45, 46, 57, 68, 69, 78, 86, 90, 91, 98, 99, 102, 103, 107, 108, 114, 118, 119, 126], "excluded_lines": []}}}, "models/run.py": {"executed_lines": [], "summary": {"covered_lines": 0, "num_statements": 122, "percent_covered": 0.0, "percent_covered_display": "0.00", "missing_lines": 122, "excluded_lines": 0}, "missing_lines": [7, 8, 9, 10, 12, 15, 17, 18, 19, 20, 23, 26, 31, 35, 40, 41, 50, 53, 54, 55, 57, 58, 67, 70, 71, 72, 74, 75, 84, 87, 88, 89, 90, 91, 92, 93, 94, 95, 97, 98, 124, 127, 128, 129, 131, 132, 141, 144, 145, 146, 148, 149, 158, 161, 162, 163, 164, 165, 168, 171, 172, 173, 174, 175, 178, 179, 180, 181, 182, 183, 184, 185, 188, 189, 190, 191, 192, 195, 196, 197, 198, 199, 200, 201, 204, 205, 206, 207, 210, 213, 216, 219, 220, 221, 222, 225, 228, 229, 230, 231, 232, 233, 236, 239, 240, 241, 244, 247, 249, 250, 257, 260, 261, 262, 265, 268, 269, 270, 271, 272, 273, 274], "excluded_lines": [], "functions": {"": {"executed_lines": [], "summary": {"covered_lines": 0, "num_statements": 122, "percent_covered": 0.0, "percent_covered_display": "0.00", "missing_lines": 122, "excluded_lines": 0}, "missing_lines": [7, 8, 9, 10, 12, 15, 17, 18, 19, 20, 23, 26, 31, 35, 40, 41, 50, 53, 54, 55, 57, 58, 67, 70, 71, 72, 74, 75, 84, 87, 88, 89, 90, 91, 92, 93, 94, 95, 97, 98, 124, 127, 128, 129, 131, 132, 141, 144, 145, 146, 148, 149, 158, 161, 162, 163, 164, 165, 168, 171, 172, 173, 174, 175, 178, 179, 180, 181, 182, 183, 184, 185, 188, 189, 190, 191, 192, 195, 196, 197, 198, 199, 200, 201, 204, 205, 206, 207, 210, 213, 216, 219, 220, 221, 222, 225, 228, 229, 230, 231, 232, 233, 236, 239, 240, 241, 244, 247, 249, 250, 257, 260, 261, 262, 265, 268, 269, 270, 271, 272, 273, 274], "excluded_lines": []}}, "classes": {"RunState": {"executed_lines": [], "summary": {"covered_lines": 0, "num_statements": 0, "percent_covered": 100.0, "percent_covered_display": "100.00", "missing_lines": 0, "excluded_lines": 0}, "missing_lines": [], "excluded_lines": []}, "RunCreate": {"executed_lines": [], "summary": {"covered_lines": 0, "num_statements": 0, "percent_covered": 100.0, "percent_covered_display": "100.00", "missing_lines": 0, "excluded_lines": 0}, "missing_lines": [], "excluded_lines": []}, "RunCreate.Config": {"executed_lines": [], "summary": {"covered_lines": 0, "num_statements": 0, "percent_covered": 100.0, "percent_covered_display": "100.00", "missing_lines": 0, "excluded_lines": 0}, "missing_lines": [], "excluded_lines": []}, "RunResponse": {"executed_lines": [], "summary": {"covered_lines": 0, "num_statements": 0, "percent_covered": 100.0, "percent_covered_display": "100.00", "missing_lines": 0, "excluded_lines": 0}, "missing_lines": [], "excluded_lines": []}, "RunResponse.Config": {"executed_lines": [], "summary": {"covered_lines": 0, "num_statements": 0, "percent_covered": 100.0, "percent_covered_display": "100.00", "missing_lines": 0, "excluded_lines": 0}, "missing_lines": [], "excluded_lines": []}, "ErrorDetail": {"executed_lines": [], "summary": {"covered_lines": 0, "num_statements": 0, "percent_covered": 100.0, "percent_covered_display": "100.00", "missing_lines": 0, "excluded_lines": 0}, "missing_lines": [], "excluded_lines": []}, "ErrorDetail.Config": {"executed_lines": [], "summary": {"covered_lines": 0, "num_statements": 0, "percent_covered": 100.0, "percent_covered_display": "100.00", "missing_lines": 0, "excluded_lines": 0}, "missing_lines": [], "excluded_lines": []}, "RunStatus": {"executed_lines": [], "summary": {"covered_lines": 0, "num_statements": 0, "percent_covered": 100.0, "percent_covered_display": "100.00", "missing_lines": 0, "excluded_lines": 0}, "missing_lines": [], "excluded_lines": []}, "RunStatus.Config": {"executed_lines": [], "summary": {"covered_lines": 0, "num_statements": 0, "percent_covered": 100.0, "percent_covered_display": "100.00", "missing_lines": 0, "excluded_lines": 0}, "missing_lines": [], "excluded_lines": []}, "FileUploadResponse": {"executed_lines": [], "summary": {"covered_lines": 0, "num_statements": 0, "percent_covered": 100.0, "percent_covered_display": "100.00", "missing_lines": 0, "excluded_lines": 0}, "missing_lines": [], "excluded_lines": []}, "FileUploadResponse.Config": {"executed_lines": [], "summary": {"covered_lines": 0, "num_statements": 0, "percent_covered": 100.0, "percent_covered_display": "100.00", "missing_lines": 0, "excluded_lines": 0}, "missing_lines": [], "excluded_lines": []}, "HealthResponse": {"executed_lines": [], "summary": {"covered_lines": 0, "num_statements": 0, "percent_covered": 100.0, "percent_covered_display": "100.00", "missing_lines": 0, "excluded_lines": 0}, "missing_lines": [], "excluded_lines": []}, "HealthResponse.Config": {"executed_lines": [], "summary": {"covered_lines": 0, "num_statements": 0, "percent_covered": 100.0, "percent_covered_display": "100.00", "missing_lines": 0, "excluded_lines": 0}, "missing_lines": [], "excluded_lines": []}, "FileMetadata": {"executed_lines": [], "summary": {"covered_lines": 0, "num_statements": 0, "percent_covered": 100.0, "percent_covered_display": "100.00", "missing_lines": 0, "excluded_lines": 0}, "missing_lines": [], "excluded_lines": []}, "ColumnProfileResponse": {"executed_lines": [], "summary": {"covered_lines": 0, "num_statements": 0, "percent_covered": 100.0, "percent_covered_display": "100.00", "missing_lines": 0, "excluded_lines": 0}, "missing_lines": [], "excluded_lines": []}, "CandidateKey": {"executed_lines": [], "summary": {"covered_lines": 0, "num_statements": 0, "percent_covered": 100.0, "percent_covered_display": "100.00", "missing_lines": 0, "excluded_lines": 0}, "missing_lines": [], "excluded_lines": []}, "ProfileResponse": {"executed_lines": [], "summary": {"covered_lines": 0, "num_statements": 0, "percent_covered": 100.0, "percent_covered_display": "100.00", "missing_lines": 0, "excluded_lines": 0}, "missing_lines": [], "excluded_lines": []}, "CandidateKeysResponse": {"executed_lines": [], "summary": {"covered_lines": 0, "num_statements": 0, "percent_covered": 100.0, "percent_covered_display": "100.00", "missing_lines": 0, "excluded_lines": 0}, "missing_lines": [], "excluded_lines": []}, "ConfirmKeysRequest": {"executed_lines": [], "summary": {"covered_lines": 0, "num_statements": 0, "percent_covered": 100.0, "percent_covered_display": "100.00", "missing_lines": 0, "excluded_lines": 0}, "missing_lines": [], "excluded_lines": []}, "ConfirmKeysRequest.Config": {"executed_lines": [], "summary": {"covered_lines": 0, "num_statements": 0, "percent_covered": 100.0, "percent_covered_display": "100.00", "missing_lines": 0, "excluded_lines": 0}, "missing_lines": [], "excluded_lines": []}, "DuplicateGroup": {"executed_lines": [], "summary": {"covered_lines": 0, "num_statements": 0, "percent_covered": 100.0, "percent_covered_display": "100.00", "missing_lines": 0, "excluded_lines": 0}, "missing_lines": [], "excluded_lines": []}, "DuplicateDetectionResponse": {"executed_lines": [], "summary": {"covered_lines": 0, "num_statements": 0, "percent_covered": 100.0, "percent_covered_display": "100.00", "missing_lines": 0, "excluded_lines": 0}, "missing_lines": [], "excluded_lines": []}, "": {"executed_lines": [], "summary": {"covered_lines": 0, "num_statements": 122, "percent_covered": 0.0, "percent_covered_display": "0.00", "missing_lines": 122, "excluded_lines": 0}, "missing_lines": [7, 8, 9, 10, 12, 15, 17, 18, 19, 20, 23, 26, 31, 35, 40, 41, 50, 53, 54, 55, 57, 58, 67, 70, 71, 72, 74, 75, 84, 87, 88, 89, 90, 91, 92, 93, 94, 95, 97, 98, 124, 127, 128, 129, 131, 132, 141, 144, 145, 146, 148, 149, 158, 161, 162, 163, 164, 165, 168, 171, 172, 173, 174, 175, 178, 179, 180, 181, 182, 183, 184, 185, 188, 189, 190, 191, 192, 195, 196, 197, 198, 199, 200, 201, 204, 205, 206, 207, 210, 213, 216, 219, 220, 221, 222, 225, 228, 229, 230, 231, 232, 233, 236, 239, 240, 241, 244, 247, 249, 250, 257, 260, 261, 262, 265, 268, 269, 270, 271, 272, 273, 274], "excluded_lines": []}}}, "routers/runs.py": {"executed_lines": [], "summary": {"covered_lines": 0, "num_statements": 464, "percent_covered": 0.0, "percent_covered_display": "0.00", "missing_lines": 464, "excluded_lines": 0}, "missing_lines": [7, 8, 9, 10, 11, 12, 13, 14, 15, 17, 18, 20, 36, 44, 45, 52, 53, 54, 57, 58, 61, 64, 65, 66, 67, 70, 73, 74, 75, 76, 79, 82, 84, 87, 88, 104, 105, 106, 108, 115, 122, 127, 128, 134, 139, 156, 159, 160, 166, 167, 168, 174, 175, 181, 182, 183, 184, 189, 191, 194, 195, 196, 197, 198, 199, 205, 208, 209, 217, 220, 222, 228, 229, 230, 232, 233, 237, 243, 268, 269, 270, 273, 274, 276, 277, 280, 281, 282, 283, 284, 285, 286, 287, 288, 289, 291, 294, 297, 298, 300, 301, 302, 303, 306, 308, 309, 312, 313, 316, 323, 326, 335, 336, 346, 347, 355, 356, 365, 366, 373, 374, 384, 386, 389, 391, 394, 421, 423, 425, 426, 428, 429, 430, 432, 434, 435, 443, 448, 451, 453, 454, 455, 458, 461, 471, 472, 480, 487, 488, 491, 492, 494, 501, 504, 505, 506, 508, 509, 513, 518, 521, 522, 523, 525, 526, 527, 530, 531, 533, 534, 538, 540, 544, 547, 548, 557, 558, 561, 562, 563, 564, 567, 568, 571, 572, 573, 576, 577, 578, 579, 581, 582, 590, 596, 597, 605, 612, 620, 621, 623, 632, 635, 639, 645, 653, 656, 657, 658, 661, 667, 669, 670, 674, 679, 681, 682, 686, 694, 695, 710, 712, 713, 718, 719, 720, 726, 727, 729, 742, 755, 756, 759, 762, 764, 766, 769, 770, 792, 794, 795, 800, 801, 802, 808, 809, 815, 816, 822, 823, 825, 826, 829, 850, 853, 855, 856, 857, 858, 861, 862, 863, 864, 865, 868, 869, 870, 873, 874, 875, 876, 877, 878, 879, 881, 882, 883, 884, 885, 886, 887, 888, 889, 892, 914, 917, 918, 919, 921, 930, 931, 948, 950, 951, 956, 957, 958, 964, 965, 971, 972, 978, 979, 981, 982, 988, 989, 990, 991, 992, 993, 994, 997, 1006, 1007, 1010, 1011, 1013, 1023, 1025, 1026, 1027, 1028, 1029, 1030, 1031, 1032, 1033, 1035, 1036, 1037, 1038, 1039, 1040, 1041, 1042, 1044, 1045, 1046, 1047, 1048, 1049, 1050, 1051, 1053, 1054, 1055, 1056, 1057, 1058, 1059, 1061, 1064, 1065, 1066, 1067, 1068, 1069, 1071, 1072, 1080, 1083, 1093, 1094, 1096, 1097, 1099, 1100, 1102, 1105, 1106, 1122, 1124, 1125, 1130, 1131, 1132, 1138, 1139, 1145, 1146, 1152, 1153, 1155, 1156, 1162, 1163, 1164, 1165, 1166, 1169, 1170, 1171, 1173, 1174, 1175, 1177, 1178, 1179, 1181, 1182, 1190, 1192, 1199, 1200, 1217, 1219, 1220, 1225, 1226, 1227, 1233, 1234, 1240, 1241, 1246, 1247, 1248, 1250, 1251, 1257, 1258, 1260, 1261, 1267, 1268, 1269, 1270, 1272, 1273, 1275, 1276, 1277, 1280, 1281, 1282, 1283, 1284, 1285, 1286, 1287, 1289, 1290, 1292, 1294, 1295, 1296, 1298, 1299, 1302, 1303, 1304, 1306, 1307, 1308, 1309, 1311, 1318, 1321, 1324, 1341, 1342, 1345, 1346, 1348], "excluded_lines": [], "functions": {"get_workspace": {"executed_lines": [], "summary": {"covered_lines": 0, "num_statements": 4, "percent_covered": 0.0, "percent_covered_display": "0.00", "missing_lines": 4, "excluded_lines": 0}, "missing_lines": [64, 65, 66, 67], "excluded_lines": []}, "get_audit_logger": {"executed_lines": [], "summary": {"covered_lines": 0, "num_statements": 4, "percent_covered": 0.0, "percent_covered_display": "0.00", "missing_lines": 4, "excluded_lines": 0}, "missing_lines": [73, 74, 75, 76], "excluded_lines": []}, "set_workspace": {"executed_lines": [], "summary": {"covered_lines": 0, "num_statements": 1, "percent_covered": 0.0, "percent_covered_display": "0.00", "missing_lines": 1, "excluded_lines": 0}, "missing_lines": [82], "excluded_lines": []}, "create_run": {"executed_lines": [], "summary": {"covered_lines": 0, "num_statements": 8, "percent_covered": 0.0, "percent_covered_display": "0.00", "missing_lines": 8, "excluded_lines": 0}, "missing_lines": [104, 105, 106, 108, 115, 122, 127, 128], "excluded_lines": []}, "upload_file": {"executed_lines": [], "summary": {"covered_lines": 0, "num_statements": 32, "percent_covered": 0.0, "percent_covered_display": "0.00", "missing_lines": 32, "excluded_lines": 0}, "missing_lines": [156, 159, 160, 166, 167, 168, 174, 175, 181, 182, 183, 184, 189, 191, 194, 195, 196, 197, 198, 199, 205, 208, 209, 217, 220, 222, 228, 229, 230, 232, 233, 237], "excluded_lines": []}, "profile_columns": {"executed_lines": [], "summary": {"covered_lines": 0, "num_statements": 47, "percent_covered": 0.0, "percent_covered_display": "0.00", "missing_lines": 47, "excluded_lines": 0}, "missing_lines": [268, 269, 270, 273, 274, 276, 277, 280, 281, 282, 283, 284, 285, 286, 287, 288, 289, 291, 294, 297, 298, 300, 301, 302, 303, 306, 308, 309, 312, 313, 316, 323, 326, 335, 336, 346, 347, 355, 356, 365, 366, 373, 374, 384, 386, 389, 391], "excluded_lines": []}, "process_file": {"executed_lines": [], "summary": {"covered_lines": 0, "num_statements": 91, "percent_covered": 0.0, "percent_covered_display": "0.00", "missing_lines": 91, "excluded_lines": 0}, "missing_lines": [421, 423, 425, 426, 428, 429, 430, 432, 434, 435, 443, 448, 451, 453, 454, 455, 458, 461, 471, 472, 480, 487, 488, 491, 492, 494, 501, 504, 505, 506, 508, 509, 513, 518, 521, 522, 523, 525, 526, 527, 530, 531, 533, 534, 538, 540, 544, 547, 548, 557, 558, 561, 562, 563, 564, 567, 568, 571, 572, 573, 576, 577, 578, 579, 581, 582, 590, 596, 597, 605, 612, 620, 621, 623, 632, 635, 639, 645, 653, 656, 657, 658, 661, 667, 669, 670, 674, 679, 681, 682, 686], "excluded_lines": []}, "get_run_status": {"executed_lines": [], "summary": {"covered_lines": 0, "num_statements": 9, "percent_covered": 0.0, "percent_covered_display": "0.00", "missing_lines": 9, "excluded_lines": 0}, "missing_lines": [710, 712, 713, 718, 719, 720, 726, 727, 729], "excluded_lines": []}, "sanitize_csv_value": {"executed_lines": [], "summary": {"covered_lines": 0, "num_statements": 6, "percent_covered": 0.0, "percent_covered_display": "0.00", "missing_lines": 6, "excluded_lines": 0}, "missing_lines": [755, 756, 759, 762, 764, 766], "excluded_lines": []}, "get_metrics_csv": {"executed_lines": [], "summary": {"covered_lines": 0, "num_statements": 49, "percent_covered": 0.0, "percent_covered_display": "0.00", "missing_lines": 49, "excluded_lines": 0}, "missing_lines": [792, 794, 795, 800, 801, 802, 808, 809, 815, 816, 822, 823, 825, 826, 829, 850, 853, 855, 856, 857, 858, 861, 862, 863, 864, 865, 868, 869, 870, 873, 874, 875, 876, 877, 878, 879, 881, 882, 883, 884, 885, 886, 887, 888, 889, 892, 914, 917, 921], "excluded_lines": []}, "get_metrics_csv.iterfile": {"executed_lines": [], "summary": {"covered_lines": 0, "num_statements": 2, "percent_covered": 0.0, "percent_covered_display": "0.00", "missing_lines": 2, "excluded_lines": 0}, "missing_lines": [918, 919], "excluded_lines": []}, "get_profile": {"executed_lines": [], "summary": {"covered_lines": 0, "num_statements": 78, "percent_covered": 0.0, "percent_covered_display": "0.00", "missing_lines": 78, "excluded_lines": 0}, "missing_lines": [948, 950, 951, 956, 957, 958, 964, 965, 971, 972, 978, 979, 981, 982, 988, 989, 990, 991, 992, 993, 994, 997, 1006, 1007, 1010, 1011, 1013, 1023, 1025, 1026, 1027, 1028, 1029, 1030, 1031, 1032, 1033, 1035, 1036, 1037, 1038, 1039, 1040, 1041, 1042, 1044, 1045, 1046, 1047, 1048, 1049, 1050, 1051, 1053, 1054, 1055, 1056, 1057, 1058, 1059, 1061, 1064, 1065, 1066, 1067, 1068, 1069, 1071, 1072, 1080, 1083, 1093, 1094, 1096, 1097, 1099, 1100, 1102], "excluded_lines": []}, "get_candidate_keys": {"executed_lines": [], "summary": {"covered_lines": 0, "num_statements": 32, "percent_covered": 0.0, "percent_covered_display": "0.00", "missing_lines": 32, "excluded_lines": 0}, "missing_lines": [1122, 1124, 1125, 1130, 1131, 1132, 1138, 1139, 1145, 1146, 1152, 1153, 1155, 1156, 1162, 1163, 1164, 1165, 1166, 1169, 1170, 1171, 1173, 1174, 1175, 1177, 1178, 1179, 1181, 1182, 1190, 1192], "excluded_lines": []}, "confirm_keys": {"executed_lines": [], "summary": {"covered_lines": 0, "num_statements": 60, "percent_covered": 0.0, "percent_covered_display": "0.00", "missing_lines": 60, "excluded_lines": 0}, "missing_lines": [1217, 1219, 1220, 1225, 1226, 1227, 1233, 1234, 1240, 1241, 1246, 1247, 1248, 1250, 1251, 1257, 1258, 1260, 1261, 1267, 1268, 1269, 1270, 1272, 1273, 1275, 1276, 1277, 1280, 1281, 1282, 1283, 1284, 1285, 1286, 1287, 1289, 1290, 1292, 1294, 1295, 1296, 1298, 1299, 1302, 1303, 1304, 1306, 1307, 1308, 1309, 1311, 1318, 1321, 1324, 1341, 1342, 1345, 1346, 1348], "excluded_lines": []}, "": {"executed_lines": [], "summary": {"covered_lines": 0, "num_statements": 41, "percent_covered": 0.0, "percent_covered_display": "0.00", "missing_lines": 41, "excluded_lines": 0}, "missing_lines": [7, 8, 9, 10, 11, 12, 13, 14, 15, 17, 18, 20, 36, 44, 45, 52, 53, 54, 57, 58, 61, 70, 79, 84, 87, 88, 134, 139, 243, 394, 694, 695, 742, 769, 770, 930, 931, 1105, 1106, 1199, 1200], "excluded_lines": []}}, "classes": {"": {"executed_lines": [], "summary": {"covered_lines": 0, "num_statements": 464, "percent_covered": 0.0, "percent_covered_display": "0.00", "missing_lines": 464, "excluded_lines": 0}, "missing_lines": [7, 8, 9, 10, 11, 12, 13, 14, 15, 17, 18, 20, 36, 44, 45, 52, 53, 54, 57, 58, 61, 64, 65, 66, 67, 70, 73, 74, 75, 76, 79, 82, 84, 87, 88, 104, 105, 106, 108, 115, 122, 127, 128, 134, 139, 156, 159, 160, 166, 167, 168, 174, 175, 181, 182, 183, 184, 189, 191, 194, 195, 196, 197, 198, 199, 205, 208, 209, 217, 220, 222, 228, 229, 230, 232, 233, 237, 243, 268, 269, 270, 273, 274, 276, 277, 280, 281, 282, 283, 284, 285, 286, 287, 288, 289, 291, 294, 297, 298, 300, 301, 302, 303, 306, 308, 309, 312, 313, 316, 323, 326, 335, 336, 346, 347, 355, 356, 365, 366, 373, 374, 384, 386, 389, 391, 394, 421, 423, 425, 426, 428, 429, 430, 432, 434, 435, 443, 448, 451, 453, 454, 455, 458, 461, 471, 472, 480, 487, 488, 491, 492, 494, 501, 504, 505, 506, 508, 509, 513, 518, 521, 522, 523, 525, 526, 527, 530, 531, 533, 534, 538, 540, 544, 547, 548, 557, 558, 561, 562, 563, 564, 567, 568, 571, 572, 573, 576, 577, 578, 579, 581, 582, 590, 596, 597, 605, 612, 620, 621, 623, 632, 635, 639, 645, 653, 656, 657, 658, 661, 667, 669, 670, 674, 679, 681, 682, 686, 694, 695, 710, 712, 713, 718, 719, 720, 726, 727, 729, 742, 755, 756, 759, 762, 764, 766, 769, 770, 792, 794, 795, 800, 801, 802, 808, 809, 815, 816, 822, 823, 825, 826, 829, 850, 853, 855, 856, 857, 858, 861, 862, 863, 864, 865, 868, 869, 870, 873, 874, 875, 876, 877, 878, 879, 881, 882, 883, 884, 885, 886, 887, 888, 889, 892, 914, 917, 918, 919, 921, 930, 931, 948, 950, 951, 956, 957, 958, 964, 965, 971, 972, 978, 979, 981, 982, 988, 989, 990, 991, 992, 993, 994, 997, 1006, 1007, 1010, 1011, 1013, 1023, 1025, 1026, 1027, 1028, 1029, 1030, 1031, 1032, 1033, 1035, 1036, 1037, 1038, 1039, 1040, 1041, 1042, 1044, 1045, 1046, 1047, 1048, 1049, 1050, 1051, 1053, 1054, 1055, 1056, 1057, 1058, 1059, 1061, 1064, 1065, 1066, 1067, 1068, 1069, 1071, 1072, 1080, 1083, 1093, 1094, 1096, 1097, 1099, 1100, 1102, 1105, 1106, 1122, 1124, 1125, 1130, 1131, 1132, 1138, 1139, 1145, 1146, 1152, 1153, 1155, 1156, 1162, 1163, 1164, 1165, 1166, 1169, 1170, 1171, 1173, 1174, 1175, 1177, 1178, 1179, 1181, 1182, 1190, 1192, 1199, 1200, 1217, 1219, 1220, 1225, 1226, 1227, 1233, 1234, 1240, 1241, 1246, 1247, 1248, 1250, 1251, 1257, 1258, 1260, 1261, 1267, 1268, 1269, 1270, 1272, 1273, 1275, 1276, 1277, 1280, 1281, 1282, 1283, 1284, 1285, 1286, 1287, 1289, 1290, 1292, 1294, 1295, 1296, 1298, 1299, 1302, 1303, 1304, 1306, 1307, 1308, 1309, 1311, 1318, 1321, 1324, 1341, 1342, 1345, 1346, 1348], "excluded_lines": []}}}, "services/audit.py": {"executed_lines": [], "summary": {"covered_lines": 0, "num_statements": 104, "percent_covered": 0.0, "percent_covered_display": "0.00", "missing_lines": 104, "excluded_lines": 0}, "missing_lines": [8, 9, 10, 11, 12, 13, 14, 15, 18, 21, 22, 23, 24, 25, 26, 27, 28, 29, 30, 31, 32, 33, 34, 37, 38, 49, 51, 53, 60, 61, 63, 64, 67, 82, 89, 90, 92, 102, 103, 104, 106, 114, 117, 118, 119, 121, 123, 125, 135, 137, 153, 163, 165, 181, 182, 184, 195, 197, 204, 210, 212, 232, 244, 246, 253, 259, 261, 279, 290, 292, 299, 305, 307, 323, 333, 335, 342, 348, 350, 366, 376, 378, 392, 401, 403, 417, 426, 428, 442, 451, 453, 467, 476, 478, 488, 490, 491, 493, 494, 495, 496, 497, 498, 500], "excluded_lines": [], "functions": {"AuditEntry.to_dict": {"executed_lines": [], "summary": {"covered_lines": 0, "num_statements": 1, "percent_covered": 0.0, "percent_covered_display": "0.00", "missing_lines": 1, "excluded_lines": 0}, "missing_lines": [53], "excluded_lines": []}, "AuditEntry.from_dict": {"executed_lines": [], "summary": {"covered_lines": 0, "num_statements": 2, "percent_covered": 0.0, "percent_covered_display": "0.00", "missing_lines": 2, "excluded_lines": 0}, "missing_lines": [63, 64], "excluded_lines": []}, "AuditLogger.__init__": {"executed_lines": [], "summary": {"covered_lines": 0, "num_statements": 2, "percent_covered": 0.0, "percent_covered_display": "0.00", "missing_lines": 2, "excluded_lines": 0}, "missing_lines": [89, 90], "excluded_lines": []}, "AuditLogger._get_audit_log_path": {"executed_lines": [], "summary": {"covered_lines": 0, "num_statements": 3, "percent_covered": 0.0, "percent_covered_display": "0.00", "missing_lines": 3, "excluded_lines": 0}, "missing_lines": [102, 103, 104], "excluded_lines": []}, "AuditLogger._append_entry": {"executed_lines": [], "summary": {"covered_lines": 0, "num_statements": 4, "percent_covered": 0.0, "percent_covered_display": "0.00", "missing_lines": 4, "excluded_lines": 0}, "missing_lines": [114, 117, 118, 119], "excluded_lines": []}, "AuditLogger._now": {"executed_lines": [], "summary": {"covered_lines": 0, "num_statements": 1, "percent_covered": 0.0, "percent_covered_display": "0.00", "missing_lines": 1, "excluded_lines": 0}, "missing_lines": [123], "excluded_lines": []}, "AuditLogger._compute_file_hash": {"executed_lines": [], "summary": {"covered_lines": 0, "num_statements": 1, "percent_covered": 0.0, "percent_covered_display": "0.00", "missing_lines": 1, "excluded_lines": 0}, "missing_lines": [135], "excluded_lines": []}, "AuditLogger.log_run_created": {"executed_lines": [], "summary": {"covered_lines": 0, "num_statements": 2, "percent_covered": 0.0, "percent_covered_display": "0.00", "missing_lines": 2, "excluded_lines": 0}, "missing_lines": [153, 163], "excluded_lines": []}, "AuditLogger.log_file_uploaded": {"executed_lines": [], "summary": {"covered_lines": 0, "num_statements": 4, "percent_covered": 0.0, "percent_covered_display": "0.00", "missing_lines": 4, "excluded_lines": 0}, "missing_lines": [181, 182, 184, 195], "excluded_lines": []}, "AuditLogger.log_validation_started": {"executed_lines": [], "summary": {"covered_lines": 0, "num_statements": 2, "percent_covered": 0.0, "percent_covered_display": "0.00", "missing_lines": 2, "excluded_lines": 0}, "missing_lines": [204, 210], "excluded_lines": []}, "AuditLogger.log_validation_completed": {"executed_lines": [], "summary": {"covered_lines": 0, "num_statements": 2, "percent_covered": 0.0, "percent_covered_display": "0.00", "missing_lines": 2, "excluded_lines": 0}, "missing_lines": [232, 244], "excluded_lines": []}, "AuditLogger.log_parsing_started": {"executed_lines": [], "summary": {"covered_lines": 0, "num_statements": 2, "percent_covered": 0.0, "percent_covered_display": "0.00", "missing_lines": 2, "excluded_lines": 0}, "missing_lines": [253, 259], "excluded_lines": []}, "AuditLogger.log_parsing_completed": {"executed_lines": [], "summary": {"covered_lines": 0, "num_statements": 2, "percent_covered": 0.0, "percent_covered_display": "0.00", "missing_lines": 2, "excluded_lines": 0}, "missing_lines": [279, 290], "excluded_lines": []}, "AuditLogger.log_type_inference_started": {"executed_lines": [], "summary": {"covered_lines": 0, "num_statements": 2, "percent_covered": 0.0, "percent_covered_display": "0.00", "missing_lines": 2, "excluded_lines": 0}, "missing_lines": [299, 305], "excluded_lines": []}, "AuditLogger.log_type_inference_completed": {"executed_lines": [], "summary": {"covered_lines": 0, "num_statements": 2, "percent_covered": 0.0, "percent_covered_display": "0.00", "missing_lines": 2, "excluded_lines": 0}, "missing_lines": [323, 333], "excluded_lines": []}, "AuditLogger.log_profiling_started": {"executed_lines": [], "summary": {"covered_lines": 0, "num_statements": 2, "percent_covered": 0.0, "percent_covered_display": "0.00", "missing_lines": 2, "excluded_lines": 0}, "missing_lines": [342, 348], "excluded_lines": []}, "AuditLogger.log_profiling_completed": {"executed_lines": [], "summary": {"covered_lines": 0, "num_statements": 2, "percent_covered": 0.0, "percent_covered_display": "0.00", "missing_lines": 2, "excluded_lines": 0}, "missing_lines": [366, 376], "excluded_lines": []}, "AuditLogger.log_run_completed": {"executed_lines": [], "summary": {"covered_lines": 0, "num_statements": 2, "percent_covered": 0.0, "percent_covered_display": "0.00", "missing_lines": 2, "excluded_lines": 0}, "missing_lines": [392, 401], "excluded_lines": []}, "AuditLogger.log_run_failed": {"executed_lines": [], "summary": {"covered_lines": 0, "num_statements": 2, "percent_covered": 0.0, "percent_covered_display": "0.00", "missing_lines": 2, "excluded_lines": 0}, "missing_lines": [417, 426], "excluded_lines": []}, "AuditLogger.log_error": {"executed_lines": [], "summary": {"covered_lines": 0, "num_statements": 2, "percent_covered": 0.0, "percent_covered_display": "0.00", "missing_lines": 2, "excluded_lines": 0}, "missing_lines": [442, 451], "excluded_lines": []}, "AuditLogger.log_warning": {"executed_lines": [], "summary": {"covered_lines": 0, "num_statements": 2, "percent_covered": 0.0, "percent_covered_display": "0.00", "missing_lines": 2, "excluded_lines": 0}, "missing_lines": [467, 476], "excluded_lines": []}, "AuditLogger.read_audit_log": {"executed_lines": [], "summary": {"covered_lines": 0, "num_statements": 10, "percent_covered": 0.0, "percent_covered_display": "0.00", "missing_lines": 10, "excluded_lines": 0}, "missing_lines": [488, 490, 491, 493, 494, 495, 496, 497, 498, 500], "excluded_lines": []}, "": {"executed_lines": [], "summary": {"covered_lines": 0, "num_statements": 50, "percent_covered": 0.0, "percent_covered_display": "0.00", "missing_lines": 50, "excluded_lines": 0}, "missing_lines": [8, 9, 10, 11, 12, 13, 14, 15, 18, 21, 22, 23, 24, 25, 26, 27, 28, 29, 30, 31, 32, 33, 34, 37, 38, 49, 51, 60, 61, 67, 82, 92, 106, 121, 125, 137, 165, 197, 212, 246, 261, 292, 307, 335, 350, 378, 403, 428, 453, 478], "excluded_lines": []}}, "classes": {"AuditEventType": {"executed_lines": [], "summary": {"covered_lines": 0, "num_statements": 0, "percent_covered": 100.0, "percent_covered_display": "100.00", "missing_lines": 0, "excluded_lines": 0}, "missing_lines": [], "excluded_lines": []}, "AuditEntry": {"executed_lines": [], "summary": {"covered_lines": 0, "num_statements": 3, "percent_covered": 0.0, "percent_covered_display": "0.00", "missing_lines": 3, "excluded_lines": 0}, "missing_lines": [53, 63, 64], "excluded_lines": []}, "AuditLogger": {"executed_lines": [], "summary": {"covered_lines": 0, "num_statements": 51, "percent_covered": 0.0, "percent_covered_display": "0.00", "missing_lines": 51, "excluded_lines": 0}, "missing_lines": [89, 90, 102, 103, 104, 114, 117, 118, 119, 123, 135, 153, 163, 181, 182, 184, 195, 204, 210, 232, 244, 253, 259, 279, 290, 299, 305, 323, 333, 342, 348, 366, 376, 392, 401, 417, 426, 442, 451, 467, 476, 488, 490, 491, 493, 494, 495, 496, 497, 498, 500], "excluded_lines": []}, "": {"executed_lines": [], "summary": {"covered_lines": 0, "num_statements": 50, "percent_covered": 0.0, "percent_covered_display": "0.00", "missing_lines": 50, "excluded_lines": 0}, "missing_lines": [8, 9, 10, 11, 12, 13, 14, 15, 18, 21, 22, 23, 24, 25, 26, 27, 28, 29, 30, 31, 32, 33, 34, 37, 38, 49, 51, 60, 61, 67, 82, 92, 106, 121, 125, 137, 165, 197, 212, 246, 261, 292, 307, 335, 350, 378, 403, 428, 453, 478], "excluded_lines": []}}}, "services/distincts.py": {"executed_lines": [1, 10, 11, 12, 13, 14, 15, 18, 19, 20, 35, 36, 37, 38, 39, 40, 41, 42, 43, 45, 55, 60, 63, 64, 72, 88, 89, 90, 91, 92, 93, 95, 113, 116, 117, 118, 119, 122, 123, 126, 129, 130, 131, 134, 139, 144, 145, 147, 151, 154, 157, 163, 164, 166, 178, 208, 234, 253, 267, 269, 273, 308, 340, 366], "summary": {"covered_lines": 59, "num_statements": 129, "percent_covered": 45.736434108527135, "percent_covered_display": "45.74", "missing_lines": 70, "excluded_lines": 0}, "missing_lines": [114, 127, 135, 136, 140, 141, 148, 152, 158, 160, 161, 180, 181, 184, 185, 188, 189, 193, 201, 206, 218, 219, 221, 225, 232, 241, 242, 244, 245, 247, 248, 249, 251, 255, 256, 257, 259, 260, 261, 262, 263, 265, 270, 284, 285, 287, 291, 299, 304, 305, 323, 324, 326, 329, 336, 337, 351, 352, 354, 356, 360, 361, 363, 382, 383, 385, 388, 395, 396, 398], "excluded_lines": [], "functions": {"DistinctCountResult.get_top_n": {"executed_lines": [55, 60], "summary": {"covered_lines": 2, "num_statements": 2, "percent_covered": 100.0, "percent_covered_display": "100.00", "missing_lines": 0, "excluded_lines": 0}, "missing_lines": [], "excluded_lines": []}, "DistinctCounter.__init__": {"executed_lines": [88, 89, 90, 91, 92, 93], "summary": {"covered_lines": 6, "num_statements": 6, "percent_covered": 100.0, "percent_covered_display": "100.00", "missing_lines": 0, "excluded_lines": 0}, "missing_lines": [], "excluded_lines": []}, "DistinctCounter.count_distincts": {"executed_lines": [113, 116, 117, 118, 119, 122, 123, 126, 129, 130, 131, 134, 139, 144, 145, 147, 151, 154, 157, 163, 164, 166], "summary": {"covered_lines": 22, "num_statements": 33, "percent_covered": 66.66666666666667, "percent_covered_display": "66.67", "missing_lines": 11, "excluded_lines": 0}, "missing_lines": [114, 127, 135, 136, 140, 141, 148, 152, 158, 160, 161], "excluded_lines": []}, "DistinctCounter._init_sqlite_storage": {"executed_lines": [], "summary": {"covered_lines": 0, "num_statements": 9, "percent_covered": 0.0, "percent_covered_display": "0.00", "missing_lines": 9, "excluded_lines": 0}, "missing_lines": [180, 181, 184, 185, 188, 189, 193, 201, 206], "excluded_lines": []}, "DistinctCounter._insert_or_increment_sqlite": {"executed_lines": [], "summary": {"covered_lines": 0, "num_statements": 5, "percent_covered": 0.0, "percent_covered_display": "0.00", "missing_lines": 5, "excluded_lines": 0}, "missing_lines": [218, 219, 221, 225, 232], "excluded_lines": []}, "DistinctCounter._get_all_frequencies_sqlite": {"executed_lines": [], "summary": {"covered_lines": 0, "num_statements": 8, "percent_covered": 0.0, "percent_covered_display": "0.00", "missing_lines": 8, "excluded_lines": 0}, "missing_lines": [241, 242, 244, 245, 247, 248, 249, 251], "excluded_lines": []}, "DistinctCounter.cleanup": {"executed_lines": [], "summary": {"covered_lines": 0, "num_statements": 9, "percent_covered": 0.0, "percent_covered_display": "0.00", "missing_lines": 9, "excluded_lines": 0}, "missing_lines": [255, 256, 257, 259, 260, 261, 262, 263, 265], "excluded_lines": []}, "DistinctCounter.__del__": {"executed_lines": [269], "summary": {"covered_lines": 1, "num_statements": 2, "percent_covered": 50.0, "percent_covered_display": "50.00", "missing_lines": 1, "excluded_lines": 0}, "missing_lines": [270], "excluded_lines": []}, "create_column_table": {"executed_lines": [], "summary": {"covered_lines": 0, "num_statements": 7, "percent_covered": 0.0, "percent_covered_display": "0.00", "missing_lines": 7, "excluded_lines": 0}, "missing_lines": [284, 285, 287, 291, 299, 304, 305], "excluded_lines": []}, "insert_or_increment": {"executed_lines": [], "summary": {"covered_lines": 0, "num_statements": 6, "percent_covered": 0.0, "percent_covered_display": "0.00", "missing_lines": 6, "excluded_lines": 0}, "missing_lines": [323, 324, 326, 329, 336, 337], "excluded_lines": []}, "get_distinct_count": {"executed_lines": [], "summary": {"covered_lines": 0, "num_statements": 7, "percent_covered": 0.0, "percent_covered_display": "0.00", "missing_lines": 7, "excluded_lines": 0}, "missing_lines": [351, 352, 354, 356, 360, 361, 363], "excluded_lines": []}, "get_top_values": {"executed_lines": [], "summary": {"covered_lines": 0, "num_statements": 7, "percent_covered": 0.0, "percent_covered_display": "0.00", "missing_lines": 7, "excluded_lines": 0}, "missing_lines": [382, 383, 385, 388, 395, 396, 398], "excluded_lines": []}, "": {"executed_lines": [1, 10, 11, 12, 13, 14, 15, 18, 19, 20, 35, 36, 37, 38, 39, 40, 41, 42, 43, 45, 63, 64, 72, 95, 178, 208, 234, 253, 267, 273, 308, 340, 366], "summary": {"covered_lines": 28, "num_statements": 28, "percent_covered": 100.0, "percent_covered_display": "100.00", "missing_lines": 0, "excluded_lines": 0}, "missing_lines": [], "excluded_lines": []}}, "classes": {"DistinctCountResult": {"executed_lines": [55, 60], "summary": {"covered_lines": 2, "num_statements": 2, "percent_covered": 100.0, "percent_covered_display": "100.00", "missing_lines": 0, "excluded_lines": 0}, "missing_lines": [], "excluded_lines": []}, "DistinctCounter": {"executed_lines": [88, 89, 90, 91, 92, 93, 113, 116, 117, 118, 119, 122, 123, 126, 129, 130, 131, 134, 139, 144, 145, 147, 151, 154, 157, 163, 164, 166, 269], "summary": {"covered_lines": 29, "num_statements": 72, "percent_covered": 40.27777777777778, "percent_covered_display": "40.28", "missing_lines": 43, "excluded_lines": 0}, "missing_lines": [114, 127, 135, 136, 140, 141, 148, 152, 158, 160, 161, 180, 181, 184, 185, 188, 189, 193, 201, 206, 218, 219, 221, 225, 232, 241, 242, 244, 245, 247, 248, 249, 251, 255, 256, 257, 259, 260, 261, 262, 263, 265, 270], "excluded_lines": []}, "": {"executed_lines": [1, 10, 11, 12, 13, 14, 15, 18, 19, 20, 35, 36, 37, 38, 39, 40, 41, 42, 43, 45, 63, 64, 72, 95, 178, 208, 234, 253, 267, 273, 308, 340, 366], "summary": {"covered_lines": 28, "num_statements": 55, "percent_covered": 50.90909090909091, "percent_covered_display": "50.91", "missing_lines": 27, "excluded_lines": 0}, "missing_lines": [284, 285, 287, 291, 299, 304, 305, 323, 324, 326, 329, 336, 337, 351, 352, 354, 356, 360, 361, 363, 382, 383, 385, 388, 395, 396, 398], "excluded_lines": []}}}, "services/errors.py": {"executed_lines": [], "summary": {"covered_lines": 0, "num_statements": 74, "percent_covered": 0.0, "percent_covered_display": "0.00", "missing_lines": 74, "excluded_lines": 0}, "missing_lines": [8, 9, 12, 16, 17, 18, 21, 22, 23, 24, 25, 28, 29, 33, 52, 59, 60, 66, 67, 68, 69, 72, 73, 80, 81, 84, 93, 95, 96, 97, 98, 100, 121, 122, 125, 128, 139, 142, 143, 146, 148, 155, 157, 167, 169, 176, 178, 185, 187, 194, 195, 196, 197, 198, 201, 202, 203, 205, 217, 218, 220, 227, 229, 236, 238, 245, 247, 254, 255, 270, 272, 273, 274, 275], "excluded_lines": [], "functions": {"ErrorAggregator.__init__": {"executed_lines": [], "summary": {"covered_lines": 0, "num_statements": 4, "percent_covered": 0.0, "percent_covered_display": "0.00", "missing_lines": 4, "excluded_lines": 0}, "missing_lines": [95, 96, 97, 98], "excluded_lines": []}, "ErrorAggregator.record": {"executed_lines": [], "summary": {"covered_lines": 0, "num_statements": 8, "percent_covered": 0.0, "percent_covered_display": "0.00", "missing_lines": 8, "excluded_lines": 0}, "missing_lines": [121, 122, 125, 128, 139, 142, 143, 146], "excluded_lines": []}, "ErrorAggregator.set_total_rows": {"executed_lines": [], "summary": {"covered_lines": 0, "num_statements": 1, "percent_covered": 0.0, "percent_covered_display": "0.00", "missing_lines": 1, "excluded_lines": 0}, "missing_lines": [155], "excluded_lines": []}, "ErrorAggregator.get_error_count": {"executed_lines": [], "summary": {"covered_lines": 0, "num_statements": 1, "percent_covered": 0.0, "percent_covered_display": "0.00", "missing_lines": 1, "excluded_lines": 0}, "missing_lines": [167], "excluded_lines": []}, "ErrorAggregator.get_error_rollup": {"executed_lines": [], "summary": {"covered_lines": 0, "num_statements": 1, "percent_covered": 0.0, "percent_covered_display": "0.00", "missing_lines": 1, "excluded_lines": 0}, "missing_lines": [176], "excluded_lines": []}, "ErrorAggregator.get_errors": {"executed_lines": [], "summary": {"covered_lines": 0, "num_statements": 1, "percent_covered": 0.0, "percent_covered_display": "0.00", "missing_lines": 1, "excluded_lines": 0}, "missing_lines": [185], "excluded_lines": []}, "ErrorAggregator.get_summaries": {"executed_lines": [], "summary": {"covered_lines": 0, "num_statements": 11, "percent_covered": 0.0, "percent_covered_display": "0.00", "missing_lines": 11, "excluded_lines": 0}, "missing_lines": [194, 195, 196, 197, 198, 201, 202, 203, 205, 217, 218], "excluded_lines": []}, "ErrorAggregator.has_catastrophic_errors": {"executed_lines": [], "summary": {"covered_lines": 0, "num_statements": 1, "percent_covered": 0.0, "percent_covered_display": "0.00", "missing_lines": 1, "excluded_lines": 0}, "missing_lines": [227], "excluded_lines": []}, "ErrorAggregator.has_errors": {"executed_lines": [], "summary": {"covered_lines": 0, "num_statements": 1, "percent_covered": 0.0, "percent_covered_display": "0.00", "missing_lines": 1, "excluded_lines": 0}, "missing_lines": [236], "excluded_lines": []}, "ErrorAggregator.get_error_count_total": {"executed_lines": [], "summary": {"covered_lines": 0, "num_statements": 1, "percent_covered": 0.0, "percent_covered_display": "0.00", "missing_lines": 1, "excluded_lines": 0}, "missing_lines": [245], "excluded_lines": []}, "ErrorAggregator.to_dict": {"executed_lines": [], "summary": {"covered_lines": 0, "num_statements": 2, "percent_covered": 0.0, "percent_covered_display": "0.00", "missing_lines": 2, "excluded_lines": 0}, "missing_lines": [254, 255], "excluded_lines": []}, "ErrorAggregator.clear": {"executed_lines": [], "summary": {"covered_lines": 0, "num_statements": 4, "percent_covered": 0.0, "percent_covered_display": "0.00", "missing_lines": 4, "excluded_lines": 0}, "missing_lines": [272, 273, 274, 275], "excluded_lines": []}, "": {"executed_lines": [], "summary": {"covered_lines": 0, "num_statements": 38, "percent_covered": 0.0, "percent_covered_display": "0.00", "missing_lines": 38, "excluded_lines": 0}, "missing_lines": [8, 9, 12, 16, 17, 18, 21, 22, 23, 24, 25, 28, 29, 33, 52, 59, 60, 66, 67, 68, 69, 72, 73, 80, 81, 84, 93, 100, 148, 157, 169, 178, 187, 220, 229, 238, 247, 270], "excluded_lines": []}}, "classes": {"ErrorCode": {"executed_lines": [], "summary": {"covered_lines": 0, "num_statements": 0, "percent_covered": 100.0, "percent_covered_display": "100.00", "missing_lines": 0, "excluded_lines": 0}, "missing_lines": [], "excluded_lines": []}, "ErrorRecord": {"executed_lines": [], "summary": {"covered_lines": 0, "num_statements": 0, "percent_covered": 100.0, "percent_covered_display": "100.00", "missing_lines": 0, "excluded_lines": 0}, "missing_lines": [], "excluded_lines": []}, "ErrorSummary": {"executed_lines": [], "summary": {"covered_lines": 0, "num_statements": 0, "percent_covered": 100.0, "percent_covered_display": "100.00", "missing_lines": 0, "excluded_lines": 0}, "missing_lines": [], "excluded_lines": []}, "ErrorAggregator": {"executed_lines": [], "summary": {"covered_lines": 0, "num_statements": 36, "percent_covered": 0.0, "percent_covered_display": "0.00", "missing_lines": 36, "excluded_lines": 0}, "missing_lines": [95, 96, 97, 98, 121, 122, 125, 128, 139, 142, 143, 146, 155, 167, 176, 185, 194, 195, 196, 197, 198, 201, 202, 203, 205, 217, 218, 227, 236, 245, 254, 255, 272, 273, 274, 275], "excluded_lines": []}, "": {"executed_lines": [], "summary": {"covered_lines": 0, "num_statements": 38, "percent_covered": 0.0, "percent_covered_display": "0.00", "missing_lines": 38, "excluded_lines": 0}, "missing_lines": [8, 9, 12, 16, 17, 18, 21, 22, 23, 24, 25, 28, 29, 33, 52, 59, 60, 66, 67, 68, 69, 72, 73, 80, 81, 84, 93, 100, 148, 157, 169, 178, 187, 220, 229, 238, 247, 270], "excluded_lines": []}}}, "services/ingest.py": {"executed_lines": [1, 7, 8, 9, 10, 11, 14, 15, 16, 17, 18, 19, 22, 23, 24, 25, 26, 27, 28, 31, 32, 33, 34, 35, 36, 37, 38, 39, 40, 42, 44, 55, 56, 64, 66, 74, 75, 77, 84, 85, 86, 89, 92, 93, 94, 95, 97, 98, 103, 104, 105, 108, 109, 110, 112, 113, 118, 121, 123, 124, 125, 128, 130, 131, 138, 140, 141, 143, 144, 146, 149, 156, 158, 159, 162, 163, 164, 165, 167, 170, 172, 174, 176, 187, 189, 191, 194, 195, 196, 197, 204, 207, 208, 209, 214, 217, 220, 227, 233, 236, 240, 246, 253, 256, 257, 264, 280, 281, 282, 283, 284, 286, 293, 295, 296, 297, 298, 299, 300, 302, 303, 304, 305, 307, 309, 310, 313, 314, 315, 318, 319, 321, 324, 325, 326, 328, 329, 331, 332, 333, 334, 336, 337, 338, 340, 341, 343, 346, 347, 349, 350, 353, 354, 355, 356, 357, 358, 359, 360, 361, 362, 363, 364, 365, 367, 370, 371, 372, 381, 386, 388, 398, 406, 407, 408, 411, 412, 414, 417, 418, 419, 420, 421, 422, 423, 426, 427, 428, 429, 430, 431, 432, 435, 436, 442, 464, 472, 473, 480, 505, 571, 678, 693, 702], "summary": {"covered_lines": 188, "num_statements": 273, "percent_covered": 68.86446886446886, "percent_covered_display": "68.86", "missing_lines": 85, "excluded_lines": 0}, "missing_lines": [100, 133, 221, 228, 241, 247, 368, 369, 374, 375, 377, 378, 458, 459, 460, 461, 462, 466, 467, 468, 469, 492, 493, 494, 495, 496, 497, 500, 501, 503, 516, 519, 528, 530, 531, 532, 534, 539, 541, 548, 549, 556, 557, 563, 565, 583, 584, 591, 592, 601, 609, 610, 611, 612, 613, 615, 619, 620, 623, 626, 627, 634, 641, 642, 643, 645, 647, 649, 651, 653, 654, 656, 657, 658, 665, 672, 673, 674, 676, 691, 700, 709, 710, 711, 712], "excluded_lines": [], "functions": {"LineEndingResult.to_audit_dict": {"executed_lines": [44], "summary": {"covered_lines": 1, "num_statements": 1, "percent_covered": 100.0, "percent_covered_display": "100.00", "missing_lines": 0, "excluded_lines": 0}, "missing_lines": [], "excluded_lines": []}, "UTF8Validator.__init__": {"executed_lines": [74, 75], "summary": {"covered_lines": 2, "num_statements": 2, "percent_covered": 100.0, "percent_covered_display": "100.00", "missing_lines": 0, "excluded_lines": 0}, "missing_lines": [], "excluded_lines": []}, "UTF8Validator.validate": {"executed_lines": [84, 85, 86, 89, 92, 93, 94, 95, 97, 98, 103, 104, 105, 108, 109, 110, 112, 113, 118, 121, 123, 124, 125, 128, 130, 131, 138, 140, 141, 143, 144, 146, 149, 156, 158, 159, 162, 163, 164, 165, 167, 170, 172, 174], "summary": {"covered_lines": 44, "num_statements": 46, "percent_covered": 95.65217391304348, "percent_covered_display": "95.65", "missing_lines": 2, "excluded_lines": 0}, "missing_lines": [100, 133], "excluded_lines": []}, "UTF8Validator._validate_sequence": {"executed_lines": [187, 189, 191, 194, 195, 196, 197, 204, 207, 208, 209, 214, 217, 220, 227, 233, 236, 240, 246, 253], "summary": {"covered_lines": 20, "num_statements": 24, "percent_covered": 83.33333333333333, "percent_covered_display": "83.33", "missing_lines": 4, "excluded_lines": 0}, "missing_lines": [221, 228, 241, 247], "excluded_lines": []}, "CRLFDetector.__init__": {"executed_lines": [280, 281, 282, 283, 284], "summary": {"covered_lines": 5, "num_statements": 5, "percent_covered": 100.0, "percent_covered_display": "100.00", "missing_lines": 0, "excluded_lines": 0}, "missing_lines": [], "excluded_lines": []}, "CRLFDetector.detect": {"executed_lines": [293, 295, 296, 297, 298, 299, 300, 302, 303, 304, 305, 307, 309, 310, 313, 314, 315, 318, 319, 321, 324, 325, 326, 328, 329, 331, 332, 333, 334, 336, 337, 338, 340, 341, 343, 346, 347, 349, 350, 353, 354, 355, 356, 357, 358, 359, 360, 361, 362, 363, 364, 365, 367, 370, 371, 372, 381, 386, 388], "summary": {"covered_lines": 59, "num_statements": 65, "percent_covered": 90.76923076923077, "percent_covered_display": "90.77", "missing_lines": 6, "excluded_lines": 0}, "missing_lines": [368, 369, 374, 375, 377, 378], "excluded_lines": []}, "CRLFDetector.normalize": {"executed_lines": [406, 407, 408, 411, 412, 414], "summary": {"covered_lines": 6, "num_statements": 6, "percent_covered": 100.0, "percent_covered_display": "100.00", "missing_lines": 0, "excluded_lines": 0}, "missing_lines": [], "excluded_lines": []}, "ParserError.__init__": {"executed_lines": [], "summary": {"covered_lines": 0, "num_statements": 5, "percent_covered": 0.0, "percent_covered_display": "0.00", "missing_lines": 5, "excluded_lines": 0}, "missing_lines": [458, 459, 460, 461, 462], "excluded_lines": []}, "ParserError.__str__": {"executed_lines": [], "summary": {"covered_lines": 0, "num_statements": 4, "percent_covered": 0.0, "percent_covered_display": "0.00", "missing_lines": 4, "excluded_lines": 0}, "missing_lines": [466, 467, 468, 469], "excluded_lines": []}, "CSVParser.__init__": {"executed_lines": [], "summary": {"covered_lines": 0, "num_statements": 9, "percent_covered": 0.0, "percent_covered_display": "0.00", "missing_lines": 9, "excluded_lines": 0}, "missing_lines": [492, 493, 494, 495, 496, 497, 500, 501, 503], "excluded_lines": []}, "CSVParser.parse_header": {"executed_lines": [], "summary": {"covered_lines": 0, "num_statements": 15, "percent_covered": 0.0, "percent_covered_display": "0.00", "missing_lines": 15, "excluded_lines": 0}, "missing_lines": [516, 519, 528, 530, 531, 532, 534, 539, 541, 548, 549, 556, 557, 563, 565], "excluded_lines": []}, "CSVParser.parse_rows": {"executed_lines": [], "summary": {"covered_lines": 0, "num_statements": 34, "percent_covered": 0.0, "percent_covered_display": "0.00", "missing_lines": 34, "excluded_lines": 0}, "missing_lines": [583, 584, 591, 592, 601, 609, 610, 611, 612, 613, 615, 619, 620, 623, 626, 627, 634, 641, 642, 643, 645, 647, 649, 651, 653, 654, 656, 657, 658, 665, 672, 673, 674, 676], "excluded_lines": []}, "CSVParser._validate_quoting": {"executed_lines": [], "summary": {"covered_lines": 0, "num_statements": 1, "percent_covered": 0.0, "percent_covered_display": "0.00", "missing_lines": 1, "excluded_lines": 0}, "missing_lines": [691], "excluded_lines": []}, "CSVParser.get_errors": {"executed_lines": [], "summary": {"covered_lines": 0, "num_statements": 1, "percent_covered": 0.0, "percent_covered_display": "0.00", "missing_lines": 1, "excluded_lines": 0}, "missing_lines": [700], "excluded_lines": []}, "CSVParser.get_error_rollup": {"executed_lines": [], "summary": {"covered_lines": 0, "num_statements": 4, "percent_covered": 0.0, "percent_covered_display": "0.00", "missing_lines": 4, "excluded_lines": 0}, "missing_lines": [709, 710, 711, 712], "excluded_lines": []}, "": {"executed_lines": [1, 7, 8, 9, 10, 11, 14, 15, 16, 17, 18, 19, 22, 23, 24, 25, 26, 27, 28, 31, 32, 33, 34, 35, 36, 37, 38, 39, 40, 42, 55, 56, 64, 66, 77, 176, 256, 257, 264, 286, 398, 417, 418, 419, 420, 421, 422, 423, 426, 427, 428, 429, 430, 431, 432, 435, 436, 442, 464, 472, 473, 480, 505, 571, 678, 693, 702], "summary": {"covered_lines": 51, "num_statements": 51, "percent_covered": 100.0, "percent_covered_display": "100.00", "missing_lines": 0, "excluded_lines": 0}, "missing_lines": [], "excluded_lines": []}}, "classes": {"LineEndingStyle": {"executed_lines": [], "summary": {"covered_lines": 0, "num_statements": 0, "percent_covered": 100.0, "percent_covered_display": "100.00", "missing_lines": 0, "excluded_lines": 0}, "missing_lines": [], "excluded_lines": []}, "ValidationResult": {"executed_lines": [], "summary": {"covered_lines": 0, "num_statements": 0, "percent_covered": 100.0, "percent_covered_display": "100.00", "missing_lines": 0, "excluded_lines": 0}, "missing_lines": [], "excluded_lines": []}, "LineEndingResult": {"executed_lines": [44], "summary": {"covered_lines": 1, "num_statements": 1, "percent_covered": 100.0, "percent_covered_display": "100.00", "missing_lines": 0, "excluded_lines": 0}, "missing_lines": [], "excluded_lines": []}, "UTF8Validator": {"executed_lines": [74, 75, 84, 85, 86, 89, 92, 93, 94, 95, 97, 98, 103, 104, 105, 108, 109, 110, 112, 113, 118, 121, 123, 124, 125, 128, 130, 131, 138, 140, 141, 143, 144, 146, 149, 156, 158, 159, 162, 163, 164, 165, 167, 170, 172, 174, 187, 189, 191, 194, 195, 196, 197, 204, 207, 208, 209, 214, 217, 220, 227, 233, 236, 240, 246, 253], "summary": {"covered_lines": 66, "num_statements": 72, "percent_covered": 91.66666666666667, "percent_covered_display": "91.67", "missing_lines": 6, "excluded_lines": 0}, "missing_lines": [100, 133, 221, 228, 241, 247], "excluded_lines": []}, "CRLFDetector": {"executed_lines": [280, 281, 282, 283, 284, 293, 295, 296, 297, 298, 299, 300, 302, 303, 304, 305, 307, 309, 310, 313, 314, 315, 318, 319, 321, 324, 325, 326, 328, 329, 331, 332, 333, 334, 336, 337, 338, 340, 341, 343, 346, 347, 349, 350, 353, 354, 355, 356, 357, 358, 359, 360, 361, 362, 363, 364, 365, 367, 370, 371, 372, 381, 386, 388, 406, 407, 408, 411, 412, 414], "summary": {"covered_lines": 70, "num_statements": 76, "percent_covered": 92.10526315789474, "percent_covered_display": "92.11", "missing_lines": 6, "excluded_lines": 0}, "missing_lines": [368, 369, 374, 375, 377, 378], "excluded_lines": []}, "ParserConfig": {"executed_lines": [], "summary": {"covered_lines": 0, "num_statements": 0, "percent_covered": 100.0, "percent_covered_display": "100.00", "missing_lines": 0, "excluded_lines": 0}, "missing_lines": [], "excluded_lines": []}, "ParserResult": {"executed_lines": [], "summary": {"covered_lines": 0, "num_statements": 0, "percent_covered": 100.0, "percent_covered_display": "100.00", "missing_lines": 0, "excluded_lines": 0}, "missing_lines": [], "excluded_lines": []}, "ParserError": {"executed_lines": [], "summary": {"covered_lines": 0, "num_statements": 9, "percent_covered": 0.0, "percent_covered_display": "0.00", "missing_lines": 9, "excluded_lines": 0}, "missing_lines": [458, 459, 460, 461, 462, 466, 467, 468, 469], "excluded_lines": []}, "CSVParser": {"executed_lines": [], "summary": {"covered_lines": 0, "num_statements": 64, "percent_covered": 0.0, "percent_covered_display": "0.00", "missing_lines": 64, "excluded_lines": 0}, "missing_lines": [492, 493, 494, 495, 496, 497, 500, 501, 503, 516, 519, 528, 530, 531, 532, 534, 539, 541, 548, 549, 556, 557, 563, 565, 583, 584, 591, 592, 601, 609, 610, 611, 612, 613, 615, 619, 620, 623, 626, 627, 634, 641, 642, 643, 645, 647, 649, 651, 653, 654, 656, 657, 658, 665, 672, 673, 674, 676, 691, 700, 709, 710, 711, 712], "excluded_lines": []}, "": {"executed_lines": [1, 7, 8, 9, 10, 11, 14, 15, 16, 17, 18, 19, 22, 23, 24, 25, 26, 27, 28, 31, 32, 33, 34, 35, 36, 37, 38, 39, 40, 42, 55, 56, 64, 66, 77, 176, 256, 257, 264, 286, 398, 417, 418, 419, 420, 421, 422, 423, 426, 427, 428, 429, 430, 431, 432, 435, 436, 442, 464, 472, 473, 480, 505, 571, 678, 693, 702], "summary": {"covered_lines": 51, "num_statements": 51, "percent_covered": 100.0, "percent_covered_display": "100.00", "missing_lines": 0, "excluded_lines": 0}, "missing_lines": [], "excluded_lines": []}}}, "services/keys.py": {"executed_lines": [], "summary": {"covered_lines": 0, "num_statements": 182, "percent_covered": 0.0, "percent_covered_display": "0.00", "missing_lines": 182, "excluded_lines": 0}, "missing_lines": [10, 11, 12, 13, 14, 15, 16, 19, 20, 34, 35, 36, 37, 38, 41, 49, 63, 64, 65, 67, 89, 90, 92, 93, 94, 96, 98, 117, 120, 121, 122, 123, 126, 127, 129, 132, 133, 135, 138, 139, 141, 150, 151, 152, 153, 154, 156, 157, 159, 162, 163, 164, 165, 166, 168, 170, 171, 180, 181, 182, 183, 184, 186, 187, 189, 192, 193, 194, 195, 196, 198, 200, 201, 210, 215, 216, 219, 222, 230, 246, 247, 248, 249, 250, 251, 252, 254, 269, 270, 273, 274, 277, 278, 279, 281, 283, 284, 286, 287, 288, 289, 290, 291, 294, 295, 296, 299, 300, 303, 306, 307, 309, 310, 311, 314, 316, 317, 318, 321, 323, 324, 327, 328, 329, 338, 339, 341, 350, 363, 364, 366, 368, 369, 372, 373, 374, 377, 378, 381, 389, 394, 396, 404, 405, 407, 410, 411, 413, 421, 422, 423, 425, 432, 433, 435, 436, 438, 439, 440, 442, 444, 451, 452, 454, 455, 463, 464, 465, 470, 472, 474, 475, 476, 478, 479, 480, 481, 483, 485, 487, 489, 490], "excluded_lines": [], "functions": {"CandidateKeyAnalyzer.__init__": {"executed_lines": [], "summary": {"covered_lines": 0, "num_statements": 3, "percent_covered": 0.0, "percent_covered_display": "0.00", "missing_lines": 3, "excluded_lines": 0}, "missing_lines": [63, 64, 65], "excluded_lines": []}, "CandidateKeyAnalyzer.calculate_score": {"executed_lines": [], "summary": {"covered_lines": 0, "num_statements": 6, "percent_covered": 0.0, "percent_covered_display": "0.00", "missing_lines": 6, "excluded_lines": 0}, "missing_lines": [89, 90, 92, 93, 94, 96], "excluded_lines": []}, "CandidateKeyAnalyzer.suggest_candidates": {"executed_lines": [], "summary": {"covered_lines": 0, "num_statements": 50, "percent_covered": 0.0, "percent_covered_display": "0.00", "missing_lines": 50, "excluded_lines": 0}, "missing_lines": [117, 120, 121, 122, 123, 126, 127, 129, 132, 133, 135, 138, 139, 141, 150, 151, 152, 153, 154, 156, 157, 159, 162, 163, 164, 165, 166, 168, 170, 171, 180, 181, 182, 183, 184, 186, 187, 189, 192, 193, 194, 195, 196, 198, 200, 201, 210, 215, 216, 219], "excluded_lines": []}, "DuplicateDetector.__init__": {"executed_lines": [], "summary": {"covered_lines": 0, "num_statements": 7, "percent_covered": 0.0, "percent_covered_display": "0.00", "missing_lines": 7, "excluded_lines": 0}, "missing_lines": [246, 247, 248, 249, 250, 251, 252], "excluded_lines": []}, "DuplicateDetector.find_duplicates": {"executed_lines": [], "summary": {"covered_lines": 0, "num_statements": 40, "percent_covered": 0.0, "percent_covered_display": "0.00", "missing_lines": 40, "excluded_lines": 0}, "missing_lines": [269, 270, 273, 274, 277, 278, 279, 281, 283, 284, 286, 287, 288, 289, 290, 291, 294, 295, 296, 299, 300, 303, 306, 307, 309, 310, 311, 314, 316, 317, 318, 321, 323, 324, 327, 328, 329, 338, 339, 341], "excluded_lines": []}, "DuplicateDetector._create_compound_hash": {"executed_lines": [], "summary": {"covered_lines": 0, "num_statements": 2, "percent_covered": 0.0, "percent_covered_display": "0.00", "missing_lines": 2, "excluded_lines": 0}, "missing_lines": [363, 364], "excluded_lines": []}, "DuplicateDetector._init_sqlite_storage": {"executed_lines": [], "summary": {"covered_lines": 0, "num_statements": 10, "percent_covered": 0.0, "percent_covered_display": "0.00", "missing_lines": 10, "excluded_lines": 0}, "missing_lines": [368, 369, 372, 373, 374, 377, 378, 381, 389, 394], "excluded_lines": []}, "DuplicateDetector._insert_or_increment_sqlite": {"executed_lines": [], "summary": {"covered_lines": 0, "num_statements": 9, "percent_covered": 0.0, "percent_covered_display": "0.00", "missing_lines": 9, "excluded_lines": 0}, "missing_lines": [404, 405, 407, 410, 411, 413, 421, 422, 423], "excluded_lines": []}, "DuplicateDetector._get_duplicate_counts_sqlite": {"executed_lines": [], "summary": {"covered_lines": 0, "num_statements": 8, "percent_covered": 0.0, "percent_covered_display": "0.00", "missing_lines": 8, "excluded_lines": 0}, "missing_lines": [432, 433, 435, 436, 438, 439, 440, 442], "excluded_lines": []}, "DuplicateDetector._get_duplicate_examples_sqlite": {"executed_lines": [], "summary": {"covered_lines": 0, "num_statements": 8, "percent_covered": 0.0, "percent_covered_display": "0.00", "missing_lines": 8, "excluded_lines": 0}, "missing_lines": [451, 452, 454, 455, 463, 464, 465, 470], "excluded_lines": []}, "DuplicateDetector.cleanup": {"executed_lines": [], "summary": {"covered_lines": 0, "num_statements": 9, "percent_covered": 0.0, "percent_covered_display": "0.00", "missing_lines": 9, "excluded_lines": 0}, "missing_lines": [474, 475, 476, 478, 479, 480, 481, 483, 485], "excluded_lines": []}, "DuplicateDetector.__del__": {"executed_lines": [], "summary": {"covered_lines": 0, "num_statements": 2, "percent_covered": 0.0, "percent_covered_display": "0.00", "missing_lines": 2, "excluded_lines": 0}, "missing_lines": [489, 490], "excluded_lines": []}, "": {"executed_lines": [], "summary": {"covered_lines": 0, "num_statements": 28, "percent_covered": 0.0, "percent_covered_display": "0.00", "missing_lines": 28, "excluded_lines": 0}, "missing_lines": [10, 11, 12, 13, 14, 15, 16, 19, 20, 34, 35, 36, 37, 38, 41, 49, 67, 98, 222, 230, 254, 350, 366, 396, 425, 444, 472, 487], "excluded_lines": []}}, "classes": {"DuplicateDetectionResult": {"executed_lines": [], "summary": {"covered_lines": 0, "num_statements": 0, "percent_covered": 100.0, "percent_covered_display": "100.00", "missing_lines": 0, "excluded_lines": 0}, "missing_lines": [], "excluded_lines": []}, "CandidateKeyAnalyzer": {"executed_lines": [], "summary": {"covered_lines": 0, "num_statements": 59, "percent_covered": 0.0, "percent_covered_display": "0.00", "missing_lines": 59, "excluded_lines": 0}, "missing_lines": [63, 64, 65, 89, 90, 92, 93, 94, 96, 117, 120, 121, 122, 123, 126, 127, 129, 132, 133, 135, 138, 139, 141, 150, 151, 152, 153, 154, 156, 157, 159, 162, 163, 164, 165, 166, 168, 170, 171, 180, 181, 182, 183, 184, 186, 187, 189, 192, 193, 194, 195, 196, 198, 200, 201, 210, 215, 216, 219], "excluded_lines": []}, "DuplicateDetector": {"executed_lines": [], "summary": {"covered_lines": 0, "num_statements": 95, "percent_covered": 0.0, "percent_covered_display": "0.00", "missing_lines": 95, "excluded_lines": 0}, "missing_lines": [246, 247, 248, 249, 250, 251, 252, 269, 270, 273, 274, 277, 278, 279, 281, 283, 284, 286, 287, 288, 289, 290, 291, 294, 295, 296, 299, 300, 303, 306, 307, 309, 310, 311, 314, 316, 317, 318, 321, 323, 324, 327, 328, 329, 338, 339, 341, 363, 364, 368, 369, 372, 373, 374, 377, 378, 381, 389, 394, 404, 405, 407, 410, 411, 413, 421, 422, 423, 432, 433, 435, 436, 438, 439, 440, 442, 451, 452, 454, 455, 463, 464, 465, 470, 474, 475, 476, 478, 479, 480, 481, 483, 485, 489, 490], "excluded_lines": []}, "": {"executed_lines": [], "summary": {"covered_lines": 0, "num_statements": 28, "percent_covered": 0.0, "percent_covered_display": "0.00", "missing_lines": 28, "excluded_lines": 0}, "missing_lines": [10, 11, 12, 13, 14, 15, 16, 19, 20, 34, 35, 36, 37, 38, 41, 49, 67, 98, 222, 230, 254, 350, 366, 396, 425, 444, 472, 487], "excluded_lines": []}}}, "services/profile.py": {"executed_lines": [1, 16, 17, 18, 19, 20, 21, 22, 25, 26, 28, 29, 36, 37, 38, 39, 40, 41, 42, 43, 44, 45, 46, 47, 48, 49, 50, 53, 54, 55, 56, 57, 58, 59, 60, 61, 62, 63, 66, 67, 68, 69, 70, 71, 72, 73, 74, 75, 76, 77, 78, 79, 80, 81, 82, 83, 86, 87, 88, 89, 90, 91, 92, 93, 94, 95, 96, 97, 98, 99, 101, 103, 104, 113, 114, 115, 116, 117, 120, 121, 122, 123, 124, 125, 126, 133, 134, 141, 143, 144, 145, 146, 148, 155, 156, 157, 158, 159, 162, 164, 171, 174, 175, 176, 178, 185, 188, 190, 200, 202, 204, 206, 207, 218, 221, 222, 223, 225, 226, 228, 229, 230, 237, 238, 245, 247, 254, 255, 256, 257, 258, 259, 261, 269, 274, 279, 280, 286, 289, 290, 291, 292, 294, 301, 302, 303, 306, 309, 311, 326, 333, 336, 340, 344, 345, 347, 349, 350, 352, 354, 355, 356, 357, 359, 361, 368, 370, 389, 390, 396, 413, 454, 483, 484, 490, 492, 494, 495, 496, 497, 498, 499, 500, 501, 502, 504, 514, 516, 526, 531, 534, 535, 537, 585, 595, 596, 599, 600, 601, 603, 606, 607, 608, 610, 613, 614, 615, 616, 617, 619, 620, 621, 622, 623, 625, 626, 627, 628, 629, 632, 634, 635, 636, 637, 638, 639, 640, 647, 648, 649, 663, 680, 681, 689, 699, 701, 717, 718, 719, 720, 723, 724, 725, 726, 727, 728, 729, 730, 731, 732, 733, 735, 745, 747, 787, 798, 802, 803, 804, 805, 806, 821, 831, 832, 834, 835, 839, 842, 843, 844, 845, 846, 847, 852, 853, 862, 866, 867, 868, 871, 872, 879, 882, 889, 900, 901, 902, 903, 905, 917, 918, 919, 921, 922, 925, 928, 930, 931, 932, 935, 936, 937, 938, 941, 944, 949, 950, 951, 953, 954, 955, 957, 971, 974, 975, 976, 979, 980, 982, 1005, 1006, 1012, 1014, 1015, 1017, 1024, 1026, 1033, 1040, 1041, 1047, 1049, 1050, 1052, 1059, 1061, 1068, 1075, 1076, 1077, 1078, 1079, 1080, 1081, 1082, 1083, 1084, 1085, 1086, 1089, 1090, 1096, 1103, 1104, 1105, 1106, 1107, 1108, 1109, 1111, 1119, 1120, 1121, 1123, 1124, 1127, 1130, 1131, 1133, 1134, 1135, 1136, 1138, 1146, 1149, 1152, 1155, 1156, 1158], "summary": {"covered_lines": 362, "num_statements": 500, "percent_covered": 72.4, "percent_covered_display": "72.40", "missing_lines": 138, "excluded_lines": 0}, "missing_lines": [27, 172, 186, 203, 219, 270, 271, 275, 276, 281, 282, 283, 334, 337, 341, 372, 375, 377, 379, 380, 381, 382, 403, 404, 405, 406, 407, 408, 409, 410, 411, 421, 422, 423, 425, 426, 429, 432, 433, 435, 436, 437, 438, 441, 442, 443, 445, 446, 447, 448, 449, 450, 451, 452, 462, 465, 467, 527, 532, 547, 548, 551, 552, 556, 557, 561, 562, 566, 567, 572, 573, 574, 575, 580, 643, 644, 758, 759, 762, 763, 764, 765, 766, 768, 769, 770, 771, 772, 775, 776, 777, 778, 779, 780, 781, 782, 783, 785, 799, 807, 808, 811, 812, 813, 814, 815, 816, 817, 819, 836, 837, 848, 849, 854, 855, 857, 858, 859, 860, 863, 876, 880, 907, 908, 923, 942, 943, 945, 946, 959, 961, 962, 963, 964, 965, 966, 967, 968], "excluded_lines": [], "functions": {"MoneyValidationResult.get_summary": {"executed_lines": [103, 104], "summary": {"covered_lines": 2, "num_statements": 2, "percent_covered": 100.0, "percent_covered_display": "100.00", "missing_lines": 0, "excluded_lines": 0}, "missing_lines": [], "excluded_lines": []}, "WelfordAggregator.__init__": {"executed_lines": [143, 144, 145, 146], "summary": {"covered_lines": 4, "num_statements": 4, "percent_covered": 100.0, "percent_covered_display": "100.00", "missing_lines": 0, "excluded_lines": 0}, "missing_lines": [], "excluded_lines": []}, "WelfordAggregator.update": {"executed_lines": [155, 156, 157, 158, 159, 162], "summary": {"covered_lines": 6, "num_statements": 6, "percent_covered": 100.0, "percent_covered_display": "100.00", "missing_lines": 0, "excluded_lines": 0}, "missing_lines": [], "excluded_lines": []}, "WelfordAggregator.finalize": {"executed_lines": [171, 174, 175, 176], "summary": {"covered_lines": 4, "num_statements": 5, "percent_covered": 80.0, "percent_covered_display": "80.00", "missing_lines": 1, "excluded_lines": 0}, "missing_lines": [172], "excluded_lines": []}, "WelfordAggregator.get_quantiles": {"executed_lines": [185, 188, 190], "summary": {"covered_lines": 3, "num_statements": 4, "percent_covered": 75.0, "percent_covered_display": "75.00", "missing_lines": 1, "excluded_lines": 0}, "missing_lines": [186], "excluded_lines": []}, "WelfordAggregator.get_median": {"executed_lines": [202, 204], "summary": {"covered_lines": 2, "num_statements": 3, "percent_covered": 66.66666666666667, "percent_covered_display": "66.67", "missing_lines": 1, "excluded_lines": 0}, "missing_lines": [203], "excluded_lines": []}, "WelfordAggregator._percentile": {"executed_lines": [218, 221, 222, 223, 225, 226, 228, 229, 230], "summary": {"covered_lines": 9, "num_statements": 10, "percent_covered": 90.0, "percent_covered_display": "90.00", "missing_lines": 1, "excluded_lines": 0}, "missing_lines": [219], "excluded_lines": []}, "NumericProfiler.__init__": {"executed_lines": [254, 255, 256, 257, 258, 259], "summary": {"covered_lines": 6, "num_statements": 6, "percent_covered": 100.0, "percent_covered_display": "100.00", "missing_lines": 0, "excluded_lines": 0}, "missing_lines": [], "excluded_lines": []}, "NumericProfiler.update": {"executed_lines": [269, 274, 279, 280, 286, 289, 290, 291, 292], "summary": {"covered_lines": 9, "num_statements": 16, "percent_covered": 56.25, "percent_covered_display": "56.25", "missing_lines": 7, "excluded_lines": 0}, "missing_lines": [270, 271, 275, 276, 281, 282, 283], "excluded_lines": []}, "NumericProfiler.finalize": {"executed_lines": [301, 302, 303, 306, 309, 311], "summary": {"covered_lines": 6, "num_statements": 6, "percent_covered": 100.0, "percent_covered_display": "100.00", "missing_lines": 0, "excluded_lines": 0}, "missing_lines": [], "excluded_lines": []}, "NumericProfiler._compute_histogram": {"executed_lines": [333, 336, 340, 344, 345, 347, 349, 350, 352, 354, 355, 356, 357, 359], "summary": {"covered_lines": 14, "num_statements": 17, "percent_covered": 82.3529411764706, "percent_covered_display": "82.35", "missing_lines": 3, "excluded_lines": 0}, "missing_lines": [334, 337, 341], "excluded_lines": []}, "NumericProfiler._test_gaussian": {"executed_lines": [368, 370], "summary": {"covered_lines": 2, "num_statements": 9, "percent_covered": 22.22222222222222, "percent_covered_display": "22.22", "missing_lines": 7, "excluded_lines": 0}, "missing_lines": [372, 375, 377, 379, 380, 381, 382], "excluded_lines": []}, "StringProfiler.__init__": {"executed_lines": [], "summary": {"covered_lines": 0, "num_statements": 9, "percent_covered": 0.0, "percent_covered_display": "0.00", "missing_lines": 9, "excluded_lines": 0}, "missing_lines": [403, 404, 405, 406, 407, 408, 409, 410, 411], "excluded_lines": []}, "StringProfiler.update": {"executed_lines": [], "summary": {"covered_lines": 0, "num_statements": 23, "percent_covered": 0.0, "percent_covered_display": "0.00", "missing_lines": 23, "excluded_lines": 0}, "missing_lines": [421, 422, 423, 425, 426, 429, 432, 433, 435, 436, 437, 438, 441, 442, 443, 445, 446, 447, 448, 449, 450, 451, 452], "excluded_lines": []}, "StringProfiler.finalize": {"executed_lines": [], "summary": {"covered_lines": 0, "num_statements": 3, "percent_covered": 0.0, "percent_covered_display": "0.00", "missing_lines": 3, "excluded_lines": 0}, "missing_lines": [462, 465, 467], "excluded_lines": []}, "MoneyValidator.__init__": {"executed_lines": [494, 495, 496, 497, 498, 499, 500, 501, 502], "summary": {"covered_lines": 9, "num_statements": 9, "percent_covered": 100.0, "percent_covered_display": "100.00", "missing_lines": 0, "excluded_lines": 0}, "missing_lines": [], "excluded_lines": []}, "MoneyValidator.is_null": {"executed_lines": [514], "summary": {"covered_lines": 1, "num_statements": 1, "percent_covered": 100.0, "percent_covered_display": "100.00", "missing_lines": 0, "excluded_lines": 0}, "missing_lines": [], "excluded_lines": []}, "MoneyValidator.is_valid": {"executed_lines": [526, 531, 534, 535], "summary": {"covered_lines": 4, "num_statements": 6, "percent_covered": 66.66666666666667, "percent_covered_display": "66.67", "missing_lines": 2, "excluded_lines": 0}, "missing_lines": [527, 532], "excluded_lines": []}, "MoneyValidator.validate_value": {"executed_lines": [], "summary": {"covered_lines": 0, "num_statements": 15, "percent_covered": 0.0, "percent_covered_display": "0.00", "missing_lines": 15, "excluded_lines": 0}, "missing_lines": [547, 548, 551, 552, 556, 557, 561, 562, 566, 567, 572, 573, 574, 575, 580], "excluded_lines": []}, "MoneyValidator.validate_column": {"executed_lines": [595, 596, 599, 600, 601, 603, 606, 607, 608, 610, 613, 614, 615, 616, 617, 619, 620, 621, 622, 623, 625, 626, 627, 628, 629, 632, 634, 635, 636, 637, 638, 639, 640, 647, 648, 649, 663], "summary": {"covered_lines": 37, "num_statements": 39, "percent_covered": 94.87179487179488, "percent_covered_display": "94.87", "missing_lines": 2, "excluded_lines": 0}, "missing_lines": [643, 644], "excluded_lines": []}, "DateValidator.__init__": {"executed_lines": [717, 718, 719, 720, 723, 724, 725, 726, 727, 728, 729, 730, 731, 732, 733], "summary": {"covered_lines": 15, "num_statements": 15, "percent_covered": 100.0, "percent_covered_display": "100.00", "missing_lines": 0, "excluded_lines": 0}, "missing_lines": [], "excluded_lines": []}, "DateValidator.is_null": {"executed_lines": [745], "summary": {"covered_lines": 1, "num_statements": 1, "percent_covered": 100.0, "percent_covered_display": "100.00", "missing_lines": 0, "excluded_lines": 0}, "missing_lines": [], "excluded_lines": []}, "DateValidator.is_valid": {"executed_lines": [], "summary": {"covered_lines": 0, "num_statements": 22, "percent_covered": 0.0, "percent_covered_display": "0.00", "missing_lines": 22, "excluded_lines": 0}, "missing_lines": [758, 759, 762, 763, 764, 765, 766, 768, 769, 770, 771, 772, 775, 776, 777, 778, 779, 780, 781, 782, 783, 785], "excluded_lines": []}, "DateValidator.parse_date": {"executed_lines": [798, 802, 803, 804, 805, 806], "summary": {"covered_lines": 6, "num_statements": 17, "percent_covered": 35.294117647058826, "percent_covered_display": "35.29", "missing_lines": 11, "excluded_lines": 0}, "missing_lines": [799, 807, 808, 811, 812, 813, 814, 815, 816, 817, 819], "excluded_lines": []}, "DateValidator.detect_format": {"executed_lines": [831, 832, 834, 835, 839, 842, 843, 844, 845, 846, 847, 852, 853, 862, 866, 867, 868, 871, 872, 879, 882], "summary": {"covered_lines": 21, "num_statements": 34, "percent_covered": 61.76470588235294, "percent_covered_display": "61.76", "missing_lines": 13, "excluded_lines": 0}, "missing_lines": [836, 837, 848, 849, 854, 855, 857, 858, 859, 860, 863, 876, 880], "excluded_lines": []}, "DateValidator.validate_column": {"executed_lines": [900, 901, 902, 903, 905, 917, 918, 919, 921, 922, 925, 928, 930, 931, 932, 935, 936, 937, 938, 941, 944, 949, 950, 951, 953, 954, 955, 957, 971, 974, 975, 976, 979, 980, 982], "summary": {"covered_lines": 35, "num_statements": 51, "percent_covered": 68.62745098039215, "percent_covered_display": "68.63", "missing_lines": 16, "excluded_lines": 0}, "missing_lines": [907, 908, 923, 942, 943, 945, 946, 959, 961, 962, 963, 964, 965, 966, 967, 968], "excluded_lines": []}, "DateProfiler.__init__": {"executed_lines": [1014, 1015], "summary": {"covered_lines": 2, "num_statements": 2, "percent_covered": 100.0, "percent_covered_display": "100.00", "missing_lines": 0, "excluded_lines": 0}, "missing_lines": [], "excluded_lines": []}, "DateProfiler.update": {"executed_lines": [1024], "summary": {"covered_lines": 1, "num_statements": 1, "percent_covered": 100.0, "percent_covered_display": "100.00", "missing_lines": 0, "excluded_lines": 0}, "missing_lines": [], "excluded_lines": []}, "DateProfiler.finalize": {"executed_lines": [1033], "summary": {"covered_lines": 1, "num_statements": 1, "percent_covered": 100.0, "percent_covered_display": "100.00", "missing_lines": 0, "excluded_lines": 0}, "missing_lines": [], "excluded_lines": []}, "MoneyProfiler.__init__": {"executed_lines": [1049, 1050], "summary": {"covered_lines": 2, "num_statements": 2, "percent_covered": 100.0, "percent_covered_display": "100.00", "missing_lines": 0, "excluded_lines": 0}, "missing_lines": [], "excluded_lines": []}, "MoneyProfiler.update": {"executed_lines": [1059], "summary": {"covered_lines": 1, "num_statements": 1, "percent_covered": 100.0, "percent_covered_display": "100.00", "missing_lines": 0, "excluded_lines": 0}, "missing_lines": [], "excluded_lines": []}, "MoneyProfiler.finalize": {"executed_lines": [1068], "summary": {"covered_lines": 1, "num_statements": 1, "percent_covered": 100.0, "percent_covered_display": "100.00", "missing_lines": 0, "excluded_lines": 0}, "missing_lines": [], "excluded_lines": []}, "CodeProfiler.__init__": {"executed_lines": [1103, 1104, 1105, 1106, 1107, 1108, 1109], "summary": {"covered_lines": 7, "num_statements": 7, "percent_covered": 100.0, "percent_covered_display": "100.00", "missing_lines": 0, "excluded_lines": 0}, "missing_lines": [], "excluded_lines": []}, "CodeProfiler.update": {"executed_lines": [1119, 1120, 1121, 1123, 1124, 1127, 1130, 1131, 1133, 1134, 1135, 1136], "summary": {"covered_lines": 12, "num_statements": 12, "percent_covered": 100.0, "percent_covered_display": "100.00", "missing_lines": 0, "excluded_lines": 0}, "missing_lines": [], "excluded_lines": []}, "CodeProfiler.finalize": {"executed_lines": [1146, 1149, 1152, 1155, 1156, 1158], "summary": {"covered_lines": 6, "num_statements": 6, "percent_covered": 100.0, "percent_covered_display": "100.00", "missing_lines": 0, "excluded_lines": 0}, "missing_lines": [], "excluded_lines": []}, "": {"executed_lines": [1, 16, 17, 18, 19, 20, 21, 22, 25, 26, 28, 29, 36, 37, 38, 39, 40, 41, 42, 43, 44, 45, 46, 47, 48, 49, 50, 53, 54, 55, 56, 57, 58, 59, 60, 61, 62, 63, 66, 67, 68, 69, 70, 71, 72, 73, 74, 75, 76, 77, 78, 79, 80, 81, 82, 83, 86, 87, 88, 89, 90, 91, 92, 93, 94, 95, 96, 97, 98, 99, 101, 113, 114, 115, 116, 117, 120, 121, 122, 123, 124, 125, 126, 133, 134, 141, 148, 164, 178, 200, 206, 207, 237, 238, 245, 247, 261, 294, 326, 361, 389, 390, 396, 413, 454, 483, 484, 490, 492, 504, 516, 537, 585, 680, 681, 689, 699, 701, 735, 747, 787, 821, 889, 1005, 1006, 1012, 1017, 1026, 1040, 1041, 1047, 1052, 1061, 1075, 1076, 1077, 1078, 1079, 1080, 1081, 1082, 1083, 1084, 1085, 1086, 1089, 1090, 1096, 1111, 1138], "summary": {"covered_lines": 133, "num_statements": 134, "percent_covered": 99.25373134328358, "percent_covered_display": "99.25", "missing_lines": 1, "excluded_lines": 0}, "missing_lines": [27], "excluded_lines": []}}, "classes": {"NumericStats": {"executed_lines": [], "summary": {"covered_lines": 0, "num_statements": 0, "percent_covered": 100.0, "percent_covered_display": "100.00", "missing_lines": 0, "excluded_lines": 0}, "missing_lines": [], "excluded_lines": []}, "StringStats": {"executed_lines": [], "summary": {"covered_lines": 0, "num_statements": 0, "percent_covered": 100.0, "percent_covered_display": "100.00", "missing_lines": 0, "excluded_lines": 0}, "missing_lines": [], "excluded_lines": []}, "DateStats": {"executed_lines": [], "summary": {"covered_lines": 0, "num_statements": 0, "percent_covered": 100.0, "percent_covered_display": "100.00", "missing_lines": 0, "excluded_lines": 0}, "missing_lines": [], "excluded_lines": []}, "MoneyValidationResult": {"executed_lines": [103, 104], "summary": {"covered_lines": 2, "num_statements": 2, "percent_covered": 100.0, "percent_covered_display": "100.00", "missing_lines": 0, "excluded_lines": 0}, "missing_lines": [], "excluded_lines": []}, "ValueValidationResult": {"executed_lines": [], "summary": {"covered_lines": 0, "num_statements": 0, "percent_covered": 100.0, "percent_covered_display": "100.00", "missing_lines": 0, "excluded_lines": 0}, "missing_lines": [], "excluded_lines": []}, "FormatDetectionResult": {"executed_lines": [], "summary": {"covered_lines": 0, "num_statements": 0, "percent_covered": 100.0, "percent_covered_display": "100.00", "missing_lines": 0, "excluded_lines": 0}, "missing_lines": [], "excluded_lines": []}, "WelfordAggregator": {"executed_lines": [143, 144, 145, 146, 155, 156, 157, 158, 159, 162, 171, 174, 175, 176, 185, 188, 190, 202, 204, 218, 221, 222, 223, 225, 226, 228, 229, 230], "summary": {"covered_lines": 28, "num_statements": 32, "percent_covered": 87.5, "percent_covered_display": "87.50", "missing_lines": 4, "excluded_lines": 0}, "missing_lines": [172, 186, 203, 219], "excluded_lines": []}, "NumericProfiler": {"executed_lines": [254, 255, 256, 257, 258, 259, 269, 274, 279, 280, 286, 289, 290, 291, 292, 301, 302, 303, 306, 309, 311, 333, 336, 340, 344, 345, 347, 349, 350, 352, 354, 355, 356, 357, 359, 368, 370], "summary": {"covered_lines": 37, "num_statements": 54, "percent_covered": 68.51851851851852, "percent_covered_display": "68.52", "missing_lines": 17, "excluded_lines": 0}, "missing_lines": [270, 271, 275, 276, 281, 282, 283, 334, 337, 341, 372, 375, 377, 379, 380, 381, 382], "excluded_lines": []}, "StringProfiler": {"executed_lines": [], "summary": {"covered_lines": 0, "num_statements": 35, "percent_covered": 0.0, "percent_covered_display": "0.00", "missing_lines": 35, "excluded_lines": 0}, "missing_lines": [403, 404, 405, 406, 407, 408, 409, 410, 411, 421, 422, 423, 425, 426, 429, 432, 433, 435, 436, 437, 438, 441, 442, 443, 445, 446, 447, 448, 449, 450, 451, 452, 462, 465, 467], "excluded_lines": []}, "MoneyValidator": {"executed_lines": [494, 495, 496, 497, 498, 499, 500, 501, 502, 514, 526, 531, 534, 535, 595, 596, 599, 600, 601, 603, 606, 607, 608, 610, 613, 614, 615, 616, 617, 619, 620, 621, 622, 623, 625, 626, 627, 628, 629, 632, 634, 635, 636, 637, 638, 639, 640, 647, 648, 649, 663], "summary": {"covered_lines": 51, "num_statements": 70, "percent_covered": 72.85714285714286, "percent_covered_display": "72.86", "missing_lines": 19, "excluded_lines": 0}, "missing_lines": [527, 532, 547, 548, 551, 552, 556, 557, 561, 562, 566, 567, 572, 573, 574, 575, 580, 643, 644], "excluded_lines": []}, "DateValidator": {"executed_lines": [717, 718, 719, 720, 723, 724, 725, 726, 727, 728, 729, 730, 731, 732, 733, 745, 798, 802, 803, 804, 805, 806, 831, 832, 834, 835, 839, 842, 843, 844, 845, 846, 847, 852, 853, 862, 866, 867, 868, 871, 872, 879, 882, 900, 901, 902, 903, 905, 917, 918, 919, 921, 922, 925, 928, 930, 931, 932, 935, 936, 937, 938, 941, 944, 949, 950, 951, 953, 954, 955, 957, 971, 974, 975, 976, 979, 980, 982], "summary": {"covered_lines": 78, "num_statements": 140, "percent_covered": 55.714285714285715, "percent_covered_display": "55.71", "missing_lines": 62, "excluded_lines": 0}, "missing_lines": [758, 759, 762, 763, 764, 765, 766, 768, 769, 770, 771, 772, 775, 776, 777, 778, 779, 780, 781, 782, 783, 785, 799, 807, 808, 811, 812, 813, 814, 815, 816, 817, 819, 836, 837, 848, 849, 854, 855, 857, 858, 859, 860, 863, 876, 880, 907, 908, 923, 942, 943, 945, 946, 959, 961, 962, 963, 964, 965, 966, 967, 968], "excluded_lines": []}, "DateProfiler": {"executed_lines": [1014, 1015, 1024, 1033], "summary": {"covered_lines": 4, "num_statements": 4, "percent_covered": 100.0, "percent_covered_display": "100.00", "missing_lines": 0, "excluded_lines": 0}, "missing_lines": [], "excluded_lines": []}, "MoneyProfiler": {"executed_lines": [1049, 1050, 1059, 1068], "summary": {"covered_lines": 4, "num_statements": 4, "percent_covered": 100.0, "percent_covered_display": "100.00", "missing_lines": 0, "excluded_lines": 0}, "missing_lines": [], "excluded_lines": []}, "CodeStats": {"executed_lines": [], "summary": {"covered_lines": 0, "num_statements": 0, "percent_covered": 100.0, "percent_covered_display": "100.00", "missing_lines": 0, "excluded_lines": 0}, "missing_lines": [], "excluded_lines": []}, "CodeProfiler": {"executed_lines": [1103, 1104, 1105, 1106, 1107, 1108, 1109, 1119, 1120, 1121, 1123, 1124, 1127, 1130, 1131, 1133, 1134, 1135, 1136, 1146, 1149, 1152, 1155, 1156, 1158], "summary": {"covered_lines": 25, "num_statements": 25, "percent_covered": 100.0, "percent_covered_display": "100.00", "missing_lines": 0, "excluded_lines": 0}, "missing_lines": [], "excluded_lines": []}, "": {"executed_lines": [1, 16, 17, 18, 19, 20, 21, 22, 25, 26, 28, 29, 36, 37, 38, 39, 40, 41, 42, 43, 44, 45, 46, 47, 48, 49, 50, 53, 54, 55, 56, 57, 58, 59, 60, 61, 62, 63, 66, 67, 68, 69, 70, 71, 72, 73, 74, 75, 76, 77, 78, 79, 80, 81, 82, 83, 86, 87, 88, 89, 90, 91, 92, 93, 94, 95, 96, 97, 98, 99, 101, 113, 114, 115, 116, 117, 120, 121, 122, 123, 124, 125, 126, 133, 134, 141, 148, 164, 178, 200, 206, 207, 237, 238, 245, 247, 261, 294, 326, 361, 389, 390, 396, 413, 454, 483, 484, 490, 492, 504, 516, 537, 585, 680, 681, 689, 699, 701, 735, 747, 787, 821, 889, 1005, 1006, 1012, 1017, 1026, 1040, 1041, 1047, 1052, 1061, 1075, 1076, 1077, 1078, 1079, 1080, 1081, 1082, 1083, 1084, 1085, 1086, 1089, 1090, 1096, 1111, 1138], "summary": {"covered_lines": 133, "num_statements": 134, "percent_covered": 99.25373134328358, "percent_covered_display": "99.25", "missing_lines": 1, "excluded_lines": 0}, "missing_lines": [27], "excluded_lines": []}}}, "services/types.py": {"executed_lines": [1, 15, 16, 17, 18, 19, 20, 21, 24, 25, 26, 28, 29, 30, 31, 32, 33, 34, 35, 38, 39, 40, 42, 43, 46, 47, 55, 56, 57, 60, 69, 70, 71, 72, 74, 81, 83, 98, 101, 102, 103, 105, 109, 110, 113, 114, 115, 117, 118, 119, 122, 127, 130, 131, 134, 138, 139, 141, 146, 153, 155, 156, 158, 168, 172, 179, 180, 182, 184, 185, 186, 187, 188, 191, 192, 193, 196, 201, 202, 203, 206, 211, 212, 213, 216, 217, 220, 230, 232, 241, 242, 245, 246, 249, 251, 254, 255, 256, 259, 282, 283, 285, 287, 289, 303, 315, 317, 329, 331, 341, 343, 356, 359, 362, 364, 380, 381, 392, 404, 405, 407, 408, 409, 413, 415, 428, 429, 433, 434, 446, 456, 457, 459, 461, 463, 480, 503, 513, 514, 516, 520, 525, 530, 533, 542, 544, 545, 546, 553], "summary": {"covered_lines": 143, "num_statements": 206, "percent_covered": 69.41747572815534, "percent_covered_display": "69.42", "missing_lines": 63, "excluded_lines": 0}, "missing_lines": [106, 123, 124, 135, 142, 143, 169, 197, 198, 207, 208, 222, 226, 227, 234, 238, 261, 264, 267, 272, 273, 274, 278, 279, 288, 293, 294, 295, 298, 301, 360, 384, 387, 388, 390, 410, 412, 437, 438, 441, 442, 444, 460, 475, 476, 477, 478, 493, 494, 495, 496, 497, 498, 500, 501, 517, 521, 522, 526, 527, 531, 547, 549], "excluded_lines": [], "functions": {"TypeInferrer.__init__": {"executed_lines": [81], "summary": {"covered_lines": 1, "num_statements": 1, "percent_covered": 100.0, "percent_covered_display": "100.00", "missing_lines": 0, "excluded_lines": 0}, "missing_lines": [], "excluded_lines": []}, "TypeInferrer.infer_column_types": {"executed_lines": [98, 101, 102, 103, 105, 109, 110, 113, 114, 115, 117, 118, 119, 122, 127, 130, 131, 134, 138, 139, 141, 146, 153, 155, 156], "summary": {"covered_lines": 25, "num_statements": 31, "percent_covered": 80.64516129032258, "percent_covered_display": "80.65", "missing_lines": 6, "excluded_lines": 0}, "missing_lines": [106, 123, 124, 135, 142, 143], "excluded_lines": []}, "TypeInferrer._detect_type": {"executed_lines": [168, 172, 179, 180, 182, 184, 185, 186, 187, 188, 191, 192, 193, 196, 201, 202, 203, 206, 211, 212, 213, 216, 217, 220, 230, 232, 241, 242, 245, 246, 249, 251, 254, 255, 256, 259, 282, 283, 285, 287, 289], "summary": {"covered_lines": 41, "num_statements": 65, "percent_covered": 63.07692307692308, "percent_covered_display": "63.08", "missing_lines": 24, "excluded_lines": 0}, "missing_lines": [169, 197, 198, 207, 208, 222, 226, 227, 234, 238, 261, 264, 267, 272, 273, 274, 278, 279, 288, 293, 294, 295, 298, 301], "excluded_lines": []}, "TypeInferrer._is_numeric": {"executed_lines": [315], "summary": {"covered_lines": 1, "num_statements": 1, "percent_covered": 100.0, "percent_covered_display": "100.00", "missing_lines": 0, "excluded_lines": 0}, "missing_lines": [], "excluded_lines": []}, "TypeInferrer._is_money": {"executed_lines": [329], "summary": {"covered_lines": 1, "num_statements": 1, "percent_covered": 100.0, "percent_covered_display": "100.00", "missing_lines": 0, "excluded_lines": 0}, "missing_lines": [], "excluded_lines": []}, "TypeInferrer._is_alpha": {"executed_lines": [341], "summary": {"covered_lines": 1, "num_statements": 1, "percent_covered": 100.0, "percent_covered_display": "100.00", "missing_lines": 0, "excluded_lines": 0}, "missing_lines": [], "excluded_lines": []}, "TypeInferrer._is_numeric_like_with_violations": {"executed_lines": [356, 359, 362], "summary": {"covered_lines": 3, "num_statements": 4, "percent_covered": 75.0, "percent_covered_display": "75.00", "missing_lines": 1, "excluded_lines": 0}, "missing_lines": [360], "excluded_lines": []}, "TypeInferrer._is_money_like_with_violations": {"executed_lines": [380, 381], "summary": {"covered_lines": 2, "num_statements": 6, "percent_covered": 33.333333333333336, "percent_covered_display": "33.33", "missing_lines": 4, "excluded_lines": 0}, "missing_lines": [384, 387, 388, 390], "excluded_lines": []}, "TypeInferrer._detect_date_format": {"executed_lines": [404, 405, 407, 408, 409, 413], "summary": {"covered_lines": 6, "num_statements": 8, "percent_covered": 75.0, "percent_covered_display": "75.00", "missing_lines": 2, "excluded_lines": 0}, "missing_lines": [410, 412], "excluded_lines": []}, "TypeInferrer._is_code_type": {"executed_lines": [428, 429, 433, 434], "summary": {"covered_lines": 4, "num_statements": 9, "percent_covered": 44.44444444444444, "percent_covered_display": "44.44", "missing_lines": 5, "excluded_lines": 0}, "missing_lines": [437, 438, 441, 442, 444], "excluded_lines": []}, "TypeInferrer._count_numeric_violations": {"executed_lines": [456, 457, 459, 461], "summary": {"covered_lines": 4, "num_statements": 5, "percent_covered": 80.0, "percent_covered_display": "80.00", "missing_lines": 1, "excluded_lines": 0}, "missing_lines": [460], "excluded_lines": []}, "TypeInferrer._has_explicit_money_violations": {"executed_lines": [], "summary": {"covered_lines": 0, "num_statements": 4, "percent_covered": 0.0, "percent_covered_display": "0.00", "missing_lines": 4, "excluded_lines": 0}, "missing_lines": [475, 476, 477, 478], "excluded_lines": []}, "TypeInferrer._has_wrong_decimal_counts": {"executed_lines": [], "summary": {"covered_lines": 0, "num_statements": 8, "percent_covered": 0.0, "percent_covered_display": "0.00", "missing_lines": 8, "excluded_lines": 0}, "missing_lines": [493, 494, 495, 496, 497, 498, 500, 501], "excluded_lines": []}, "TypeInferrer._count_money_violations": {"executed_lines": [513, 514, 516, 520, 525, 530, 533], "summary": {"covered_lines": 7, "num_statements": 13, "percent_covered": 53.84615384615385, "percent_covered_display": "53.85", "missing_lines": 6, "excluded_lines": 0}, "missing_lines": [517, 521, 522, 526, 527, 531], "excluded_lines": []}, "_lazy_import_validators": {"executed_lines": [544, 545, 546], "summary": {"covered_lines": 3, "num_statements": 5, "percent_covered": 60.0, "percent_covered_display": "60.00", "missing_lines": 2, "excluded_lines": 0}, "missing_lines": [547, 549], "excluded_lines": []}, "": {"executed_lines": [1, 15, 16, 17, 18, 19, 20, 21, 24, 25, 26, 28, 29, 30, 31, 32, 33, 34, 35, 38, 39, 40, 42, 43, 46, 47, 55, 56, 57, 60, 69, 70, 71, 72, 74, 83, 158, 303, 317, 331, 343, 364, 392, 415, 446, 463, 480, 503, 542, 553], "summary": {"covered_lines": 44, "num_statements": 44, "percent_covered": 100.0, "percent_covered_display": "100.00", "missing_lines": 0, "excluded_lines": 0}, "missing_lines": [], "excluded_lines": []}}, "classes": {"ColumnTypeInfo": {"executed_lines": [], "summary": {"covered_lines": 0, "num_statements": 0, "percent_covered": 100.0, "percent_covered_display": "100.00", "missing_lines": 0, "excluded_lines": 0}, "missing_lines": [], "excluded_lines": []}, "TypeInferenceResult": {"executed_lines": [], "summary": {"covered_lines": 0, "num_statements": 0, "percent_covered": 100.0, "percent_covered_display": "100.00", "missing_lines": 0, "excluded_lines": 0}, "missing_lines": [], "excluded_lines": []}, "TypeInferrer": {"executed_lines": [81, 98, 101, 102, 103, 105, 109, 110, 113, 114, 115, 117, 118, 119, 122, 127, 130, 131, 134, 138, 139, 141, 146, 153, 155, 156, 168, 172, 179, 180, 182, 184, 185, 186, 187, 188, 191, 192, 193, 196, 201, 202, 203, 206, 211, 212, 213, 216, 217, 220, 230, 232, 241, 242, 245, 246, 249, 251, 254, 255, 256, 259, 282, 283, 285, 287, 289, 315, 329, 341, 356, 359, 362, 380, 381, 404, 405, 407, 408, 409, 413, 428, 429, 433, 434, 456, 457, 459, 461, 513, 514, 516, 520, 525, 530, 533], "summary": {"covered_lines": 96, "num_statements": 157, "percent_covered": 61.146496815286625, "percent_covered_display": "61.15", "missing_lines": 61, "excluded_lines": 0}, "missing_lines": [106, 123, 124, 135, 142, 143, 169, 197, 198, 207, 208, 222, 226, 227, 234, 238, 261, 264, 267, 272, 273, 274, 278, 279, 288, 293, 294, 295, 298, 301, 360, 384, 387, 388, 390, 410, 412, 437, 438, 441, 442, 444, 460, 475, 476, 477, 478, 493, 494, 495, 496, 497, 498, 500, 501, 517, 521, 522, 526, 527, 531], "excluded_lines": []}, "": {"executed_lines": [1, 15, 16, 17, 18, 19, 20, 21, 24, 25, 26, 28, 29, 30, 31, 32, 33, 34, 35, 38, 39, 40, 42, 43, 46, 47, 55, 56, 57, 60, 69, 70, 71, 72, 74, 83, 158, 303, 317, 331, 343, 364, 392, 415, 446, 463, 480, 503, 542, 544, 545, 546, 553], "summary": {"covered_lines": 47, "num_statements": 49, "percent_covered": 95.91836734693878, "percent_covered_display": "95.92", "missing_lines": 2, "excluded_lines": 0}, "missing_lines": [547, 549], "excluded_lines": []}}}, "storage/workspace.py": {"executed_lines": [], "summary": {"covered_lines": 0, "num_statements": 138, "percent_covered": 0.0, "percent_covered_display": "0.00", "missing_lines": 138, "excluded_lines": 0}, "missing_lines": [7, 8, 9, 10, 11, 12, 13, 15, 18, 19, 25, 26, 27, 28, 29, 30, 31, 32, 33, 34, 36, 38, 39, 40, 41, 42, 43, 45, 47, 49, 50, 51, 52, 53, 54, 56, 57, 60, 61, 62, 63, 64, 65, 68, 76, 83, 84, 85, 87, 104, 105, 107, 117, 118, 121, 123, 125, 135, 137, 147, 149, 159, 161, 171, 173, 183, 184, 185, 187, 188, 190, 192, 199, 200, 201, 203, 217, 218, 219, 221, 223, 224, 227, 228, 229, 230, 231, 232, 234, 236, 244, 245, 246, 249, 250, 252, 254, 257, 259, 261, 269, 270, 271, 274, 275, 277, 279, 282, 284, 286, 294, 295, 296, 298, 299, 301, 313, 316, 317, 320, 321, 322, 323, 325, 327, 334, 335, 336, 338, 345, 346, 347, 348, 349, 350, 351, 353, 354], "excluded_lines": [], "functions": {"RunMetadata.__post_init__": {"executed_lines": [], "summary": {"covered_lines": 0, "num_statements": 6, "percent_covered": 0.0, "percent_covered_display": "0.00", "missing_lines": 6, "excluded_lines": 0}, "missing_lines": [38, 39, 40, 41, 42, 43], "excluded_lines": []}, "RunMetadata.to_dict": {"executed_lines": [], "summary": {"covered_lines": 0, "num_statements": 7, "percent_covered": 0.0, "percent_covered_display": "0.00", "missing_lines": 7, "excluded_lines": 0}, "missing_lines": [47, 49, 50, 51, 52, 53, 54], "excluded_lines": []}, "RunMetadata.from_dict": {"executed_lines": [], "summary": {"covered_lines": 0, "num_statements": 6, "percent_covered": 0.0, "percent_covered_display": "0.00", "missing_lines": 6, "excluded_lines": 0}, "missing_lines": [60, 61, 62, 63, 64, 65], "excluded_lines": []}, "WorkspaceManager.__init__": {"executed_lines": [], "summary": {"covered_lines": 0, "num_statements": 3, "percent_covered": 0.0, "percent_covered_display": "0.00", "missing_lines": 3, "excluded_lines": 0}, "missing_lines": [83, 84, 85], "excluded_lines": []}, "WorkspaceManager.create_run": {"executed_lines": [], "summary": {"covered_lines": 0, "num_statements": 7, "percent_covered": 0.0, "percent_covered_display": "0.00", "missing_lines": 7, "excluded_lines": 0}, "missing_lines": [104, 105, 107, 117, 118, 121, 123], "excluded_lines": []}, "WorkspaceManager.get_run_dir": {"executed_lines": [], "summary": {"covered_lines": 0, "num_statements": 1, "percent_covered": 0.0, "percent_covered_display": "0.00", "missing_lines": 1, "excluded_lines": 0}, "missing_lines": [135], "excluded_lines": []}, "WorkspaceManager.get_metadata_path": {"executed_lines": [], "summary": {"covered_lines": 0, "num_statements": 1, "percent_covered": 0.0, "percent_covered_display": "0.00", "missing_lines": 1, "excluded_lines": 0}, "missing_lines": [147], "excluded_lines": []}, "WorkspaceManager.get_uploaded_file_path": {"executed_lines": [], "summary": {"covered_lines": 0, "num_statements": 1, "percent_covered": 0.0, "percent_covered_display": "0.00", "missing_lines": 1, "excluded_lines": 0}, "missing_lines": [159], "excluded_lines": []}, "WorkspaceManager.run_exists": {"executed_lines": [], "summary": {"covered_lines": 0, "num_statements": 1, "percent_covered": 0.0, "percent_covered_display": "0.00", "missing_lines": 1, "excluded_lines": 0}, "missing_lines": [171], "excluded_lines": []}, "WorkspaceManager.load_metadata": {"executed_lines": [], "summary": {"covered_lines": 0, "num_statements": 6, "percent_covered": 0.0, "percent_covered_display": "0.00", "missing_lines": 6, "excluded_lines": 0}, "missing_lines": [183, 184, 185, 187, 188, 190], "excluded_lines": []}, "WorkspaceManager.save_metadata": {"executed_lines": [], "summary": {"covered_lines": 0, "num_statements": 3, "percent_covered": 0.0, "percent_covered_display": "0.00", "missing_lines": 3, "excluded_lines": 0}, "missing_lines": [199, 200, 201], "excluded_lines": []}, "WorkspaceManager.update_state": {"executed_lines": [], "summary": {"covered_lines": 0, "num_statements": 13, "percent_covered": 0.0, "percent_covered_display": "0.00", "missing_lines": 13, "excluded_lines": 0}, "missing_lines": [217, 218, 219, 221, 223, 224, 227, 228, 229, 230, 231, 232, 234], "excluded_lines": []}, "WorkspaceManager.add_error": {"executed_lines": [], "summary": {"covered_lines": 0, "num_statements": 9, "percent_covered": 0.0, "percent_covered_display": "0.00", "missing_lines": 9, "excluded_lines": 0}, "missing_lines": [244, 245, 246, 249, 250, 252, 254, 257, 259], "excluded_lines": []}, "WorkspaceManager.add_warning": {"executed_lines": [], "summary": {"covered_lines": 0, "num_statements": 9, "percent_covered": 0.0, "percent_covered_display": "0.00", "missing_lines": 9, "excluded_lines": 0}, "missing_lines": [269, 270, 271, 274, 275, 277, 279, 282, 284], "excluded_lines": []}, "WorkspaceManager.save_column_profiles": {"executed_lines": [], "summary": {"covered_lines": 0, "num_statements": 5, "percent_covered": 0.0, "percent_covered_display": "0.00", "missing_lines": 5, "excluded_lines": 0}, "missing_lines": [294, 295, 296, 298, 299], "excluded_lines": []}, "WorkspaceManager.save_uploaded_file": {"executed_lines": [], "summary": {"covered_lines": 0, "num_statements": 8, "percent_covered": 0.0, "percent_covered_display": "0.00", "missing_lines": 8, "excluded_lines": 0}, "missing_lines": [313, 316, 317, 320, 321, 322, 323, 325], "excluded_lines": []}, "WorkspaceManager.cleanup_run": {"executed_lines": [], "summary": {"covered_lines": 0, "num_statements": 3, "percent_covered": 0.0, "percent_covered_display": "0.00", "missing_lines": 3, "excluded_lines": 0}, "missing_lines": [334, 335, 336], "excluded_lines": []}, "WorkspaceManager.list_runs": {"executed_lines": [], "summary": {"covered_lines": 0, "num_statements": 9, "percent_covered": 0.0, "percent_covered_display": "0.00", "missing_lines": 9, "excluded_lines": 0}, "missing_lines": [345, 346, 347, 348, 349, 350, 351, 353, 354], "excluded_lines": []}, "": {"executed_lines": [], "summary": {"covered_lines": 0, "num_statements": 40, "percent_covered": 0.0, "percent_covered_display": "0.00", "missing_lines": 40, "excluded_lines": 0}, "missing_lines": [7, 8, 9, 10, 11, 12, 13, 15, 18, 19, 25, 26, 27, 28, 29, 30, 31, 32, 33, 34, 36, 45, 56, 57, 68, 76, 87, 125, 137, 149, 161, 173, 192, 203, 236, 261, 286, 301, 327, 338], "excluded_lines": []}}, "classes": {"RunMetadata": {"executed_lines": [], "summary": {"covered_lines": 0, "num_statements": 19, "percent_covered": 0.0, "percent_covered_display": "0.00", "missing_lines": 19, "excluded_lines": 0}, "missing_lines": [38, 39, 40, 41, 42, 43, 47, 49, 50, 51, 52, 53, 54, 60, 61, 62, 63, 64, 65], "excluded_lines": []}, "WorkspaceManager": {"executed_lines": [], "summary": {"covered_lines": 0, "num_statements": 79, "percent_covered": 0.0, "percent_covered_display": "0.00", "missing_lines": 79, "excluded_lines": 0}, "missing_lines": [83, 84, 85, 104, 105, 107, 117, 118, 121, 123, 135, 147, 159, 171, 183, 184, 185, 187, 188, 190, 199, 200, 201, 217, 218, 219, 221, 223, 224, 227, 228, 229, 230, 231, 232, 234, 244, 245, 246, 249, 250, 252, 254, 257, 259, 269, 270, 271, 274, 275, 277, 279, 282, 284, 294, 295, 296, 298, 299, 313, 316, 317, 320, 321, 322, 323, 325, 334, 335, 336, 345, 346, 347, 348, 349, 350, 351, 353, 354], "excluded_lines": []}, "": {"executed_lines": [], "summary": {"covered_lines": 0, "num_statements": 40, "percent_covered": 0.0, "percent_covered_display": "0.00", "missing_lines": 40, "excluded_lines": 0}, "missing_lines": [7, 8, 9, 10, 11, 12, 13, 15, 18, 19, 25, 26, 27, 28, 29, 30, 31, 32, 33, 34, 36, 45, 56, 57, 68, 76, 87, 125, 137, 149, 161, 173, 192, 203, 236, 261, 286, 301, 327, 338], "excluded_lines": []}}}}, "totals": {"covered_lines": 752, "num_statements": 2230, "percent_covered": 33.7219730941704, "percent_covered_display": "33.72", "missing_lines": 1478, "excluded_lines": 0}}